2020-07-22 18:54:45.879 ERROR 2776 --- [restartedMain] o.s.b.c.l.LoggingApplicationListener     : Cannot set level:  for 'org'
2020-07-22 18:54:45.973  INFO 2776 --- [restartedMain] tacos.TacoCloudApplication               : Starting TacoCloudApplication on DESKTOP-K1GP1I5 with PID 2776 (F:\IdeaProjects\MySpring\mySpringSample\s5\tacos\target\classes started by dell in F:\IdeaProjects\MySpring\mySpringSample\s5\tacos)
2020-07-22 18:54:45.973  INFO 2776 --- [restartedMain] tacos.TacoCloudApplication               : No active profile set, falling back to default profiles: default
2020-07-22 18:54:46.020  INFO 2776 --- [restartedMain] ConfigServletWebServerApplicationContext : Refreshing org.springframework.boot.web.servlet.context.AnnotationConfigServletWebServerApplicationContext@3cc2d5fc: startup date [Wed Jul 22 18:54:46 CST 2020]; root of context hierarchy
2020-07-22 18:54:47.171  INFO 2776 --- [restartedMain] trationDelegate$BeanPostProcessorChecker : Bean 'org.springframework.transaction.annotation.ProxyTransactionManagementConfiguration' of type [org.springframework.transaction.annotation.ProxyTransactionManagementConfiguration$$EnhancerBySpringCGLIB$$5dbf2b8] is not eligible for getting processed by all BeanPostProcessors (for example: not eligible for auto-proxying)
2020-07-22 18:54:47.492  INFO 2776 --- [restartedMain] o.s.b.w.embedded.tomcat.TomcatWebServer  : Tomcat initialized with port(s): 8080 (http)
2020-07-22 18:54:47.492  INFO 2776 --- [restartedMain] o.apache.catalina.core.StandardService   : Starting service [Tomcat]
2020-07-22 18:54:47.492  INFO 2776 --- [restartedMain] org.apache.catalina.core.StandardEngine  : Starting Servlet Engine: Apache Tomcat/8.5.32
2020-07-22 18:54:47.508  INFO 2776 --- [localhost-startStop-1] o.a.catalina.core.AprLifecycleListener   : The APR based Apache Tomcat Native library which allows optimal performance in production environments was not found on the java.library.path: [F:\JavaJdk\jdk8\bin;C:\windows\Sun\Java\bin;C:\windows\system32;C:\windows;C:\windows\system32;C:\windows;C:\windows\System32\Wbem;C:\windows\System32\WindowsPowerShell\v1.0\;C:\windows\System32\OpenSSH\;C:\Program Files\Java\jdk-13.0.2\bin;C:\Program Files\Java\jdk-13.0.2\jre\bin;C:\Program Files\MySQL\bin;F:\Maven\apache-maven-3.6.3\bin;C:\Program Files (x86)\Intel\Intel(R) Management Engine Components\DAL;C:\Program Files\Intel\Intel(R) Management Engine Components\DAL;C:\Program Files (x86)\NVIDIA Corporation\PhysX\Common;C:\Users\dell\AppData\Local\Microsoft\WindowsApps;;.]
2020-07-22 18:54:47.578  INFO 2776 --- [localhost-startStop-1] o.a.c.c.C.[Tomcat].[localhost].[/]       : Initializing Spring embedded WebApplicationContext
2020-07-22 18:54:47.578  INFO 2776 --- [localhost-startStop-1] o.s.web.context.ContextLoader            : Root WebApplicationContext: initialization completed in 1558 ms
2020-07-22 18:54:48.126  INFO 2776 --- [localhost-startStop-1] o.s.b.w.servlet.FilterRegistrationBean   : Mapping filter: 'characterEncodingFilter' to: [/*]
2020-07-22 18:54:48.126  INFO 2776 --- [localhost-startStop-1] o.s.b.w.servlet.FilterRegistrationBean   : Mapping filter: 'webMvcMetricsFilter' to: [/*]
2020-07-22 18:54:48.126  INFO 2776 --- [localhost-startStop-1] o.s.b.w.servlet.FilterRegistrationBean   : Mapping filter: 'hiddenHttpMethodFilter' to: [/*]
2020-07-22 18:54:48.126  INFO 2776 --- [localhost-startStop-1] o.s.b.w.servlet.FilterRegistrationBean   : Mapping filter: 'httpPutFormContentFilter' to: [/*]
2020-07-22 18:54:48.126  INFO 2776 --- [localhost-startStop-1] o.s.b.w.servlet.FilterRegistrationBean   : Mapping filter: 'requestContextFilter' to: [/*]
2020-07-22 18:54:48.126  INFO 2776 --- [localhost-startStop-1] .s.DelegatingFilterProxyRegistrationBean : Mapping filter: 'springSecurityFilterChain' to: [/*]
2020-07-22 18:54:48.126  INFO 2776 --- [localhost-startStop-1] o.s.b.w.servlet.FilterRegistrationBean   : Mapping filter: 'httpTraceFilter' to: [/*]
2020-07-22 18:54:48.126  INFO 2776 --- [localhost-startStop-1] o.s.b.w.servlet.ServletRegistrationBean  : Servlet dispatcherServlet mapped to [/]
2020-07-22 18:54:48.126  INFO 2776 --- [localhost-startStop-1] o.s.b.w.servlet.ServletRegistrationBean  : Servlet webServlet mapped to [/h2-console/*]
2020-07-22 18:54:48.173  INFO 2776 --- [restartedMain] com.zaxxer.hikari.HikariDataSource       : HikariPool-1 - Starting...
2020-07-22 18:54:48.236  INFO 2776 --- [restartedMain] com.zaxxer.hikari.HikariDataSource       : HikariPool-1 - Start completed.
2020-07-22 18:54:48.258  INFO 2776 --- [restartedMain] j.LocalContainerEntityManagerFactoryBean : Building JPA container EntityManagerFactory for persistence unit 'default'
2020-07-22 18:54:48.274  INFO 2776 --- [restartedMain] o.hibernate.jpa.internal.util.LogHelper  : HHH000204: Processing PersistenceUnitInfo [
	name: default
	...]
2020-07-22 18:54:48.321  INFO 2776 --- [restartedMain] org.hibernate.Version                    : HHH000412: Hibernate Core {5.2.17.Final}
2020-07-22 18:54:48.321  INFO 2776 --- [restartedMain] org.hibernate.cfg.Environment            : HHH000206: hibernate.properties not found
2020-07-22 18:54:48.352  INFO 2776 --- [restartedMain] o.hibernate.annotations.common.Version   : HCANN000001: Hibernate Commons Annotations {5.0.1.Final}
2020-07-22 18:54:48.430  INFO 2776 --- [restartedMain] org.hibernate.dialect.Dialect            : HHH000400: Using dialect: org.hibernate.dialect.H2Dialect
2020-07-22 18:54:48.833  INFO 2776 --- [restartedMain] o.h.t.schema.internal.SchemaCreatorImpl  : HHH000476: Executing import script 'org.hibernate.tool.schema.internal.exec.ScriptSourceInputNonExistentImpl@48edffcc'
2020-07-22 18:54:48.848  INFO 2776 --- [restartedMain] j.LocalContainerEntityManagerFactoryBean : Initialized JPA EntityManagerFactory for persistence unit 'default'
2020-07-22 18:54:49.304  INFO 2776 --- [restartedMain] o.s.s.web.DefaultSecurityFilterChain     : Creating filter chain: org.springframework.security.web.util.matcher.AnyRequestMatcher@1, [org.springframework.security.web.context.request.async.WebAsyncManagerIntegrationFilter@68552828, org.springframework.security.web.context.SecurityContextPersistenceFilter@1c87d4ca, org.springframework.security.web.header.HeaderWriterFilter@3ea0d26e, org.springframework.security.web.csrf.CsrfFilter@1543b082, org.springframework.security.web.authentication.logout.LogoutFilter@45b3d840, org.springframework.security.web.authentication.UsernamePasswordAuthenticationFilter@50804ff1, org.springframework.security.web.savedrequest.RequestCacheAwareFilter@3076337e, org.springframework.security.web.servletapi.SecurityContextHolderAwareRequestFilter@7d444961, org.springframework.security.web.authentication.AnonymousAuthenticationFilter@4bb784aa, org.springframework.security.web.session.SessionManagementFilter@343fffd8, org.springframework.security.web.access.ExceptionTranslationFilter@15d7f75b, org.springframework.security.web.access.intercept.FilterSecurityInterceptor@2583d3ba]
2020-07-22 18:54:49.350  INFO 2776 --- [restartedMain] o.s.w.s.handler.SimpleUrlHandlerMapping  : Mapped URL path [/**/favicon.ico] onto handler of type [class org.springframework.web.servlet.resource.ResourceHttpRequestHandler]
2020-07-22 18:54:49.508  INFO 2776 --- [restartedMain] s.w.s.m.m.a.RequestMappingHandlerAdapter : Looking for @ControllerAdvice: org.springframework.boot.web.servlet.context.AnnotationConfigServletWebServerApplicationContext@3cc2d5fc: startup date [Wed Jul 22 18:54:46 CST 2020]; root of context hierarchy
2020-07-22 18:54:49.524  WARN 2776 --- [restartedMain] aWebConfiguration$JpaWebMvcConfiguration : spring.jpa.open-in-view is enabled by default. Therefore, database queries may be performed during view rendering. Explicitly configure spring.jpa.open-in-view to disable this warning
2020-07-22 18:54:49.540  INFO 2776 --- [restartedMain] s.w.s.m.m.a.RequestMappingHandlerMapping : Mapped "{[/register],methods=[POST]}" onto public java.lang.String tacos.security.RegistrationController.processRegistration(tacos.security.RegistrationForm)
2020-07-22 18:54:49.540  INFO 2776 --- [restartedMain] s.w.s.m.m.a.RequestMappingHandlerMapping : Mapped "{[/register],methods=[GET]}" onto public java.lang.String tacos.security.RegistrationController.registerForm()
2020-07-22 18:54:49.555  INFO 2776 --- [restartedMain] s.w.s.m.m.a.RequestMappingHandlerMapping : Mapped "{[/design],methods=[GET]}" onto public java.lang.String tacos.web.DesignTacoController.showDesignForm(org.springframework.ui.Model,java.security.Principal)
2020-07-22 18:54:49.555  INFO 2776 --- [restartedMain] s.w.s.m.m.a.RequestMappingHandlerMapping : Mapped "{[/design],methods=[POST]}" onto public java.lang.String tacos.web.DesignTacoController.processDesign(tacos.Taco,org.springframework.validation.Errors,tacos.Order)
2020-07-22 18:54:49.555  INFO 2776 --- [restartedMain] s.w.s.m.m.a.RequestMappingHandlerMapping : Mapped "{[/discounts],methods=[GET]}" onto public java.lang.String tacos.web.DiscountController.displayDiscountCodes(org.springframework.ui.Model)
2020-07-22 18:54:49.555  INFO 2776 --- [restartedMain] s.w.s.m.m.a.RequestMappingHandlerMapping : Mapped "{[/orders],methods=[GET]}" onto public java.lang.String tacos.web.OrderController.ordersForUser(tacos.User,org.springframework.ui.Model)
2020-07-22 18:54:49.555  INFO 2776 --- [restartedMain] s.w.s.m.m.a.RequestMappingHandlerMapping : Mapped "{[/orders],methods=[POST]}" onto public java.lang.String tacos.web.OrderController.processOrder(tacos.Order,org.springframework.validation.Errors,org.springframework.web.bind.support.SessionStatus,tacos.User)
2020-07-22 18:54:49.555  INFO 2776 --- [restartedMain] s.w.s.m.m.a.RequestMappingHandlerMapping : Mapped "{[/orders/current],methods=[GET]}" onto public java.lang.String tacos.web.OrderController.orderForm(tacos.User,tacos.Order)
2020-07-22 18:54:49.555  INFO 2776 --- [restartedMain] s.w.s.m.m.a.RequestMappingHandlerMapping : Mapped "{[/error]}" onto public org.springframework.http.ResponseEntity<java.util.Map<java.lang.String, java.lang.Object>> org.springframework.boot.autoconfigure.web.servlet.error.BasicErrorController.error(javax.servlet.http.HttpServletRequest)
2020-07-22 18:54:49.555  INFO 2776 --- [restartedMain] s.w.s.m.m.a.RequestMappingHandlerMapping : Mapped "{[/error],produces=[text/html]}" onto public org.springframework.web.servlet.ModelAndView org.springframework.boot.autoconfigure.web.servlet.error.BasicErrorController.errorHtml(javax.servlet.http.HttpServletRequest,javax.servlet.http.HttpServletResponse)
2020-07-22 18:54:49.555  INFO 2776 --- [restartedMain] o.s.w.s.handler.SimpleUrlHandlerMapping  : Root mapping to handler of type [class org.springframework.web.servlet.mvc.ParameterizableViewController]
2020-07-22 18:54:49.555  INFO 2776 --- [restartedMain] o.s.w.s.handler.SimpleUrlHandlerMapping  : Mapped URL path [/login] onto handler of type [class org.springframework.web.servlet.mvc.ParameterizableViewController]
2020-07-22 18:54:49.571  INFO 2776 --- [restartedMain] o.s.w.s.handler.SimpleUrlHandlerMapping  : Mapped URL path [/webjars/**] onto handler of type [class org.springframework.web.servlet.resource.ResourceHttpRequestHandler]
2020-07-22 18:54:49.571  INFO 2776 --- [restartedMain] o.s.w.s.handler.SimpleUrlHandlerMapping  : Mapped URL path [/**] onto handler of type [class org.springframework.web.servlet.resource.ResourceHttpRequestHandler]
2020-07-22 18:54:49.901  INFO 2776 --- [restartedMain] o.s.b.d.a.OptionalLiveReloadServer       : LiveReload server is running on port 35729
2020-07-22 18:54:49.917  INFO 2776 --- [restartedMain] o.s.b.a.e.web.EndpointLinksResolver      : Exposing 2 endpoint(s) beneath base path '/actuator'
2020-07-22 18:54:49.932  INFO 2776 --- [restartedMain] s.b.a.e.w.s.WebMvcEndpointHandlerMapping : Mapped "{[/actuator/health],methods=[GET],produces=[application/vnd.spring-boot.actuator.v2+json || application/json]}" onto public java.lang.Object org.springframework.boot.actuate.endpoint.web.servlet.AbstractWebMvcEndpointHandlerMapping$OperationHandler.handle(javax.servlet.http.HttpServletRequest,java.util.Map<java.lang.String, java.lang.String>)
2020-07-22 18:54:49.932  INFO 2776 --- [restartedMain] s.b.a.e.w.s.WebMvcEndpointHandlerMapping : Mapped "{[/actuator/info],methods=[GET],produces=[application/vnd.spring-boot.actuator.v2+json || application/json]}" onto public java.lang.Object org.springframework.boot.actuate.endpoint.web.servlet.AbstractWebMvcEndpointHandlerMapping$OperationHandler.handle(javax.servlet.http.HttpServletRequest,java.util.Map<java.lang.String, java.lang.String>)
2020-07-22 18:54:49.932  INFO 2776 --- [restartedMain] s.b.a.e.w.s.WebMvcEndpointHandlerMapping : Mapped "{[/actuator],methods=[GET],produces=[application/vnd.spring-boot.actuator.v2+json || application/json]}" onto protected java.util.Map<java.lang.String, java.util.Map<java.lang.String, org.springframework.boot.actuate.endpoint.web.Link>> org.springframework.boot.actuate.endpoint.web.servlet.WebMvcEndpointHandlerMapping.links(javax.servlet.http.HttpServletRequest,javax.servlet.http.HttpServletResponse)
2020-07-22 18:54:49.979  INFO 2776 --- [restartedMain] o.s.j.e.a.AnnotationMBeanExporter        : Registering beans for JMX exposure on startup
2020-07-22 18:54:49.979  INFO 2776 --- [restartedMain] o.s.j.e.a.AnnotationMBeanExporter        : Bean with name 'dataSource' has been autodetected for JMX exposure
2020-07-22 18:54:49.979  INFO 2776 --- [restartedMain] o.s.j.e.a.AnnotationMBeanExporter        : Located MBean 'dataSource': registering with JMX server as MBean [com.zaxxer.hikari:name=dataSource,type=HikariDataSource]
2020-07-22 18:54:50.010  INFO 2776 --- [restartedMain] o.s.b.w.embedded.tomcat.TomcatWebServer  : Tomcat started on port(s): 8080 (http) with context path ''
2020-07-22 18:54:50.026  INFO 2776 --- [restartedMain] tacos.TacoCloudApplication               : Started TacoCloudApplication in 4.389 seconds (JVM running for 5.385)
2020-07-22 18:54:50.526  INFO 2776 --- [RMI TCP Connection(1)-192.168.1.101] o.a.c.c.C.[Tomcat].[localhost].[/]       : Initializing Spring FrameworkServlet 'dispatcherServlet'
2020-07-22 18:54:50.526  INFO 2776 --- [RMI TCP Connection(1)-192.168.1.101] o.s.web.servlet.DispatcherServlet        : FrameworkServlet 'dispatcherServlet': initialization started
2020-07-22 18:54:50.542  INFO 2776 --- [RMI TCP Connection(1)-192.168.1.101] o.s.web.servlet.DispatcherServlet        : FrameworkServlet 'dispatcherServlet': initialization completed in 16 ms
2020-07-22 18:56:43.794 ERROR 3004 --- [restartedMain] o.s.b.c.l.LoggingApplicationListener     : Cannot set level:  for 'org'
2020-07-22 18:56:43.872  INFO 3004 --- [restartedMain] tacos.TacoCloudApplication               : Starting TacoCloudApplication on DESKTOP-K1GP1I5 with PID 3004 (F:\IdeaProjects\MySpring\mySpringSample\s5\tacos\target\classes started by dell in F:\IdeaProjects\MySpring\mySpringSample\s5\tacos)
2020-07-22 18:56:43.872  INFO 3004 --- [restartedMain] tacos.TacoCloudApplication               : No active profile set, falling back to default profiles: default
2020-07-22 18:56:43.919  INFO 3004 --- [restartedMain] ConfigServletWebServerApplicationContext : Refreshing org.springframework.boot.web.servlet.context.AnnotationConfigServletWebServerApplicationContext@7cbf8884: startup date [Wed Jul 22 18:56:43 CST 2020]; root of context hierarchy
2020-07-22 18:56:45.130  INFO 3004 --- [restartedMain] trationDelegate$BeanPostProcessorChecker : Bean 'org.springframework.transaction.annotation.ProxyTransactionManagementConfiguration' of type [org.springframework.transaction.annotation.ProxyTransactionManagementConfiguration$$EnhancerBySpringCGLIB$$ced820e0] is not eligible for getting processed by all BeanPostProcessors (for example: not eligible for auto-proxying)
2020-07-22 18:56:45.558  INFO 3004 --- [restartedMain] o.s.b.w.embedded.tomcat.TomcatWebServer  : Tomcat initialized with port(s): 8080 (http)
2020-07-22 18:56:45.574  INFO 3004 --- [restartedMain] o.apache.catalina.core.StandardService   : Starting service [Tomcat]
2020-07-22 18:56:45.574  INFO 3004 --- [restartedMain] org.apache.catalina.core.StandardEngine  : Starting Servlet Engine: Apache Tomcat/8.5.32
2020-07-22 18:56:45.589  INFO 3004 --- [localhost-startStop-1] o.a.catalina.core.AprLifecycleListener   : The APR based Apache Tomcat Native library which allows optimal performance in production environments was not found on the java.library.path: [F:\JavaJdk\jdk8\bin;C:\windows\Sun\Java\bin;C:\windows\system32;C:\windows;C:\windows\system32;C:\windows;C:\windows\System32\Wbem;C:\windows\System32\WindowsPowerShell\v1.0\;C:\windows\System32\OpenSSH\;C:\Program Files\Java\jdk-13.0.2\bin;C:\Program Files\Java\jdk-13.0.2\jre\bin;C:\Program Files\MySQL\bin;F:\Maven\apache-maven-3.6.3\bin;C:\Program Files (x86)\Intel\Intel(R) Management Engine Components\DAL;C:\Program Files\Intel\Intel(R) Management Engine Components\DAL;C:\Program Files (x86)\NVIDIA Corporation\PhysX\Common;C:\Users\dell\AppData\Local\Microsoft\WindowsApps;;.]
2020-07-22 18:56:45.652  INFO 3004 --- [localhost-startStop-1] o.a.c.c.C.[Tomcat].[localhost].[/]       : Initializing Spring embedded WebApplicationContext
2020-07-22 18:56:45.652  INFO 3004 --- [localhost-startStop-1] o.s.web.context.ContextLoader            : Root WebApplicationContext: initialization completed in 1733 ms
2020-07-22 18:56:46.279  INFO 3004 --- [localhost-startStop-1] o.s.b.w.servlet.FilterRegistrationBean   : Mapping filter: 'characterEncodingFilter' to: [/*]
2020-07-22 18:56:46.295  INFO 3004 --- [localhost-startStop-1] o.s.b.w.servlet.FilterRegistrationBean   : Mapping filter: 'webMvcMetricsFilter' to: [/*]
2020-07-22 18:56:46.295  INFO 3004 --- [localhost-startStop-1] o.s.b.w.servlet.FilterRegistrationBean   : Mapping filter: 'hiddenHttpMethodFilter' to: [/*]
2020-07-22 18:56:46.295  INFO 3004 --- [localhost-startStop-1] o.s.b.w.servlet.FilterRegistrationBean   : Mapping filter: 'httpPutFormContentFilter' to: [/*]
2020-07-22 18:56:46.295  INFO 3004 --- [localhost-startStop-1] o.s.b.w.servlet.FilterRegistrationBean   : Mapping filter: 'requestContextFilter' to: [/*]
2020-07-22 18:56:46.295  INFO 3004 --- [localhost-startStop-1] .s.DelegatingFilterProxyRegistrationBean : Mapping filter: 'springSecurityFilterChain' to: [/*]
2020-07-22 18:56:46.295  INFO 3004 --- [localhost-startStop-1] o.s.b.w.servlet.FilterRegistrationBean   : Mapping filter: 'httpTraceFilter' to: [/*]
2020-07-22 18:56:46.295  INFO 3004 --- [localhost-startStop-1] o.s.b.w.servlet.ServletRegistrationBean  : Servlet dispatcherServlet mapped to [/]
2020-07-22 18:56:46.295  INFO 3004 --- [localhost-startStop-1] o.s.b.w.servlet.ServletRegistrationBean  : Servlet webServlet mapped to [/h2-console/*]
2020-07-22 18:56:46.342  INFO 3004 --- [restartedMain] com.zaxxer.hikari.HikariDataSource       : HikariPool-1 - Starting...
2020-07-22 18:56:46.404  INFO 3004 --- [restartedMain] com.zaxxer.hikari.HikariDataSource       : HikariPool-1 - Start completed.
2020-07-22 18:56:46.435  INFO 3004 --- [restartedMain] j.LocalContainerEntityManagerFactoryBean : Building JPA container EntityManagerFactory for persistence unit 'default'
2020-07-22 18:56:46.451  INFO 3004 --- [restartedMain] o.hibernate.jpa.internal.util.LogHelper  : HHH000204: Processing PersistenceUnitInfo [
	name: default
	...]
2020-07-22 18:56:46.498  INFO 3004 --- [restartedMain] org.hibernate.Version                    : HHH000412: Hibernate Core {5.2.17.Final}
2020-07-22 18:56:46.498  INFO 3004 --- [restartedMain] org.hibernate.cfg.Environment            : HHH000206: hibernate.properties not found
2020-07-22 18:56:46.529  INFO 3004 --- [restartedMain] o.hibernate.annotations.common.Version   : HCANN000001: Hibernate Commons Annotations {5.0.1.Final}
2020-07-22 18:56:46.623  INFO 3004 --- [restartedMain] org.hibernate.dialect.Dialect            : HHH000400: Using dialect: org.hibernate.dialect.H2Dialect
2020-07-22 18:56:47.020  INFO 3004 --- [restartedMain] o.h.t.schema.internal.SchemaCreatorImpl  : HHH000476: Executing import script 'org.hibernate.tool.schema.internal.exec.ScriptSourceInputNonExistentImpl@527c879b'
2020-07-22 18:56:47.020  INFO 3004 --- [restartedMain] j.LocalContainerEntityManagerFactoryBean : Initialized JPA EntityManagerFactory for persistence unit 'default'
2020-07-22 18:56:47.528  INFO 3004 --- [restartedMain] o.s.s.web.DefaultSecurityFilterChain     : Creating filter chain: org.springframework.security.web.util.matcher.AnyRequestMatcher@1, [org.springframework.security.web.context.request.async.WebAsyncManagerIntegrationFilter@5fbd20a4, org.springframework.security.web.context.SecurityContextPersistenceFilter@3c7e388, org.springframework.security.web.header.HeaderWriterFilter@329c53a8, org.springframework.security.web.csrf.CsrfFilter@7e73dce1, org.springframework.security.web.authentication.logout.LogoutFilter@536c0217, org.springframework.security.web.authentication.UsernamePasswordAuthenticationFilter@113cbc85, org.springframework.security.web.savedrequest.RequestCacheAwareFilter@4f5b4bcc, org.springframework.security.web.servletapi.SecurityContextHolderAwareRequestFilter@2befd118, org.springframework.security.web.authentication.AnonymousAuthenticationFilter@2a8a467, org.springframework.security.web.session.SessionManagementFilter@6bae9f3b, org.springframework.security.web.access.ExceptionTranslationFilter@3c2b7f43, org.springframework.security.web.access.intercept.FilterSecurityInterceptor@4cdaaf7]
2020-07-22 18:56:47.575  INFO 3004 --- [restartedMain] o.s.w.s.handler.SimpleUrlHandlerMapping  : Mapped URL path [/**/favicon.ico] onto handler of type [class org.springframework.web.servlet.resource.ResourceHttpRequestHandler]
2020-07-22 18:56:47.718  INFO 3004 --- [restartedMain] s.w.s.m.m.a.RequestMappingHandlerAdapter : Looking for @ControllerAdvice: org.springframework.boot.web.servlet.context.AnnotationConfigServletWebServerApplicationContext@7cbf8884: startup date [Wed Jul 22 18:56:43 CST 2020]; root of context hierarchy
2020-07-22 18:56:47.734  WARN 3004 --- [restartedMain] aWebConfiguration$JpaWebMvcConfiguration : spring.jpa.open-in-view is enabled by default. Therefore, database queries may be performed during view rendering. Explicitly configure spring.jpa.open-in-view to disable this warning
2020-07-22 18:56:47.769  INFO 3004 --- [restartedMain] s.w.s.m.m.a.RequestMappingHandlerMapping : Mapped "{[/register],methods=[POST]}" onto public java.lang.String tacos.security.RegistrationController.processRegistration(tacos.security.RegistrationForm)
2020-07-22 18:56:47.770  INFO 3004 --- [restartedMain] s.w.s.m.m.a.RequestMappingHandlerMapping : Mapped "{[/register],methods=[GET]}" onto public java.lang.String tacos.security.RegistrationController.registerForm()
2020-07-22 18:56:47.772  INFO 3004 --- [restartedMain] s.w.s.m.m.a.RequestMappingHandlerMapping : Mapped "{[/design],methods=[POST]}" onto public java.lang.String tacos.web.DesignTacoController.processDesign(tacos.Taco,org.springframework.validation.Errors,tacos.Order)
2020-07-22 18:56:47.772  INFO 3004 --- [restartedMain] s.w.s.m.m.a.RequestMappingHandlerMapping : Mapped "{[/design],methods=[GET]}" onto public java.lang.String tacos.web.DesignTacoController.showDesignForm(org.springframework.ui.Model,java.security.Principal)
2020-07-22 18:56:47.772  INFO 3004 --- [restartedMain] s.w.s.m.m.a.RequestMappingHandlerMapping : Mapped "{[/discounts],methods=[GET]}" onto public java.lang.String tacos.web.DiscountController.displayDiscountCodes(org.springframework.ui.Model)
2020-07-22 18:56:47.772  INFO 3004 --- [restartedMain] s.w.s.m.m.a.RequestMappingHandlerMapping : Mapped "{[/orders/current],methods=[GET]}" onto public java.lang.String tacos.web.OrderController.orderForm(tacos.User,tacos.Order)
2020-07-22 18:56:47.772  INFO 3004 --- [restartedMain] s.w.s.m.m.a.RequestMappingHandlerMapping : Mapped "{[/orders],methods=[POST]}" onto public java.lang.String tacos.web.OrderController.processOrder(tacos.Order,org.springframework.validation.Errors,org.springframework.web.bind.support.SessionStatus,tacos.User)
2020-07-22 18:56:47.772  INFO 3004 --- [restartedMain] s.w.s.m.m.a.RequestMappingHandlerMapping : Mapped "{[/orders],methods=[GET]}" onto public java.lang.String tacos.web.OrderController.ordersForUser(tacos.User,org.springframework.ui.Model)
2020-07-22 18:56:47.772  INFO 3004 --- [restartedMain] s.w.s.m.m.a.RequestMappingHandlerMapping : Mapped "{[/error]}" onto public org.springframework.http.ResponseEntity<java.util.Map<java.lang.String, java.lang.Object>> org.springframework.boot.autoconfigure.web.servlet.error.BasicErrorController.error(javax.servlet.http.HttpServletRequest)
2020-07-22 18:56:47.772  INFO 3004 --- [restartedMain] s.w.s.m.m.a.RequestMappingHandlerMapping : Mapped "{[/error],produces=[text/html]}" onto public org.springframework.web.servlet.ModelAndView org.springframework.boot.autoconfigure.web.servlet.error.BasicErrorController.errorHtml(javax.servlet.http.HttpServletRequest,javax.servlet.http.HttpServletResponse)
2020-07-22 18:56:47.772  INFO 3004 --- [restartedMain] o.s.w.s.handler.SimpleUrlHandlerMapping  : Root mapping to handler of type [class org.springframework.web.servlet.mvc.ParameterizableViewController]
2020-07-22 18:56:47.772  INFO 3004 --- [restartedMain] o.s.w.s.handler.SimpleUrlHandlerMapping  : Mapped URL path [/login] onto handler of type [class org.springframework.web.servlet.mvc.ParameterizableViewController]
2020-07-22 18:56:47.787  INFO 3004 --- [restartedMain] o.s.w.s.handler.SimpleUrlHandlerMapping  : Mapped URL path [/webjars/**] onto handler of type [class org.springframework.web.servlet.resource.ResourceHttpRequestHandler]
2020-07-22 18:56:47.787  INFO 3004 --- [restartedMain] o.s.w.s.handler.SimpleUrlHandlerMapping  : Mapped URL path [/**] onto handler of type [class org.springframework.web.servlet.resource.ResourceHttpRequestHandler]
2020-07-22 18:56:48.101  INFO 3004 --- [restartedMain] o.s.b.d.a.OptionalLiveReloadServer       : LiveReload server is running on port 35729
2020-07-22 18:56:48.116  INFO 3004 --- [restartedMain] o.s.b.a.e.web.EndpointLinksResolver      : Exposing 2 endpoint(s) beneath base path '/actuator'
2020-07-22 18:56:48.116  INFO 3004 --- [restartedMain] s.b.a.e.w.s.WebMvcEndpointHandlerMapping : Mapped "{[/actuator/health],methods=[GET],produces=[application/vnd.spring-boot.actuator.v2+json || application/json]}" onto public java.lang.Object org.springframework.boot.actuate.endpoint.web.servlet.AbstractWebMvcEndpointHandlerMapping$OperationHandler.handle(javax.servlet.http.HttpServletRequest,java.util.Map<java.lang.String, java.lang.String>)
2020-07-22 18:56:48.116  INFO 3004 --- [restartedMain] s.b.a.e.w.s.WebMvcEndpointHandlerMapping : Mapped "{[/actuator/info],methods=[GET],produces=[application/vnd.spring-boot.actuator.v2+json || application/json]}" onto public java.lang.Object org.springframework.boot.actuate.endpoint.web.servlet.AbstractWebMvcEndpointHandlerMapping$OperationHandler.handle(javax.servlet.http.HttpServletRequest,java.util.Map<java.lang.String, java.lang.String>)
2020-07-22 18:56:48.116  INFO 3004 --- [restartedMain] s.b.a.e.w.s.WebMvcEndpointHandlerMapping : Mapped "{[/actuator],methods=[GET],produces=[application/vnd.spring-boot.actuator.v2+json || application/json]}" onto protected java.util.Map<java.lang.String, java.util.Map<java.lang.String, org.springframework.boot.actuate.endpoint.web.Link>> org.springframework.boot.actuate.endpoint.web.servlet.WebMvcEndpointHandlerMapping.links(javax.servlet.http.HttpServletRequest,javax.servlet.http.HttpServletResponse)
2020-07-22 18:56:48.163  INFO 3004 --- [restartedMain] o.s.j.e.a.AnnotationMBeanExporter        : Registering beans for JMX exposure on startup
2020-07-22 18:56:48.163  INFO 3004 --- [restartedMain] o.s.j.e.a.AnnotationMBeanExporter        : Bean with name 'dataSource' has been autodetected for JMX exposure
2020-07-22 18:56:48.163  INFO 3004 --- [restartedMain] o.s.j.e.a.AnnotationMBeanExporter        : Located MBean 'dataSource': registering with JMX server as MBean [com.zaxxer.hikari:name=dataSource,type=HikariDataSource]
2020-07-22 18:56:48.195  INFO 3004 --- [restartedMain] o.s.b.w.embedded.tomcat.TomcatWebServer  : Tomcat started on port(s): 8080 (http) with context path ''
2020-07-22 18:56:48.195  INFO 3004 --- [restartedMain] tacos.TacoCloudApplication               : Started TacoCloudApplication in 4.745 seconds (JVM running for 5.718)
2020-07-22 18:56:48.922  INFO 3004 --- [RMI TCP Connection(4)-192.168.1.101] o.a.c.c.C.[Tomcat].[localhost].[/]       : Initializing Spring FrameworkServlet 'dispatcherServlet'
2020-07-22 18:56:48.922  INFO 3004 --- [RMI TCP Connection(4)-192.168.1.101] o.s.web.servlet.DispatcherServlet        : FrameworkServlet 'dispatcherServlet': initialization started
2020-07-22 18:56:48.938  INFO 3004 --- [RMI TCP Connection(4)-192.168.1.101] o.s.web.servlet.DispatcherServlet        : FrameworkServlet 'dispatcherServlet': initialization completed in 16 ms
2020-07-22 19:03:11.170 ERROR 4192 --- [restartedMain] o.s.b.c.l.LoggingApplicationListener     : Cannot set level:  for 'org'
2020-07-22 19:03:11.248  INFO 4192 --- [restartedMain] tacos.TacoCloudApplication               : Starting TacoCloudApplication on DESKTOP-K1GP1I5 with PID 4192 (F:\IdeaProjects\MySpring\mySpringSample\s5\tacos\target\classes started by dell in F:\IdeaProjects\MySpring\mySpringSample\s5\tacos)
2020-07-22 19:03:11.248  INFO 4192 --- [restartedMain] tacos.TacoCloudApplication               : No active profile set, falling back to default profiles: default
2020-07-22 19:03:11.296  INFO 4192 --- [restartedMain] ConfigServletWebServerApplicationContext : Refreshing org.springframework.boot.web.servlet.context.AnnotationConfigServletWebServerApplicationContext@58a6d5ff: startup date [Wed Jul 22 19:03:11 CST 2020]; root of context hierarchy
2020-07-22 19:03:12.744  INFO 4192 --- [restartedMain] trationDelegate$BeanPostProcessorChecker : Bean 'org.springframework.transaction.annotation.ProxyTransactionManagementConfiguration' of type [org.springframework.transaction.annotation.ProxyTransactionManagementConfiguration$$EnhancerBySpringCGLIB$$df46b3c6] is not eligible for getting processed by all BeanPostProcessors (for example: not eligible for auto-proxying)
2020-07-22 19:03:13.090  INFO 4192 --- [restartedMain] o.s.b.w.embedded.tomcat.TomcatWebServer  : Tomcat initialized with port(s): 8080 (http)
2020-07-22 19:03:13.106  INFO 4192 --- [restartedMain] o.apache.catalina.core.StandardService   : Starting service [Tomcat]
2020-07-22 19:03:13.106  INFO 4192 --- [restartedMain] org.apache.catalina.core.StandardEngine  : Starting Servlet Engine: Apache Tomcat/8.5.32
2020-07-22 19:03:13.106  INFO 4192 --- [localhost-startStop-1] o.a.catalina.core.AprLifecycleListener   : The APR based Apache Tomcat Native library which allows optimal performance in production environments was not found on the java.library.path: [F:\JavaJdk\jdk8\bin;C:\windows\Sun\Java\bin;C:\windows\system32;C:\windows;C:\windows\system32;C:\windows;C:\windows\System32\Wbem;C:\windows\System32\WindowsPowerShell\v1.0\;C:\windows\System32\OpenSSH\;C:\Program Files\Java\jdk-13.0.2\bin;C:\Program Files\Java\jdk-13.0.2\jre\bin;C:\Program Files\MySQL\bin;F:\Maven\apache-maven-3.6.3\bin;C:\Program Files (x86)\Intel\Intel(R) Management Engine Components\DAL;C:\Program Files\Intel\Intel(R) Management Engine Components\DAL;C:\Program Files (x86)\NVIDIA Corporation\PhysX\Common;C:\Users\dell\AppData\Local\Microsoft\WindowsApps;;.]
2020-07-22 19:03:13.193  INFO 4192 --- [localhost-startStop-1] o.a.c.c.C.[Tomcat].[localhost].[/]       : Initializing Spring embedded WebApplicationContext
2020-07-22 19:03:13.193  INFO 4192 --- [localhost-startStop-1] o.s.web.context.ContextLoader            : Root WebApplicationContext: initialization completed in 1897 ms
2020-07-22 19:03:13.758  INFO 4192 --- [localhost-startStop-1] o.s.b.w.servlet.FilterRegistrationBean   : Mapping filter: 'characterEncodingFilter' to: [/*]
2020-07-22 19:03:13.758  INFO 4192 --- [localhost-startStop-1] o.s.b.w.servlet.FilterRegistrationBean   : Mapping filter: 'webMvcMetricsFilter' to: [/*]
2020-07-22 19:03:13.758  INFO 4192 --- [localhost-startStop-1] o.s.b.w.servlet.FilterRegistrationBean   : Mapping filter: 'hiddenHttpMethodFilter' to: [/*]
2020-07-22 19:03:13.758  INFO 4192 --- [localhost-startStop-1] o.s.b.w.servlet.FilterRegistrationBean   : Mapping filter: 'httpPutFormContentFilter' to: [/*]
2020-07-22 19:03:13.758  INFO 4192 --- [localhost-startStop-1] o.s.b.w.servlet.FilterRegistrationBean   : Mapping filter: 'requestContextFilter' to: [/*]
2020-07-22 19:03:13.758  INFO 4192 --- [localhost-startStop-1] .s.DelegatingFilterProxyRegistrationBean : Mapping filter: 'springSecurityFilterChain' to: [/*]
2020-07-22 19:03:13.758  INFO 4192 --- [localhost-startStop-1] o.s.b.w.servlet.FilterRegistrationBean   : Mapping filter: 'httpTraceFilter' to: [/*]
2020-07-22 19:03:13.758  INFO 4192 --- [localhost-startStop-1] o.s.b.w.servlet.ServletRegistrationBean  : Servlet dispatcherServlet mapped to [/]
2020-07-22 19:03:13.758  INFO 4192 --- [localhost-startStop-1] o.s.b.w.servlet.ServletRegistrationBean  : Servlet webServlet mapped to [/h2-console/*]
2020-07-22 19:03:13.820  INFO 4192 --- [restartedMain] com.zaxxer.hikari.HikariDataSource       : HikariPool-1 - Starting...
2020-07-22 19:03:13.867  INFO 4192 --- [restartedMain] com.zaxxer.hikari.HikariDataSource       : HikariPool-1 - Start completed.
2020-07-22 19:03:13.898  INFO 4192 --- [restartedMain] j.LocalContainerEntityManagerFactoryBean : Building JPA container EntityManagerFactory for persistence unit 'default'
2020-07-22 19:03:13.914  INFO 4192 --- [restartedMain] o.hibernate.jpa.internal.util.LogHelper  : HHH000204: Processing PersistenceUnitInfo [
	name: default
	...]
2020-07-22 19:03:13.961  INFO 4192 --- [restartedMain] org.hibernate.Version                    : HHH000412: Hibernate Core {5.2.17.Final}
2020-07-22 19:03:13.961  INFO 4192 --- [restartedMain] org.hibernate.cfg.Environment            : HHH000206: hibernate.properties not found
2020-07-22 19:03:13.992  INFO 4192 --- [restartedMain] o.hibernate.annotations.common.Version   : HCANN000001: Hibernate Commons Annotations {5.0.1.Final}
2020-07-22 19:03:14.086  INFO 4192 --- [restartedMain] org.hibernate.dialect.Dialect            : HHH000400: Using dialect: org.hibernate.dialect.H2Dialect
2020-07-22 19:03:14.475  INFO 4192 --- [restartedMain] o.h.t.schema.internal.SchemaCreatorImpl  : HHH000476: Executing import script 'org.hibernate.tool.schema.internal.exec.ScriptSourceInputNonExistentImpl@209c43ce'
2020-07-22 19:03:14.491  INFO 4192 --- [restartedMain] j.LocalContainerEntityManagerFactoryBean : Initialized JPA EntityManagerFactory for persistence unit 'default'
2020-07-22 19:03:14.961  INFO 4192 --- [restartedMain] o.s.s.web.DefaultSecurityFilterChain     : Creating filter chain: org.springframework.security.web.util.matcher.AnyRequestMatcher@1, [org.springframework.security.web.context.request.async.WebAsyncManagerIntegrationFilter@729c5b68, org.springframework.security.web.context.SecurityContextPersistenceFilter@27ced635, org.springframework.security.web.header.HeaderWriterFilter@13bfd6b9, org.springframework.security.web.csrf.CsrfFilter@76c9a34, org.springframework.security.web.authentication.logout.LogoutFilter@64624d3d, org.springframework.security.web.authentication.UsernamePasswordAuthenticationFilter@29e9f482, org.springframework.security.web.savedrequest.RequestCacheAwareFilter@4b6b3c8a, org.springframework.security.web.servletapi.SecurityContextHolderAwareRequestFilter@6204617b, org.springframework.security.web.authentication.AnonymousAuthenticationFilter@2e569e6b, org.springframework.security.web.session.SessionManagementFilter@188f24e6, org.springframework.security.web.access.ExceptionTranslationFilter@52a87e32, org.springframework.security.web.access.intercept.FilterSecurityInterceptor@62b2e8d0]
2020-07-22 19:03:15.023  INFO 4192 --- [restartedMain] o.s.w.s.handler.SimpleUrlHandlerMapping  : Mapped URL path [/**/favicon.ico] onto handler of type [class org.springframework.web.servlet.resource.ResourceHttpRequestHandler]
2020-07-22 19:03:15.148  INFO 4192 --- [restartedMain] s.w.s.m.m.a.RequestMappingHandlerAdapter : Looking for @ControllerAdvice: org.springframework.boot.web.servlet.context.AnnotationConfigServletWebServerApplicationContext@58a6d5ff: startup date [Wed Jul 22 19:03:11 CST 2020]; root of context hierarchy
2020-07-22 19:03:15.164  WARN 4192 --- [restartedMain] aWebConfiguration$JpaWebMvcConfiguration : spring.jpa.open-in-view is enabled by default. Therefore, database queries may be performed during view rendering. Explicitly configure spring.jpa.open-in-view to disable this warning
2020-07-22 19:03:15.195  INFO 4192 --- [restartedMain] s.w.s.m.m.a.RequestMappingHandlerMapping : Mapped "{[/register],methods=[POST]}" onto public java.lang.String tacos.security.RegistrationController.processRegistration(tacos.security.RegistrationForm)
2020-07-22 19:03:15.195  INFO 4192 --- [restartedMain] s.w.s.m.m.a.RequestMappingHandlerMapping : Mapped "{[/register],methods=[GET]}" onto public java.lang.String tacos.security.RegistrationController.registerForm()
2020-07-22 19:03:15.195  INFO 4192 --- [restartedMain] s.w.s.m.m.a.RequestMappingHandlerMapping : Mapped "{[/design],methods=[GET]}" onto public java.lang.String tacos.web.DesignTacoController.showDesignForm(org.springframework.ui.Model,java.security.Principal)
2020-07-22 19:03:15.195  INFO 4192 --- [restartedMain] s.w.s.m.m.a.RequestMappingHandlerMapping : Mapped "{[/design],methods=[POST]}" onto public java.lang.String tacos.web.DesignTacoController.processDesign(tacos.Taco,org.springframework.validation.Errors,tacos.Order)
2020-07-22 19:03:15.195  INFO 4192 --- [restartedMain] s.w.s.m.m.a.RequestMappingHandlerMapping : Mapped "{[/discounts],methods=[GET]}" onto public java.lang.String tacos.web.DiscountController.displayDiscountCodes(org.springframework.ui.Model)
2020-07-22 19:03:15.195  INFO 4192 --- [restartedMain] s.w.s.m.m.a.RequestMappingHandlerMapping : Mapped "{[/orders/current],methods=[GET]}" onto public java.lang.String tacos.web.OrderController.orderForm(tacos.User,tacos.Order)
2020-07-22 19:03:15.195  INFO 4192 --- [restartedMain] s.w.s.m.m.a.RequestMappingHandlerMapping : Mapped "{[/orders],methods=[POST]}" onto public java.lang.String tacos.web.OrderController.processOrder(tacos.Order,org.springframework.validation.Errors,org.springframework.web.bind.support.SessionStatus,tacos.User)
2020-07-22 19:03:15.195  INFO 4192 --- [restartedMain] s.w.s.m.m.a.RequestMappingHandlerMapping : Mapped "{[/orders],methods=[GET]}" onto public java.lang.String tacos.web.OrderController.ordersForUser(tacos.User,org.springframework.ui.Model)
2020-07-22 19:03:15.195  INFO 4192 --- [restartedMain] s.w.s.m.m.a.RequestMappingHandlerMapping : Mapped "{[/error]}" onto public org.springframework.http.ResponseEntity<java.util.Map<java.lang.String, java.lang.Object>> org.springframework.boot.autoconfigure.web.servlet.error.BasicErrorController.error(javax.servlet.http.HttpServletRequest)
2020-07-22 19:03:15.195  INFO 4192 --- [restartedMain] s.w.s.m.m.a.RequestMappingHandlerMapping : Mapped "{[/error],produces=[text/html]}" onto public org.springframework.web.servlet.ModelAndView org.springframework.boot.autoconfigure.web.servlet.error.BasicErrorController.errorHtml(javax.servlet.http.HttpServletRequest,javax.servlet.http.HttpServletResponse)
2020-07-22 19:03:15.211  INFO 4192 --- [restartedMain] o.s.w.s.handler.SimpleUrlHandlerMapping  : Root mapping to handler of type [class org.springframework.web.servlet.mvc.ParameterizableViewController]
2020-07-22 19:03:15.211  INFO 4192 --- [restartedMain] o.s.w.s.handler.SimpleUrlHandlerMapping  : Mapped URL path [/login] onto handler of type [class org.springframework.web.servlet.mvc.ParameterizableViewController]
2020-07-22 19:03:15.226  INFO 4192 --- [restartedMain] o.s.w.s.handler.SimpleUrlHandlerMapping  : Mapped URL path [/webjars/**] onto handler of type [class org.springframework.web.servlet.resource.ResourceHttpRequestHandler]
2020-07-22 19:03:15.226  INFO 4192 --- [restartedMain] o.s.w.s.handler.SimpleUrlHandlerMapping  : Mapped URL path [/**] onto handler of type [class org.springframework.web.servlet.resource.ResourceHttpRequestHandler]
2020-07-22 19:03:15.592  INFO 4192 --- [restartedMain] o.s.b.d.a.OptionalLiveReloadServer       : LiveReload server is running on port 35729
2020-07-22 19:03:15.608  INFO 4192 --- [restartedMain] o.s.b.a.e.web.EndpointLinksResolver      : Exposing 2 endpoint(s) beneath base path '/actuator'
2020-07-22 19:03:15.624  INFO 4192 --- [restartedMain] s.b.a.e.w.s.WebMvcEndpointHandlerMapping : Mapped "{[/actuator/health],methods=[GET],produces=[application/vnd.spring-boot.actuator.v2+json || application/json]}" onto public java.lang.Object org.springframework.boot.actuate.endpoint.web.servlet.AbstractWebMvcEndpointHandlerMapping$OperationHandler.handle(javax.servlet.http.HttpServletRequest,java.util.Map<java.lang.String, java.lang.String>)
2020-07-22 19:03:15.624  INFO 4192 --- [restartedMain] s.b.a.e.w.s.WebMvcEndpointHandlerMapping : Mapped "{[/actuator/info],methods=[GET],produces=[application/vnd.spring-boot.actuator.v2+json || application/json]}" onto public java.lang.Object org.springframework.boot.actuate.endpoint.web.servlet.AbstractWebMvcEndpointHandlerMapping$OperationHandler.handle(javax.servlet.http.HttpServletRequest,java.util.Map<java.lang.String, java.lang.String>)
2020-07-22 19:03:15.624  INFO 4192 --- [restartedMain] s.b.a.e.w.s.WebMvcEndpointHandlerMapping : Mapped "{[/actuator],methods=[GET],produces=[application/vnd.spring-boot.actuator.v2+json || application/json]}" onto protected java.util.Map<java.lang.String, java.util.Map<java.lang.String, org.springframework.boot.actuate.endpoint.web.Link>> org.springframework.boot.actuate.endpoint.web.servlet.WebMvcEndpointHandlerMapping.links(javax.servlet.http.HttpServletRequest,javax.servlet.http.HttpServletResponse)
2020-07-22 19:03:15.655  INFO 4192 --- [restartedMain] o.s.j.e.a.AnnotationMBeanExporter        : Registering beans for JMX exposure on startup
2020-07-22 19:03:15.655  INFO 4192 --- [restartedMain] o.s.j.e.a.AnnotationMBeanExporter        : Bean with name 'dataSource' has been autodetected for JMX exposure
2020-07-22 19:03:15.673  INFO 4192 --- [restartedMain] o.s.j.e.a.AnnotationMBeanExporter        : Located MBean 'dataSource': registering with JMX server as MBean [com.zaxxer.hikari:name=dataSource,type=HikariDataSource]
2020-07-22 19:03:15.704  INFO 4192 --- [restartedMain] o.s.b.w.embedded.tomcat.TomcatWebServer  : Tomcat started on port(s): 8080 (http) with context path ''
2020-07-22 19:03:15.704  INFO 4192 --- [restartedMain] tacos.TacoCloudApplication               : Started TacoCloudApplication in 4.809 seconds (JVM running for 5.75)
2020-07-22 19:03:16.877  INFO 4192 --- [RMI TCP Connection(9)-192.168.1.101] o.a.c.c.C.[Tomcat].[localhost].[/]       : Initializing Spring FrameworkServlet 'dispatcherServlet'
2020-07-22 19:03:16.877  INFO 4192 --- [RMI TCP Connection(9)-192.168.1.101] o.s.web.servlet.DispatcherServlet        : FrameworkServlet 'dispatcherServlet': initialization started
2020-07-22 19:03:16.893  INFO 4192 --- [RMI TCP Connection(9)-192.168.1.101] o.s.web.servlet.DispatcherServlet        : FrameworkServlet 'dispatcherServlet': initialization completed in 16 ms
2020-07-22 19:03:31.863 ERROR 11140 --- [restartedMain] o.s.b.c.l.LoggingApplicationListener     : Cannot set level:  for 'org'
2020-07-22 19:03:31.941  INFO 11140 --- [restartedMain] tacos.TacoCloudApplication               : Starting TacoCloudApplication on DESKTOP-K1GP1I5 with PID 11140 (F:\IdeaProjects\MySpring\mySpringSample\s5\tacos\target\classes started by dell in F:\IdeaProjects\MySpring\mySpringSample\s5\tacos)
2020-07-22 19:03:31.941  INFO 11140 --- [restartedMain] tacos.TacoCloudApplication               : No active profile set, falling back to default profiles: default
2020-07-22 19:03:31.988  INFO 11140 --- [restartedMain] ConfigServletWebServerApplicationContext : Refreshing org.springframework.boot.web.servlet.context.AnnotationConfigServletWebServerApplicationContext@6e1d34ba: startup date [Wed Jul 22 19:03:31 CST 2020]; root of context hierarchy
2020-07-22 19:03:33.115  INFO 11140 --- [restartedMain] trationDelegate$BeanPostProcessorChecker : Bean 'org.springframework.transaction.annotation.ProxyTransactionManagementConfiguration' of type [org.springframework.transaction.annotation.ProxyTransactionManagementConfiguration$$EnhancerBySpringCGLIB$$494b0464] is not eligible for getting processed by all BeanPostProcessors (for example: not eligible for auto-proxying)
2020-07-22 19:03:33.436  INFO 11140 --- [restartedMain] o.s.b.w.embedded.tomcat.TomcatWebServer  : Tomcat initialized with port(s): 8080 (http)
2020-07-22 19:03:33.451  INFO 11140 --- [restartedMain] o.apache.catalina.core.StandardService   : Starting service [Tomcat]
2020-07-22 19:03:33.451  INFO 11140 --- [restartedMain] org.apache.catalina.core.StandardEngine  : Starting Servlet Engine: Apache Tomcat/8.5.32
2020-07-22 19:03:33.451  INFO 11140 --- [localhost-startStop-1] o.a.catalina.core.AprLifecycleListener   : The APR based Apache Tomcat Native library which allows optimal performance in production environments was not found on the java.library.path: [F:\JavaJdk\jdk8\bin;C:\windows\Sun\Java\bin;C:\windows\system32;C:\windows;C:\windows\system32;C:\windows;C:\windows\System32\Wbem;C:\windows\System32\WindowsPowerShell\v1.0\;C:\windows\System32\OpenSSH\;C:\Program Files\Java\jdk-13.0.2\bin;C:\Program Files\Java\jdk-13.0.2\jre\bin;C:\Program Files\MySQL\bin;F:\Maven\apache-maven-3.6.3\bin;C:\Program Files (x86)\Intel\Intel(R) Management Engine Components\DAL;C:\Program Files\Intel\Intel(R) Management Engine Components\DAL;C:\Program Files (x86)\NVIDIA Corporation\PhysX\Common;C:\Users\dell\AppData\Local\Microsoft\WindowsApps;;.]
2020-07-22 19:03:33.524  INFO 11140 --- [localhost-startStop-1] o.a.c.c.C.[Tomcat].[localhost].[/]       : Initializing Spring embedded WebApplicationContext
2020-07-22 19:03:33.524  INFO 11140 --- [localhost-startStop-1] o.s.web.context.ContextLoader            : Root WebApplicationContext: initialization completed in 1536 ms
2020-07-22 19:03:34.040  INFO 11140 --- [localhost-startStop-1] o.s.b.w.servlet.FilterRegistrationBean   : Mapping filter: 'characterEncodingFilter' to: [/*]
2020-07-22 19:03:34.040  INFO 11140 --- [localhost-startStop-1] o.s.b.w.servlet.FilterRegistrationBean   : Mapping filter: 'webMvcMetricsFilter' to: [/*]
2020-07-22 19:03:34.040  INFO 11140 --- [localhost-startStop-1] o.s.b.w.servlet.FilterRegistrationBean   : Mapping filter: 'hiddenHttpMethodFilter' to: [/*]
2020-07-22 19:03:34.040  INFO 11140 --- [localhost-startStop-1] o.s.b.w.servlet.FilterRegistrationBean   : Mapping filter: 'httpPutFormContentFilter' to: [/*]
2020-07-22 19:03:34.040  INFO 11140 --- [localhost-startStop-1] o.s.b.w.servlet.FilterRegistrationBean   : Mapping filter: 'requestContextFilter' to: [/*]
2020-07-22 19:03:34.040  INFO 11140 --- [localhost-startStop-1] .s.DelegatingFilterProxyRegistrationBean : Mapping filter: 'springSecurityFilterChain' to: [/*]
2020-07-22 19:03:34.040  INFO 11140 --- [localhost-startStop-1] o.s.b.w.servlet.FilterRegistrationBean   : Mapping filter: 'httpTraceFilter' to: [/*]
2020-07-22 19:03:34.056  INFO 11140 --- [localhost-startStop-1] o.s.b.w.servlet.ServletRegistrationBean  : Servlet dispatcherServlet mapped to [/]
2020-07-22 19:03:34.056  INFO 11140 --- [localhost-startStop-1] o.s.b.w.servlet.ServletRegistrationBean  : Servlet webServlet mapped to [/h2-console/*]
2020-07-22 19:03:34.103  INFO 11140 --- [restartedMain] com.zaxxer.hikari.HikariDataSource       : HikariPool-1 - Starting...
2020-07-22 19:03:34.165  INFO 11140 --- [restartedMain] com.zaxxer.hikari.HikariDataSource       : HikariPool-1 - Start completed.
2020-07-22 19:03:34.197  INFO 11140 --- [restartedMain] j.LocalContainerEntityManagerFactoryBean : Building JPA container EntityManagerFactory for persistence unit 'default'
2020-07-22 19:03:34.197  INFO 11140 --- [restartedMain] o.hibernate.jpa.internal.util.LogHelper  : HHH000204: Processing PersistenceUnitInfo [
	name: default
	...]
2020-07-22 19:03:34.244  INFO 11140 --- [restartedMain] org.hibernate.Version                    : HHH000412: Hibernate Core {5.2.17.Final}
2020-07-22 19:03:34.244  INFO 11140 --- [restartedMain] org.hibernate.cfg.Environment            : HHH000206: hibernate.properties not found
2020-07-22 19:03:34.275  INFO 11140 --- [restartedMain] o.hibernate.annotations.common.Version   : HCANN000001: Hibernate Commons Annotations {5.0.1.Final}
2020-07-22 19:03:34.368  INFO 11140 --- [restartedMain] org.hibernate.dialect.Dialect            : HHH000400: Using dialect: org.hibernate.dialect.H2Dialect
2020-07-22 19:03:34.752  INFO 11140 --- [restartedMain] o.h.t.schema.internal.SchemaCreatorImpl  : HHH000476: Executing import script 'org.hibernate.tool.schema.internal.exec.ScriptSourceInputNonExistentImpl@1016188e'
2020-07-22 19:03:34.767  INFO 11140 --- [restartedMain] j.LocalContainerEntityManagerFactoryBean : Initialized JPA EntityManagerFactory for persistence unit 'default'
2020-07-22 19:03:35.252  INFO 11140 --- [restartedMain] o.s.s.web.DefaultSecurityFilterChain     : Creating filter chain: org.springframework.security.web.util.matcher.AnyRequestMatcher@1, [org.springframework.security.web.context.request.async.WebAsyncManagerIntegrationFilter@31efb364, org.springframework.security.web.context.SecurityContextPersistenceFilter@2f74f5eb, org.springframework.security.web.header.HeaderWriterFilter@2b3286a7, org.springframework.security.web.csrf.CsrfFilter@45339b75, org.springframework.security.web.authentication.logout.LogoutFilter@38112715, org.springframework.security.web.authentication.UsernamePasswordAuthenticationFilter@44d6a076, org.springframework.security.web.savedrequest.RequestCacheAwareFilter@5b08cb56, org.springframework.security.web.servletapi.SecurityContextHolderAwareRequestFilter@75a977cf, org.springframework.security.web.authentication.AnonymousAuthenticationFilter@7ee1ac17, org.springframework.security.web.session.SessionManagementFilter@3cc91986, org.springframework.security.web.access.ExceptionTranslationFilter@54af5005, org.springframework.security.web.access.intercept.FilterSecurityInterceptor@4bf120b2]
2020-07-22 19:03:35.299  INFO 11140 --- [restartedMain] o.s.w.s.handler.SimpleUrlHandlerMapping  : Mapped URL path [/**/favicon.ico] onto handler of type [class org.springframework.web.servlet.resource.ResourceHttpRequestHandler]
2020-07-22 19:03:35.408  INFO 11140 --- [restartedMain] s.w.s.m.m.a.RequestMappingHandlerAdapter : Looking for @ControllerAdvice: org.springframework.boot.web.servlet.context.AnnotationConfigServletWebServerApplicationContext@6e1d34ba: startup date [Wed Jul 22 19:03:31 CST 2020]; root of context hierarchy
2020-07-22 19:03:35.439  WARN 11140 --- [restartedMain] aWebConfiguration$JpaWebMvcConfiguration : spring.jpa.open-in-view is enabled by default. Therefore, database queries may be performed during view rendering. Explicitly configure spring.jpa.open-in-view to disable this warning
2020-07-22 19:03:35.455  INFO 11140 --- [restartedMain] s.w.s.m.m.a.RequestMappingHandlerMapping : Mapped "{[/register],methods=[GET]}" onto public java.lang.String tacos.security.RegistrationController.registerForm()
2020-07-22 19:03:35.455  INFO 11140 --- [restartedMain] s.w.s.m.m.a.RequestMappingHandlerMapping : Mapped "{[/register],methods=[POST]}" onto public java.lang.String tacos.security.RegistrationController.processRegistration(tacos.security.RegistrationForm)
2020-07-22 19:03:35.455  INFO 11140 --- [restartedMain] s.w.s.m.m.a.RequestMappingHandlerMapping : Mapped "{[/design],methods=[GET]}" onto public java.lang.String tacos.web.DesignTacoController.showDesignForm(org.springframework.ui.Model,java.security.Principal)
2020-07-22 19:03:35.455  INFO 11140 --- [restartedMain] s.w.s.m.m.a.RequestMappingHandlerMapping : Mapped "{[/design],methods=[POST]}" onto public java.lang.String tacos.web.DesignTacoController.processDesign(tacos.Taco,org.springframework.validation.Errors,tacos.Order)
2020-07-22 19:03:35.455  INFO 11140 --- [restartedMain] s.w.s.m.m.a.RequestMappingHandlerMapping : Mapped "{[/discounts],methods=[GET]}" onto public java.lang.String tacos.web.DiscountController.displayDiscountCodes(org.springframework.ui.Model)
2020-07-22 19:03:35.455  INFO 11140 --- [restartedMain] s.w.s.m.m.a.RequestMappingHandlerMapping : Mapped "{[/orders],methods=[GET]}" onto public java.lang.String tacos.web.OrderController.ordersForUser(tacos.User,org.springframework.ui.Model)
2020-07-22 19:03:35.455  INFO 11140 --- [restartedMain] s.w.s.m.m.a.RequestMappingHandlerMapping : Mapped "{[/orders/current],methods=[GET]}" onto public java.lang.String tacos.web.OrderController.orderForm(tacos.User,tacos.Order)
2020-07-22 19:03:35.455  INFO 11140 --- [restartedMain] s.w.s.m.m.a.RequestMappingHandlerMapping : Mapped "{[/orders],methods=[POST]}" onto public java.lang.String tacos.web.OrderController.processOrder(tacos.Order,org.springframework.validation.Errors,org.springframework.web.bind.support.SessionStatus,tacos.User)
2020-07-22 19:03:35.455  INFO 11140 --- [restartedMain] s.w.s.m.m.a.RequestMappingHandlerMapping : Mapped "{[/error]}" onto public org.springframework.http.ResponseEntity<java.util.Map<java.lang.String, java.lang.Object>> org.springframework.boot.autoconfigure.web.servlet.error.BasicErrorController.error(javax.servlet.http.HttpServletRequest)
2020-07-22 19:03:35.455  INFO 11140 --- [restartedMain] s.w.s.m.m.a.RequestMappingHandlerMapping : Mapped "{[/error],produces=[text/html]}" onto public org.springframework.web.servlet.ModelAndView org.springframework.boot.autoconfigure.web.servlet.error.BasicErrorController.errorHtml(javax.servlet.http.HttpServletRequest,javax.servlet.http.HttpServletResponse)
2020-07-22 19:03:35.471  INFO 11140 --- [restartedMain] o.s.w.s.handler.SimpleUrlHandlerMapping  : Root mapping to handler of type [class org.springframework.web.servlet.mvc.ParameterizableViewController]
2020-07-22 19:03:35.471  INFO 11140 --- [restartedMain] o.s.w.s.handler.SimpleUrlHandlerMapping  : Mapped URL path [/login] onto handler of type [class org.springframework.web.servlet.mvc.ParameterizableViewController]
2020-07-22 19:03:35.486  INFO 11140 --- [restartedMain] o.s.w.s.handler.SimpleUrlHandlerMapping  : Mapped URL path [/webjars/**] onto handler of type [class org.springframework.web.servlet.resource.ResourceHttpRequestHandler]
2020-07-22 19:03:35.486  INFO 11140 --- [restartedMain] o.s.w.s.handler.SimpleUrlHandlerMapping  : Mapped URL path [/**] onto handler of type [class org.springframework.web.servlet.resource.ResourceHttpRequestHandler]
2020-07-22 19:03:35.799  INFO 11140 --- [restartedMain] o.s.b.d.a.OptionalLiveReloadServer       : LiveReload server is running on port 35729
2020-07-22 19:03:35.799  INFO 11140 --- [restartedMain] o.s.b.a.e.web.EndpointLinksResolver      : Exposing 2 endpoint(s) beneath base path '/actuator'
2020-07-22 19:03:35.814  INFO 11140 --- [restartedMain] s.b.a.e.w.s.WebMvcEndpointHandlerMapping : Mapped "{[/actuator/health],methods=[GET],produces=[application/vnd.spring-boot.actuator.v2+json || application/json]}" onto public java.lang.Object org.springframework.boot.actuate.endpoint.web.servlet.AbstractWebMvcEndpointHandlerMapping$OperationHandler.handle(javax.servlet.http.HttpServletRequest,java.util.Map<java.lang.String, java.lang.String>)
2020-07-22 19:03:35.814  INFO 11140 --- [restartedMain] s.b.a.e.w.s.WebMvcEndpointHandlerMapping : Mapped "{[/actuator/info],methods=[GET],produces=[application/vnd.spring-boot.actuator.v2+json || application/json]}" onto public java.lang.Object org.springframework.boot.actuate.endpoint.web.servlet.AbstractWebMvcEndpointHandlerMapping$OperationHandler.handle(javax.servlet.http.HttpServletRequest,java.util.Map<java.lang.String, java.lang.String>)
2020-07-22 19:03:35.814  INFO 11140 --- [restartedMain] s.b.a.e.w.s.WebMvcEndpointHandlerMapping : Mapped "{[/actuator],methods=[GET],produces=[application/vnd.spring-boot.actuator.v2+json || application/json]}" onto protected java.util.Map<java.lang.String, java.util.Map<java.lang.String, org.springframework.boot.actuate.endpoint.web.Link>> org.springframework.boot.actuate.endpoint.web.servlet.WebMvcEndpointHandlerMapping.links(javax.servlet.http.HttpServletRequest,javax.servlet.http.HttpServletResponse)
2020-07-22 19:03:35.845  INFO 11140 --- [restartedMain] o.s.j.e.a.AnnotationMBeanExporter        : Registering beans for JMX exposure on startup
2020-07-22 19:03:35.845  INFO 11140 --- [restartedMain] o.s.j.e.a.AnnotationMBeanExporter        : Bean with name 'dataSource' has been autodetected for JMX exposure
2020-07-22 19:03:35.861  INFO 11140 --- [restartedMain] o.s.j.e.a.AnnotationMBeanExporter        : Located MBean 'dataSource': registering with JMX server as MBean [com.zaxxer.hikari:name=dataSource,type=HikariDataSource]
2020-07-22 19:03:35.877  INFO 11140 --- [restartedMain] o.s.b.w.embedded.tomcat.TomcatWebServer  : Tomcat started on port(s): 8080 (http) with context path ''
2020-07-22 19:03:35.877  INFO 11140 --- [restartedMain] tacos.TacoCloudApplication               : Started TacoCloudApplication in 4.317 seconds (JVM running for 5.303)
2020-07-22 19:03:36.541  INFO 11140 --- [RMI TCP Connection(1)-192.168.1.101] o.a.c.c.C.[Tomcat].[localhost].[/]       : Initializing Spring FrameworkServlet 'dispatcherServlet'
2020-07-22 19:03:36.541  INFO 11140 --- [RMI TCP Connection(1)-192.168.1.101] o.s.web.servlet.DispatcherServlet        : FrameworkServlet 'dispatcherServlet': initialization started
2020-07-22 19:03:36.557  INFO 11140 --- [RMI TCP Connection(1)-192.168.1.101] o.s.web.servlet.DispatcherServlet        : FrameworkServlet 'dispatcherServlet': initialization completed in 16 ms
2020-07-22 19:04:03.755 ERROR 12480 --- [restartedMain] o.s.b.c.l.LoggingApplicationListener     : Cannot set level:  for 'org'
2020-07-22 19:04:03.844  INFO 12480 --- [restartedMain] tacos.TacoCloudApplication               : Starting TacoCloudApplication on DESKTOP-K1GP1I5 with PID 12480 (F:\IdeaProjects\MySpring\mySpringSample\s5\tacos\target\classes started by dell in F:\IdeaProjects\MySpring\mySpringSample\s5\tacos)
2020-07-22 19:04:03.844  INFO 12480 --- [restartedMain] tacos.TacoCloudApplication               : No active profile set, falling back to default profiles: default
2020-07-22 19:04:03.875  INFO 12480 --- [restartedMain] ConfigServletWebServerApplicationContext : Refreshing org.springframework.boot.web.servlet.context.AnnotationConfigServletWebServerApplicationContext@758484db: startup date [Wed Jul 22 19:04:03 CST 2020]; root of context hierarchy
2020-07-22 19:04:05.058  INFO 12480 --- [restartedMain] trationDelegate$BeanPostProcessorChecker : Bean 'org.springframework.transaction.annotation.ProxyTransactionManagementConfiguration' of type [org.springframework.transaction.annotation.ProxyTransactionManagementConfiguration$$EnhancerBySpringCGLIB$$6389c4e0] is not eligible for getting processed by all BeanPostProcessors (for example: not eligible for auto-proxying)
2020-07-22 19:04:05.405  INFO 12480 --- [restartedMain] o.s.b.w.embedded.tomcat.TomcatWebServer  : Tomcat initialized with port(s): 8080 (http)
2020-07-22 19:04:05.405  INFO 12480 --- [restartedMain] o.apache.catalina.core.StandardService   : Starting service [Tomcat]
2020-07-22 19:04:05.405  INFO 12480 --- [restartedMain] org.apache.catalina.core.StandardEngine  : Starting Servlet Engine: Apache Tomcat/8.5.32
2020-07-22 19:04:05.421  INFO 12480 --- [localhost-startStop-1] o.a.catalina.core.AprLifecycleListener   : The APR based Apache Tomcat Native library which allows optimal performance in production environments was not found on the java.library.path: [F:\JavaJdk\jdk8\bin;C:\windows\Sun\Java\bin;C:\windows\system32;C:\windows;C:\windows\system32;C:\windows;C:\windows\System32\Wbem;C:\windows\System32\WindowsPowerShell\v1.0\;C:\windows\System32\OpenSSH\;C:\Program Files\Java\jdk-13.0.2\bin;C:\Program Files\Java\jdk-13.0.2\jre\bin;C:\Program Files\MySQL\bin;F:\Maven\apache-maven-3.6.3\bin;C:\Program Files (x86)\Intel\Intel(R) Management Engine Components\DAL;C:\Program Files\Intel\Intel(R) Management Engine Components\DAL;C:\Program Files (x86)\NVIDIA Corporation\PhysX\Common;C:\Users\dell\AppData\Local\Microsoft\WindowsApps;;.]
2020-07-22 19:04:05.483  INFO 12480 --- [localhost-startStop-1] o.a.c.c.C.[Tomcat].[localhost].[/]       : Initializing Spring embedded WebApplicationContext
2020-07-22 19:04:05.483  INFO 12480 --- [localhost-startStop-1] o.s.web.context.ContextLoader            : Root WebApplicationContext: initialization completed in 1608 ms
2020-07-22 19:04:06.023  INFO 12480 --- [localhost-startStop-1] o.s.b.w.servlet.FilterRegistrationBean   : Mapping filter: 'characterEncodingFilter' to: [/*]
2020-07-22 19:04:06.023  INFO 12480 --- [localhost-startStop-1] o.s.b.w.servlet.FilterRegistrationBean   : Mapping filter: 'webMvcMetricsFilter' to: [/*]
2020-07-22 19:04:06.023  INFO 12480 --- [localhost-startStop-1] o.s.b.w.servlet.FilterRegistrationBean   : Mapping filter: 'hiddenHttpMethodFilter' to: [/*]
2020-07-22 19:04:06.023  INFO 12480 --- [localhost-startStop-1] o.s.b.w.servlet.FilterRegistrationBean   : Mapping filter: 'httpPutFormContentFilter' to: [/*]
2020-07-22 19:04:06.023  INFO 12480 --- [localhost-startStop-1] o.s.b.w.servlet.FilterRegistrationBean   : Mapping filter: 'requestContextFilter' to: [/*]
2020-07-22 19:04:06.039  INFO 12480 --- [localhost-startStop-1] .s.DelegatingFilterProxyRegistrationBean : Mapping filter: 'springSecurityFilterChain' to: [/*]
2020-07-22 19:04:06.039  INFO 12480 --- [localhost-startStop-1] o.s.b.w.servlet.FilterRegistrationBean   : Mapping filter: 'httpTraceFilter' to: [/*]
2020-07-22 19:04:06.039  INFO 12480 --- [localhost-startStop-1] o.s.b.w.servlet.ServletRegistrationBean  : Servlet dispatcherServlet mapped to [/]
2020-07-22 19:04:06.039  INFO 12480 --- [localhost-startStop-1] o.s.b.w.servlet.ServletRegistrationBean  : Servlet webServlet mapped to [/h2-console/*]
2020-07-22 19:04:06.086  INFO 12480 --- [restartedMain] com.zaxxer.hikari.HikariDataSource       : HikariPool-1 - Starting...
2020-07-22 19:04:06.150  INFO 12480 --- [restartedMain] com.zaxxer.hikari.HikariDataSource       : HikariPool-1 - Start completed.
2020-07-22 19:04:06.165  INFO 12480 --- [restartedMain] j.LocalContainerEntityManagerFactoryBean : Building JPA container EntityManagerFactory for persistence unit 'default'
2020-07-22 19:04:06.181  INFO 12480 --- [restartedMain] o.hibernate.jpa.internal.util.LogHelper  : HHH000204: Processing PersistenceUnitInfo [
	name: default
	...]
2020-07-22 19:04:06.228  INFO 12480 --- [restartedMain] org.hibernate.Version                    : HHH000412: Hibernate Core {5.2.17.Final}
2020-07-22 19:04:06.228  INFO 12480 --- [restartedMain] org.hibernate.cfg.Environment            : HHH000206: hibernate.properties not found
2020-07-22 19:04:06.243  INFO 12480 --- [restartedMain] o.hibernate.annotations.common.Version   : HCANN000001: Hibernate Commons Annotations {5.0.1.Final}
2020-07-22 19:04:06.337  INFO 12480 --- [restartedMain] org.hibernate.dialect.Dialect            : HHH000400: Using dialect: org.hibernate.dialect.H2Dialect
2020-07-22 19:04:06.728  INFO 12480 --- [restartedMain] o.h.t.schema.internal.SchemaCreatorImpl  : HHH000476: Executing import script 'org.hibernate.tool.schema.internal.exec.ScriptSourceInputNonExistentImpl@7dc87b51'
2020-07-22 19:04:06.728  INFO 12480 --- [restartedMain] j.LocalContainerEntityManagerFactoryBean : Initialized JPA EntityManagerFactory for persistence unit 'default'
2020-07-22 19:04:07.228  INFO 12480 --- [restartedMain] o.s.s.web.DefaultSecurityFilterChain     : Creating filter chain: org.springframework.security.web.util.matcher.AnyRequestMatcher@1, [org.springframework.security.web.context.request.async.WebAsyncManagerIntegrationFilter@c5841ba, org.springframework.security.web.context.SecurityContextPersistenceFilter@71304486, org.springframework.security.web.header.HeaderWriterFilter@2ec377c3, org.springframework.security.web.csrf.CsrfFilter@3d4055a4, org.springframework.security.web.authentication.logout.LogoutFilter@43afa0a1, org.springframework.security.web.authentication.UsernamePasswordAuthenticationFilter@3c748df6, org.springframework.security.web.savedrequest.RequestCacheAwareFilter@5bcb4a5, org.springframework.security.web.servletapi.SecurityContextHolderAwareRequestFilter@6c5b5e12, org.springframework.security.web.authentication.AnonymousAuthenticationFilter@5879f03, org.springframework.security.web.session.SessionManagementFilter@1087856a, org.springframework.security.web.access.ExceptionTranslationFilter@6481a44d, org.springframework.security.web.access.intercept.FilterSecurityInterceptor@30234780]
2020-07-22 19:04:07.277  INFO 12480 --- [restartedMain] o.s.w.s.handler.SimpleUrlHandlerMapping  : Mapped URL path [/**/favicon.ico] onto handler of type [class org.springframework.web.servlet.resource.ResourceHttpRequestHandler]
2020-07-22 19:04:07.391  INFO 12480 --- [restartedMain] s.w.s.m.m.a.RequestMappingHandlerAdapter : Looking for @ControllerAdvice: org.springframework.boot.web.servlet.context.AnnotationConfigServletWebServerApplicationContext@758484db: startup date [Wed Jul 22 19:04:03 CST 2020]; root of context hierarchy
2020-07-22 19:04:07.407  WARN 12480 --- [restartedMain] aWebConfiguration$JpaWebMvcConfiguration : spring.jpa.open-in-view is enabled by default. Therefore, database queries may be performed during view rendering. Explicitly configure spring.jpa.open-in-view to disable this warning
2020-07-22 19:04:07.422  INFO 12480 --- [restartedMain] s.w.s.m.m.a.RequestMappingHandlerMapping : Mapped "{[/register],methods=[GET]}" onto public java.lang.String tacos.security.RegistrationController.registerForm()
2020-07-22 19:04:07.422  INFO 12480 --- [restartedMain] s.w.s.m.m.a.RequestMappingHandlerMapping : Mapped "{[/register],methods=[POST]}" onto public java.lang.String tacos.security.RegistrationController.processRegistration(tacos.security.RegistrationForm)
2020-07-22 19:04:07.422  INFO 12480 --- [restartedMain] s.w.s.m.m.a.RequestMappingHandlerMapping : Mapped "{[/design],methods=[GET]}" onto public java.lang.String tacos.web.DesignTacoController.showDesignForm(org.springframework.ui.Model,java.security.Principal)
2020-07-22 19:04:07.422  INFO 12480 --- [restartedMain] s.w.s.m.m.a.RequestMappingHandlerMapping : Mapped "{[/design],methods=[POST]}" onto public java.lang.String tacos.web.DesignTacoController.processDesign(tacos.Taco,org.springframework.validation.Errors,tacos.Order)
2020-07-22 19:04:07.422  INFO 12480 --- [restartedMain] s.w.s.m.m.a.RequestMappingHandlerMapping : Mapped "{[/discounts],methods=[GET]}" onto public java.lang.String tacos.web.DiscountController.displayDiscountCodes(org.springframework.ui.Model)
2020-07-22 19:04:07.438  INFO 12480 --- [restartedMain] s.w.s.m.m.a.RequestMappingHandlerMapping : Mapped "{[/orders],methods=[POST]}" onto public java.lang.String tacos.web.OrderController.processOrder(tacos.Order,org.springframework.validation.Errors,org.springframework.web.bind.support.SessionStatus,tacos.User)
2020-07-22 19:04:07.438  INFO 12480 --- [restartedMain] s.w.s.m.m.a.RequestMappingHandlerMapping : Mapped "{[/orders/current],methods=[GET]}" onto public java.lang.String tacos.web.OrderController.orderForm(tacos.User,tacos.Order)
2020-07-22 19:04:07.438  INFO 12480 --- [restartedMain] s.w.s.m.m.a.RequestMappingHandlerMapping : Mapped "{[/orders],methods=[GET]}" onto public java.lang.String tacos.web.OrderController.ordersForUser(tacos.User,org.springframework.ui.Model)
2020-07-22 19:04:07.438  INFO 12480 --- [restartedMain] s.w.s.m.m.a.RequestMappingHandlerMapping : Mapped "{[/error]}" onto public org.springframework.http.ResponseEntity<java.util.Map<java.lang.String, java.lang.Object>> org.springframework.boot.autoconfigure.web.servlet.error.BasicErrorController.error(javax.servlet.http.HttpServletRequest)
2020-07-22 19:04:07.438  INFO 12480 --- [restartedMain] s.w.s.m.m.a.RequestMappingHandlerMapping : Mapped "{[/error],produces=[text/html]}" onto public org.springframework.web.servlet.ModelAndView org.springframework.boot.autoconfigure.web.servlet.error.BasicErrorController.errorHtml(javax.servlet.http.HttpServletRequest,javax.servlet.http.HttpServletResponse)
2020-07-22 19:04:07.438  INFO 12480 --- [restartedMain] o.s.w.s.handler.SimpleUrlHandlerMapping  : Root mapping to handler of type [class org.springframework.web.servlet.mvc.ParameterizableViewController]
2020-07-22 19:04:07.438  INFO 12480 --- [restartedMain] o.s.w.s.handler.SimpleUrlHandlerMapping  : Mapped URL path [/login] onto handler of type [class org.springframework.web.servlet.mvc.ParameterizableViewController]
2020-07-22 19:04:07.453  INFO 12480 --- [restartedMain] o.s.w.s.handler.SimpleUrlHandlerMapping  : Mapped URL path [/webjars/**] onto handler of type [class org.springframework.web.servlet.resource.ResourceHttpRequestHandler]
2020-07-22 19:04:07.453  INFO 12480 --- [restartedMain] o.s.w.s.handler.SimpleUrlHandlerMapping  : Mapped URL path [/**] onto handler of type [class org.springframework.web.servlet.resource.ResourceHttpRequestHandler]
2020-07-22 19:04:07.751  INFO 12480 --- [restartedMain] o.s.b.d.a.OptionalLiveReloadServer       : LiveReload server is running on port 35729
2020-07-22 19:04:07.767  INFO 12480 --- [restartedMain] o.s.b.a.e.web.EndpointLinksResolver      : Exposing 2 endpoint(s) beneath base path '/actuator'
2020-07-22 19:04:07.767  INFO 12480 --- [restartedMain] s.b.a.e.w.s.WebMvcEndpointHandlerMapping : Mapped "{[/actuator/health],methods=[GET],produces=[application/vnd.spring-boot.actuator.v2+json || application/json]}" onto public java.lang.Object org.springframework.boot.actuate.endpoint.web.servlet.AbstractWebMvcEndpointHandlerMapping$OperationHandler.handle(javax.servlet.http.HttpServletRequest,java.util.Map<java.lang.String, java.lang.String>)
2020-07-22 19:04:07.767  INFO 12480 --- [restartedMain] s.b.a.e.w.s.WebMvcEndpointHandlerMapping : Mapped "{[/actuator/info],methods=[GET],produces=[application/vnd.spring-boot.actuator.v2+json || application/json]}" onto public java.lang.Object org.springframework.boot.actuate.endpoint.web.servlet.AbstractWebMvcEndpointHandlerMapping$OperationHandler.handle(javax.servlet.http.HttpServletRequest,java.util.Map<java.lang.String, java.lang.String>)
2020-07-22 19:04:07.767  INFO 12480 --- [restartedMain] s.b.a.e.w.s.WebMvcEndpointHandlerMapping : Mapped "{[/actuator],methods=[GET],produces=[application/vnd.spring-boot.actuator.v2+json || application/json]}" onto protected java.util.Map<java.lang.String, java.util.Map<java.lang.String, org.springframework.boot.actuate.endpoint.web.Link>> org.springframework.boot.actuate.endpoint.web.servlet.WebMvcEndpointHandlerMapping.links(javax.servlet.http.HttpServletRequest,javax.servlet.http.HttpServletResponse)
2020-07-22 19:04:07.814  INFO 12480 --- [restartedMain] o.s.j.e.a.AnnotationMBeanExporter        : Registering beans for JMX exposure on startup
2020-07-22 19:04:07.814  INFO 12480 --- [restartedMain] o.s.j.e.a.AnnotationMBeanExporter        : Bean with name 'dataSource' has been autodetected for JMX exposure
2020-07-22 19:04:07.814  INFO 12480 --- [restartedMain] o.s.j.e.a.AnnotationMBeanExporter        : Located MBean 'dataSource': registering with JMX server as MBean [com.zaxxer.hikari:name=dataSource,type=HikariDataSource]
2020-07-22 19:04:07.845  INFO 12480 --- [restartedMain] o.s.b.w.embedded.tomcat.TomcatWebServer  : Tomcat started on port(s): 8080 (http) with context path ''
2020-07-22 19:04:07.845  INFO 12480 --- [restartedMain] tacos.TacoCloudApplication               : Started TacoCloudApplication in 4.343 seconds (JVM running for 5.275)
2020-07-22 19:04:08.906  INFO 12480 --- [RMI TCP Connection(3)-192.168.1.101] o.a.c.c.C.[Tomcat].[localhost].[/]       : Initializing Spring FrameworkServlet 'dispatcherServlet'
2020-07-22 19:04:08.906  INFO 12480 --- [RMI TCP Connection(3)-192.168.1.101] o.s.web.servlet.DispatcherServlet        : FrameworkServlet 'dispatcherServlet': initialization started
2020-07-22 19:04:08.921  INFO 12480 --- [RMI TCP Connection(3)-192.168.1.101] o.s.web.servlet.DispatcherServlet        : FrameworkServlet 'dispatcherServlet': initialization completed in 15 ms
2020-07-22 20:00:47.780  WARN 12480 --- [HikariPool-1 housekeeper] com.zaxxer.hikari.pool.HikariPool        : HikariPool-1 - Thread starvation or clock leap detected (housekeeper delta=52m41s470ms129s800ns).
