2020-07-26 16:12:30.739  INFO 13844 --- [restartedMain] tacos.TacoCloudApplication               : Starting TacoCloudApplication on DESKTOP-K1GP1I5 with PID 13844 (F:\IdeaProjects\MySpring\mySpringSample\s5\tacos\target\classes started by dell in F:\IdeaProjects\MySpring\mySpringSample\s5\tacos)
2020-07-26 16:12:30.742  INFO 13844 --- [restartedMain] tacos.TacoCloudApplication               : No active profile set, falling back to default profiles: default
2020-07-26 16:12:30.783  INFO 13844 --- [restartedMain] ConfigServletWebServerApplicationContext : Refreshing org.springframework.boot.web.servlet.context.AnnotationConfigServletWebServerApplicationContext@1de4d0d1: startup date [Sun Jul 26 16:12:30 CST 2020]; root of context hierarchy
2020-07-26 16:12:32.179  INFO 13844 --- [restartedMain] trationDelegate$BeanPostProcessorChecker : Bean 'org.springframework.transaction.annotation.ProxyTransactionManagementConfiguration' of type [org.springframework.transaction.annotation.ProxyTransactionManagementConfiguration$$EnhancerBySpringCGLIB$$27635237] is not eligible for getting processed by all BeanPostProcessors (for example: not eligible for auto-proxying)
2020-07-26 16:12:32.564  INFO 13844 --- [restartedMain] o.s.b.w.embedded.tomcat.TomcatWebServer  : Tomcat initialized with port(s): 808 (http)
2020-07-26 16:12:32.578  INFO 13844 --- [restartedMain] o.apache.catalina.core.StandardService   : Starting service [Tomcat]
2020-07-26 16:12:32.578  INFO 13844 --- [restartedMain] org.apache.catalina.core.StandardEngine  : Starting Servlet Engine: Apache Tomcat/8.5.32
2020-07-26 16:12:32.580  INFO 13844 --- [localhost-startStop-1] o.a.catalina.core.AprLifecycleListener   : The APR based Apache Tomcat Native library which allows optimal performance in production environments was not found on the java.library.path: [F:\JavaJdk\jdk8\bin;C:\windows\Sun\Java\bin;C:\windows\system32;C:\windows;C:\windows\system32;C:\windows;C:\windows\System32\Wbem;C:\windows\System32\WindowsPowerShell\v1.0\;C:\windows\System32\OpenSSH\;C:\Program Files\Java\jdk-13.0.2\bin;C:\Program Files\Java\jdk-13.0.2\jre\bin;C:\Program Files\MySQL\bin;F:\Maven\apache-maven-3.6.3\bin;C:\Program Files (x86)\Intel\Intel(R) Management Engine Components\DAL;C:\Program Files\Intel\Intel(R) Management Engine Components\DAL;C:\Program Files (x86)\NVIDIA Corporation\PhysX\Common;C:\Users\dell\AppData\Local\Microsoft\WindowsApps;;.]
2020-07-26 16:12:32.656  INFO 13844 --- [localhost-startStop-1] o.a.c.c.C.[Tomcat].[localhost].[/]       : Initializing Spring embedded WebApplicationContext
2020-07-26 16:12:32.657  INFO 13844 --- [localhost-startStop-1] o.s.web.context.ContextLoader            : Root WebApplicationContext: initialization completed in 1874 ms
2020-07-26 16:12:33.232  INFO 13844 --- [localhost-startStop-1] o.s.b.w.servlet.FilterRegistrationBean   : Mapping filter: 'characterEncodingFilter' to: [/*]
2020-07-26 16:12:33.232  INFO 13844 --- [localhost-startStop-1] o.s.b.w.servlet.FilterRegistrationBean   : Mapping filter: 'webMvcMetricsFilter' to: [/*]
2020-07-26 16:12:33.232  INFO 13844 --- [localhost-startStop-1] o.s.b.w.servlet.FilterRegistrationBean   : Mapping filter: 'hiddenHttpMethodFilter' to: [/*]
2020-07-26 16:12:33.232  INFO 13844 --- [localhost-startStop-1] o.s.b.w.servlet.FilterRegistrationBean   : Mapping filter: 'httpPutFormContentFilter' to: [/*]
2020-07-26 16:12:33.233  INFO 13844 --- [localhost-startStop-1] o.s.b.w.servlet.FilterRegistrationBean   : Mapping filter: 'requestContextFilter' to: [/*]
2020-07-26 16:12:33.233  INFO 13844 --- [localhost-startStop-1] .s.DelegatingFilterProxyRegistrationBean : Mapping filter: 'springSecurityFilterChain' to: [/*]
2020-07-26 16:12:33.233  INFO 13844 --- [localhost-startStop-1] o.s.b.w.servlet.FilterRegistrationBean   : Mapping filter: 'httpTraceFilter' to: [/*]
2020-07-26 16:12:33.233  INFO 13844 --- [localhost-startStop-1] o.s.b.w.servlet.ServletRegistrationBean  : Servlet dispatcherServlet mapped to [/]
2020-07-26 16:12:33.234  INFO 13844 --- [localhost-startStop-1] o.s.b.w.servlet.ServletRegistrationBean  : Servlet webServlet mapped to [/h2-console/*]
2020-07-26 16:12:33.300  INFO 13844 --- [restartedMain] com.zaxxer.hikari.HikariDataSource       : HikariPool-1 - Starting...
2020-07-26 16:12:33.375  INFO 13844 --- [restartedMain] com.zaxxer.hikari.HikariDataSource       : HikariPool-1 - Start completed.
2020-07-26 16:12:33.406  INFO 13844 --- [restartedMain] j.LocalContainerEntityManagerFactoryBean : Building JPA container EntityManagerFactory for persistence unit 'default'
2020-07-26 16:12:33.417  INFO 13844 --- [restartedMain] o.hibernate.jpa.internal.util.LogHelper  : HHH000204: Processing PersistenceUnitInfo [
	name: default
	...]
2020-07-26 16:12:33.485  INFO 13844 --- [restartedMain] org.hibernate.Version                    : HHH000412: Hibernate Core {5.2.17.Final}
2020-07-26 16:12:33.487  INFO 13844 --- [restartedMain] org.hibernate.cfg.Environment            : HHH000206: hibernate.properties not found
2020-07-26 16:12:33.526  INFO 13844 --- [restartedMain] o.hibernate.annotations.common.Version   : HCANN000001: Hibernate Commons Annotations {5.0.1.Final}
2020-07-26 16:12:33.632  INFO 13844 --- [restartedMain] org.hibernate.dialect.Dialect            : HHH000400: Using dialect: org.hibernate.dialect.H2Dialect
2020-07-26 16:12:34.101  INFO 13844 --- [restartedMain] o.h.t.schema.internal.SchemaCreatorImpl  : HHH000476: Executing import script 'org.hibernate.tool.schema.internal.exec.ScriptSourceInputNonExistentImpl@60e5825c'
2020-07-26 16:12:34.103  INFO 13844 --- [restartedMain] j.LocalContainerEntityManagerFactoryBean : Initialized JPA EntityManagerFactory for persistence unit 'default'
2020-07-26 16:12:34.654 DEBUG 13844 --- [restartedMain] edFilterInvocationSecurityMetadataSource : Adding web access control expression 'hasRole('ROLE_USER')', for Ant [pattern='/design']
2020-07-26 16:12:34.656 DEBUG 13844 --- [restartedMain] edFilterInvocationSecurityMetadataSource : Adding web access control expression 'hasRole('ROLE_USER')', for Ant [pattern='/orders']
2020-07-26 16:12:34.656 DEBUG 13844 --- [restartedMain] edFilterInvocationSecurityMetadataSource : Adding web access control expression 'permitAll', for Ant [pattern='/']
2020-07-26 16:12:34.657 DEBUG 13844 --- [restartedMain] edFilterInvocationSecurityMetadataSource : Adding web access control expression 'permitAll', for Ant [pattern='/**']
2020-07-26 16:12:34.662 DEBUG 13844 --- [restartedMain] o.s.s.w.a.i.FilterSecurityInterceptor    : Validated configuration attributes
2020-07-26 16:12:34.663 DEBUG 13844 --- [restartedMain] o.s.s.w.a.i.FilterSecurityInterceptor    : Validated configuration attributes
2020-07-26 16:12:34.672  INFO 13844 --- [restartedMain] o.s.s.web.DefaultSecurityFilterChain     : Creating filter chain: org.springframework.security.web.util.matcher.AnyRequestMatcher@1, [org.springframework.security.web.context.request.async.WebAsyncManagerIntegrationFilter@90f2f2, org.springframework.security.web.context.SecurityContextPersistenceFilter@66ca476d, org.springframework.security.web.header.HeaderWriterFilter@1f675e2a, org.springframework.security.web.csrf.CsrfFilter@2a989d05, org.springframework.security.web.authentication.logout.LogoutFilter@4b7ef592, org.springframework.security.web.authentication.UsernamePasswordAuthenticationFilter@698d45ad, org.springframework.security.web.savedrequest.RequestCacheAwareFilter@3cfeea85, org.springframework.security.web.servletapi.SecurityContextHolderAwareRequestFilter@5dbfd7b4, org.springframework.security.web.authentication.AnonymousAuthenticationFilter@14403dda, org.springframework.security.web.session.SessionManagementFilter@630e7c46, org.springframework.security.web.access.ExceptionTranslationFilter@76bcd44a, org.springframework.security.web.access.intercept.FilterSecurityInterceptor@5b30b2f3]
2020-07-26 16:12:34.729  INFO 13844 --- [restartedMain] o.s.w.s.handler.SimpleUrlHandlerMapping  : Mapped URL path [/**/favicon.ico] onto handler of type [class org.springframework.web.servlet.resource.ResourceHttpRequestHandler]
2020-07-26 16:12:34.864  INFO 13844 --- [restartedMain] s.w.s.m.m.a.RequestMappingHandlerAdapter : Looking for @ControllerAdvice: org.springframework.boot.web.servlet.context.AnnotationConfigServletWebServerApplicationContext@1de4d0d1: startup date [Sun Jul 26 16:12:30 CST 2020]; root of context hierarchy
2020-07-26 16:12:34.892  WARN 13844 --- [restartedMain] aWebConfiguration$JpaWebMvcConfiguration : spring.jpa.open-in-view is enabled by default. Therefore, database queries may be performed during view rendering. Explicitly configure spring.jpa.open-in-view to disable this warning
2020-07-26 16:12:34.915  INFO 13844 --- [restartedMain] s.w.s.m.m.a.RequestMappingHandlerMapping : Mapped "{[/register],methods=[POST]}" onto public java.lang.String tacos.security.RegistrationController.processRegistration(tacos.security.RegistrationForm)
2020-07-26 16:12:34.915  INFO 13844 --- [restartedMain] s.w.s.m.m.a.RequestMappingHandlerMapping : Mapped "{[/register],methods=[GET]}" onto public java.lang.String tacos.security.RegistrationController.registerForm()
2020-07-26 16:12:34.916  INFO 13844 --- [restartedMain] s.w.s.m.m.a.RequestMappingHandlerMapping : Mapped "{[/design],methods=[GET]}" onto public java.lang.String tacos.web.DesignTacoController.showDesignForm(org.springframework.ui.Model,java.security.Principal)
2020-07-26 16:12:34.917  INFO 13844 --- [restartedMain] s.w.s.m.m.a.RequestMappingHandlerMapping : Mapped "{[/design],methods=[POST]}" onto public java.lang.String tacos.web.DesignTacoController.processDesign(tacos.Taco,org.springframework.validation.Errors,tacos.Order)
2020-07-26 16:12:34.917  INFO 13844 --- [restartedMain] s.w.s.m.m.a.RequestMappingHandlerMapping : Mapped "{[/orders/current],methods=[GET]}" onto public java.lang.String tacos.web.OrderController.orderForm(tacos.User,tacos.Order)
2020-07-26 16:12:34.918  INFO 13844 --- [restartedMain] s.w.s.m.m.a.RequestMappingHandlerMapping : Mapped "{[/orders],methods=[GET]}" onto public java.lang.String tacos.web.OrderController.ordersForUser(tacos.User,org.springframework.ui.Model)
2020-07-26 16:12:34.918  INFO 13844 --- [restartedMain] s.w.s.m.m.a.RequestMappingHandlerMapping : Mapped "{[/orders],methods=[POST]}" onto public java.lang.String tacos.web.OrderController.processOrder(tacos.Order,org.springframework.validation.Errors,org.springframework.web.bind.support.SessionStatus,tacos.User)
2020-07-26 16:12:34.920  INFO 13844 --- [restartedMain] s.w.s.m.m.a.RequestMappingHandlerMapping : Mapped "{[/error]}" onto public org.springframework.http.ResponseEntity<java.util.Map<java.lang.String, java.lang.Object>> org.springframework.boot.autoconfigure.web.servlet.error.BasicErrorController.error(javax.servlet.http.HttpServletRequest)
2020-07-26 16:12:34.921  INFO 13844 --- [restartedMain] s.w.s.m.m.a.RequestMappingHandlerMapping : Mapped "{[/error],produces=[text/html]}" onto public org.springframework.web.servlet.ModelAndView org.springframework.boot.autoconfigure.web.servlet.error.BasicErrorController.errorHtml(javax.servlet.http.HttpServletRequest,javax.servlet.http.HttpServletResponse)
2020-07-26 16:12:34.930  INFO 13844 --- [restartedMain] o.s.w.s.handler.SimpleUrlHandlerMapping  : Root mapping to handler of type [class org.springframework.web.servlet.mvc.ParameterizableViewController]
2020-07-26 16:12:34.930  INFO 13844 --- [restartedMain] o.s.w.s.handler.SimpleUrlHandlerMapping  : Mapped URL path [/abc] onto handler of type [class org.springframework.web.servlet.mvc.ParameterizableViewController]
2020-07-26 16:12:34.930  INFO 13844 --- [restartedMain] o.s.w.s.handler.SimpleUrlHandlerMapping  : Mapped URL path [/login] onto handler of type [class org.springframework.web.servlet.mvc.ParameterizableViewController]
2020-07-26 16:12:34.941  INFO 13844 --- [restartedMain] o.s.w.s.handler.SimpleUrlHandlerMapping  : Mapped URL path [/webjars/**] onto handler of type [class org.springframework.web.servlet.resource.ResourceHttpRequestHandler]
2020-07-26 16:12:34.941  INFO 13844 --- [restartedMain] o.s.w.s.handler.SimpleUrlHandlerMapping  : Mapped URL path [/**] onto handler of type [class org.springframework.web.servlet.resource.ResourceHttpRequestHandler]
2020-07-26 16:12:35.304  INFO 13844 --- [restartedMain] o.s.b.d.a.OptionalLiveReloadServer       : LiveReload server is running on port 35729
2020-07-26 16:12:35.318  INFO 13844 --- [restartedMain] o.s.b.a.e.web.EndpointLinksResolver      : Exposing 2 endpoint(s) beneath base path '/actuator'
2020-07-26 16:12:35.327  INFO 13844 --- [restartedMain] s.b.a.e.w.s.WebMvcEndpointHandlerMapping : Mapped "{[/actuator/health],methods=[GET],produces=[application/vnd.spring-boot.actuator.v2+json || application/json]}" onto public java.lang.Object org.springframework.boot.actuate.endpoint.web.servlet.AbstractWebMvcEndpointHandlerMapping$OperationHandler.handle(javax.servlet.http.HttpServletRequest,java.util.Map<java.lang.String, java.lang.String>)
2020-07-26 16:12:35.328  INFO 13844 --- [restartedMain] s.b.a.e.w.s.WebMvcEndpointHandlerMapping : Mapped "{[/actuator/info],methods=[GET],produces=[application/vnd.spring-boot.actuator.v2+json || application/json]}" onto public java.lang.Object org.springframework.boot.actuate.endpoint.web.servlet.AbstractWebMvcEndpointHandlerMapping$OperationHandler.handle(javax.servlet.http.HttpServletRequest,java.util.Map<java.lang.String, java.lang.String>)
2020-07-26 16:12:35.328  INFO 13844 --- [restartedMain] s.b.a.e.w.s.WebMvcEndpointHandlerMapping : Mapped "{[/actuator],methods=[GET],produces=[application/vnd.spring-boot.actuator.v2+json || application/json]}" onto protected java.util.Map<java.lang.String, java.util.Map<java.lang.String, org.springframework.boot.actuate.endpoint.web.Link>> org.springframework.boot.actuate.endpoint.web.servlet.WebMvcEndpointHandlerMapping.links(javax.servlet.http.HttpServletRequest,javax.servlet.http.HttpServletResponse)
2020-07-26 16:12:35.371  INFO 13844 --- [restartedMain] o.s.j.e.a.AnnotationMBeanExporter        : Registering beans for JMX exposure on startup
2020-07-26 16:12:35.372  INFO 13844 --- [restartedMain] o.s.j.e.a.AnnotationMBeanExporter        : Bean with name 'dataSource' has been autodetected for JMX exposure
2020-07-26 16:12:35.379  INFO 13844 --- [restartedMain] o.s.j.e.a.AnnotationMBeanExporter        : Located MBean 'dataSource': registering with JMX server as MBean [com.zaxxer.hikari:name=dataSource,type=HikariDataSource]
2020-07-26 16:12:35.413  INFO 13844 --- [restartedMain] o.s.b.w.embedded.tomcat.TomcatWebServer  : Tomcat started on port(s): 808 (http) with context path ''
2020-07-26 16:12:35.415  INFO 13844 --- [restartedMain] tacos.TacoCloudApplication               : Started TacoCloudApplication in 5.094 seconds (JVM running for 6.236)
2020-07-26 16:12:35.812  INFO 13844 --- [RMI TCP Connection(3)-192.168.1.100] o.a.c.c.C.[Tomcat].[localhost].[/]       : Initializing Spring FrameworkServlet 'dispatcherServlet'
2020-07-26 16:12:35.812  INFO 13844 --- [RMI TCP Connection(3)-192.168.1.100] o.s.web.servlet.DispatcherServlet        : FrameworkServlet 'dispatcherServlet': initialization started
2020-07-26 16:12:35.828  INFO 13844 --- [RMI TCP Connection(3)-192.168.1.100] o.s.web.servlet.DispatcherServlet        : FrameworkServlet 'dispatcherServlet': initialization completed in 15 ms
2020-07-26 16:13:47.563  INFO 8696 --- [restartedMain] tacos.TacoCloudApplication               : Starting TacoCloudApplication on DESKTOP-K1GP1I5 with PID 8696 (F:\IdeaProjects\MySpring\mySpringSample\s5\tacos\target\classes started by dell in F:\IdeaProjects\MySpring\mySpringSample\s5\tacos)
2020-07-26 16:13:47.565  INFO 8696 --- [restartedMain] tacos.TacoCloudApplication               : No active profile set, falling back to default profiles: default
2020-07-26 16:13:47.621  INFO 8696 --- [restartedMain] ConfigServletWebServerApplicationContext : Refreshing org.springframework.boot.web.servlet.context.AnnotationConfigServletWebServerApplicationContext@7a5cc607: startup date [Sun Jul 26 16:13:47 CST 2020]; root of context hierarchy
2020-07-26 16:13:48.883  INFO 8696 --- [restartedMain] trationDelegate$BeanPostProcessorChecker : Bean 'org.springframework.transaction.annotation.ProxyTransactionManagementConfiguration' of type [org.springframework.transaction.annotation.ProxyTransactionManagementConfiguration$$EnhancerBySpringCGLIB$$a37841f7] is not eligible for getting processed by all BeanPostProcessors (for example: not eligible for auto-proxying)
2020-07-26 16:13:49.232  INFO 8696 --- [restartedMain] o.s.b.w.embedded.tomcat.TomcatWebServer  : Tomcat initialized with port(s): 8080 (http)
2020-07-26 16:13:49.246  INFO 8696 --- [restartedMain] o.apache.catalina.core.StandardService   : Starting service [Tomcat]
2020-07-26 16:13:49.246  INFO 8696 --- [restartedMain] org.apache.catalina.core.StandardEngine  : Starting Servlet Engine: Apache Tomcat/8.5.32
2020-07-26 16:13:49.249  INFO 8696 --- [localhost-startStop-1] o.a.catalina.core.AprLifecycleListener   : The APR based Apache Tomcat Native library which allows optimal performance in production environments was not found on the java.library.path: [F:\JavaJdk\jdk8\bin;C:\windows\Sun\Java\bin;C:\windows\system32;C:\windows;C:\windows\system32;C:\windows;C:\windows\System32\Wbem;C:\windows\System32\WindowsPowerShell\v1.0\;C:\windows\System32\OpenSSH\;C:\Program Files\Java\jdk-13.0.2\bin;C:\Program Files\Java\jdk-13.0.2\jre\bin;C:\Program Files\MySQL\bin;F:\Maven\apache-maven-3.6.3\bin;C:\Program Files (x86)\Intel\Intel(R) Management Engine Components\DAL;C:\Program Files\Intel\Intel(R) Management Engine Components\DAL;C:\Program Files (x86)\NVIDIA Corporation\PhysX\Common;C:\Users\dell\AppData\Local\Microsoft\WindowsApps;;.]
2020-07-26 16:13:49.331  INFO 8696 --- [localhost-startStop-1] o.a.c.c.C.[Tomcat].[localhost].[/]       : Initializing Spring embedded WebApplicationContext
2020-07-26 16:13:49.331  INFO 8696 --- [localhost-startStop-1] o.s.web.context.ContextLoader            : Root WebApplicationContext: initialization completed in 1710 ms
2020-07-26 16:13:50.016  INFO 8696 --- [localhost-startStop-1] o.s.b.w.servlet.FilterRegistrationBean   : Mapping filter: 'characterEncodingFilter' to: [/*]
2020-07-26 16:13:50.017  INFO 8696 --- [localhost-startStop-1] o.s.b.w.servlet.FilterRegistrationBean   : Mapping filter: 'webMvcMetricsFilter' to: [/*]
2020-07-26 16:13:50.017  INFO 8696 --- [localhost-startStop-1] o.s.b.w.servlet.FilterRegistrationBean   : Mapping filter: 'hiddenHttpMethodFilter' to: [/*]
2020-07-26 16:13:50.017  INFO 8696 --- [localhost-startStop-1] o.s.b.w.servlet.FilterRegistrationBean   : Mapping filter: 'httpPutFormContentFilter' to: [/*]
2020-07-26 16:13:50.017  INFO 8696 --- [localhost-startStop-1] o.s.b.w.servlet.FilterRegistrationBean   : Mapping filter: 'requestContextFilter' to: [/*]
2020-07-26 16:13:50.018  INFO 8696 --- [localhost-startStop-1] .s.DelegatingFilterProxyRegistrationBean : Mapping filter: 'springSecurityFilterChain' to: [/*]
2020-07-26 16:13:50.018  INFO 8696 --- [localhost-startStop-1] o.s.b.w.servlet.FilterRegistrationBean   : Mapping filter: 'httpTraceFilter' to: [/*]
2020-07-26 16:13:50.018  INFO 8696 --- [localhost-startStop-1] o.s.b.w.servlet.ServletRegistrationBean  : Servlet dispatcherServlet mapped to [/]
2020-07-26 16:13:50.019  INFO 8696 --- [localhost-startStop-1] o.s.b.w.servlet.ServletRegistrationBean  : Servlet webServlet mapped to [/h2-console/*]
2020-07-26 16:13:50.085  INFO 8696 --- [restartedMain] com.zaxxer.hikari.HikariDataSource       : HikariPool-1 - Starting...
2020-07-26 16:13:50.159  INFO 8696 --- [restartedMain] com.zaxxer.hikari.HikariDataSource       : HikariPool-1 - Start completed.
2020-07-26 16:13:50.191  INFO 8696 --- [restartedMain] j.LocalContainerEntityManagerFactoryBean : Building JPA container EntityManagerFactory for persistence unit 'default'
2020-07-26 16:13:50.203  INFO 8696 --- [restartedMain] o.hibernate.jpa.internal.util.LogHelper  : HHH000204: Processing PersistenceUnitInfo [
	name: default
	...]
2020-07-26 16:13:50.259  INFO 8696 --- [restartedMain] org.hibernate.Version                    : HHH000412: Hibernate Core {5.2.17.Final}
2020-07-26 16:13:50.261  INFO 8696 --- [restartedMain] org.hibernate.cfg.Environment            : HHH000206: hibernate.properties not found
2020-07-26 16:13:50.297  INFO 8696 --- [restartedMain] o.hibernate.annotations.common.Version   : HCANN000001: Hibernate Commons Annotations {5.0.1.Final}
2020-07-26 16:13:50.389  INFO 8696 --- [restartedMain] org.hibernate.dialect.Dialect            : HHH000400: Using dialect: org.hibernate.dialect.H2Dialect
2020-07-26 16:13:50.865  INFO 8696 --- [restartedMain] o.h.t.schema.internal.SchemaCreatorImpl  : HHH000476: Executing import script 'org.hibernate.tool.schema.internal.exec.ScriptSourceInputNonExistentImpl@6b13dc67'
2020-07-26 16:13:50.869  INFO 8696 --- [restartedMain] j.LocalContainerEntityManagerFactoryBean : Initialized JPA EntityManagerFactory for persistence unit 'default'
2020-07-26 16:13:51.493 DEBUG 8696 --- [restartedMain] edFilterInvocationSecurityMetadataSource : Adding web access control expression 'hasRole('ROLE_USER')', for Ant [pattern='/design']
2020-07-26 16:13:51.497 DEBUG 8696 --- [restartedMain] edFilterInvocationSecurityMetadataSource : Adding web access control expression 'hasRole('ROLE_USER')', for Ant [pattern='/orders']
2020-07-26 16:13:51.497 DEBUG 8696 --- [restartedMain] edFilterInvocationSecurityMetadataSource : Adding web access control expression 'permitAll', for Ant [pattern='/']
2020-07-26 16:13:51.499 DEBUG 8696 --- [restartedMain] edFilterInvocationSecurityMetadataSource : Adding web access control expression 'permitAll', for Ant [pattern='/**']
2020-07-26 16:13:51.504 DEBUG 8696 --- [restartedMain] o.s.s.w.a.i.FilterSecurityInterceptor    : Validated configuration attributes
2020-07-26 16:13:51.505 DEBUG 8696 --- [restartedMain] o.s.s.w.a.i.FilterSecurityInterceptor    : Validated configuration attributes
2020-07-26 16:13:51.514  INFO 8696 --- [restartedMain] o.s.s.web.DefaultSecurityFilterChain     : Creating filter chain: org.springframework.security.web.util.matcher.AnyRequestMatcher@1, [org.springframework.security.web.context.request.async.WebAsyncManagerIntegrationFilter@42701188, org.springframework.security.web.context.SecurityContextPersistenceFilter@cbb85ab, org.springframework.security.web.header.HeaderWriterFilter@35f4c667, org.springframework.security.web.csrf.CsrfFilter@1e387cd9, org.springframework.security.web.authentication.logout.LogoutFilter@4b550023, org.springframework.security.web.authentication.UsernamePasswordAuthenticationFilter@456822af, org.springframework.security.web.savedrequest.RequestCacheAwareFilter@41dadc7b, org.springframework.security.web.servletapi.SecurityContextHolderAwareRequestFilter@44430548, org.springframework.security.web.authentication.AnonymousAuthenticationFilter@1fb60d8e, org.springframework.security.web.session.SessionManagementFilter@2f32fca4, org.springframework.security.web.access.ExceptionTranslationFilter@7d43a1e6, org.springframework.security.web.access.intercept.FilterSecurityInterceptor@735b6ef8]
2020-07-26 16:13:51.602  INFO 8696 --- [restartedMain] o.s.w.s.handler.SimpleUrlHandlerMapping  : Mapped URL path [/**/favicon.ico] onto handler of type [class org.springframework.web.servlet.resource.ResourceHttpRequestHandler]
2020-07-26 16:13:51.800  INFO 8696 --- [restartedMain] s.w.s.m.m.a.RequestMappingHandlerAdapter : Looking for @ControllerAdvice: org.springframework.boot.web.servlet.context.AnnotationConfigServletWebServerApplicationContext@7a5cc607: startup date [Sun Jul 26 16:13:47 CST 2020]; root of context hierarchy
2020-07-26 16:13:51.832  WARN 8696 --- [restartedMain] aWebConfiguration$JpaWebMvcConfiguration : spring.jpa.open-in-view is enabled by default. Therefore, database queries may be performed during view rendering. Explicitly configure spring.jpa.open-in-view to disable this warning
2020-07-26 16:13:51.862  INFO 8696 --- [restartedMain] s.w.s.m.m.a.RequestMappingHandlerMapping : Mapped "{[/register],methods=[POST]}" onto public java.lang.String tacos.security.RegistrationController.processRegistration(tacos.security.RegistrationForm)
2020-07-26 16:13:51.863  INFO 8696 --- [restartedMain] s.w.s.m.m.a.RequestMappingHandlerMapping : Mapped "{[/register],methods=[GET]}" onto public java.lang.String tacos.security.RegistrationController.registerForm()
2020-07-26 16:13:51.864  INFO 8696 --- [restartedMain] s.w.s.m.m.a.RequestMappingHandlerMapping : Mapped "{[/design],methods=[POST]}" onto public java.lang.String tacos.web.DesignTacoController.processDesign(tacos.Taco,org.springframework.validation.Errors,tacos.Order)
2020-07-26 16:13:51.864  INFO 8696 --- [restartedMain] s.w.s.m.m.a.RequestMappingHandlerMapping : Mapped "{[/design],methods=[GET]}" onto public java.lang.String tacos.web.DesignTacoController.showDesignForm(org.springframework.ui.Model,java.security.Principal)
2020-07-26 16:13:51.865  INFO 8696 --- [restartedMain] s.w.s.m.m.a.RequestMappingHandlerMapping : Mapped "{[/orders/current],methods=[GET]}" onto public java.lang.String tacos.web.OrderController.orderForm(tacos.User,tacos.Order)
2020-07-26 16:13:51.866  INFO 8696 --- [restartedMain] s.w.s.m.m.a.RequestMappingHandlerMapping : Mapped "{[/orders],methods=[GET]}" onto public java.lang.String tacos.web.OrderController.ordersForUser(tacos.User,org.springframework.ui.Model)
2020-07-26 16:13:51.866  INFO 8696 --- [restartedMain] s.w.s.m.m.a.RequestMappingHandlerMapping : Mapped "{[/orders],methods=[POST]}" onto public java.lang.String tacos.web.OrderController.processOrder(tacos.Order,org.springframework.validation.Errors,org.springframework.web.bind.support.SessionStatus,tacos.User)
2020-07-26 16:13:51.868  INFO 8696 --- [restartedMain] s.w.s.m.m.a.RequestMappingHandlerMapping : Mapped "{[/error]}" onto public org.springframework.http.ResponseEntity<java.util.Map<java.lang.String, java.lang.Object>> org.springframework.boot.autoconfigure.web.servlet.error.BasicErrorController.error(javax.servlet.http.HttpServletRequest)
2020-07-26 16:13:51.868  INFO 8696 --- [restartedMain] s.w.s.m.m.a.RequestMappingHandlerMapping : Mapped "{[/error],produces=[text/html]}" onto public org.springframework.web.servlet.ModelAndView org.springframework.boot.autoconfigure.web.servlet.error.BasicErrorController.errorHtml(javax.servlet.http.HttpServletRequest,javax.servlet.http.HttpServletResponse)
2020-07-26 16:13:51.877  INFO 8696 --- [restartedMain] o.s.w.s.handler.SimpleUrlHandlerMapping  : Root mapping to handler of type [class org.springframework.web.servlet.mvc.ParameterizableViewController]
2020-07-26 16:13:51.878  INFO 8696 --- [restartedMain] o.s.w.s.handler.SimpleUrlHandlerMapping  : Mapped URL path [/abc] onto handler of type [class org.springframework.web.servlet.mvc.ParameterizableViewController]
2020-07-26 16:13:51.878  INFO 8696 --- [restartedMain] o.s.w.s.handler.SimpleUrlHandlerMapping  : Mapped URL path [/login] onto handler of type [class org.springframework.web.servlet.mvc.ParameterizableViewController]
2020-07-26 16:13:51.888  INFO 8696 --- [restartedMain] o.s.w.s.handler.SimpleUrlHandlerMapping  : Mapped URL path [/webjars/**] onto handler of type [class org.springframework.web.servlet.resource.ResourceHttpRequestHandler]
2020-07-26 16:13:51.888  INFO 8696 --- [restartedMain] o.s.w.s.handler.SimpleUrlHandlerMapping  : Mapped URL path [/**] onto handler of type [class org.springframework.web.servlet.resource.ResourceHttpRequestHandler]
2020-07-26 16:13:52.263  INFO 8696 --- [restartedMain] o.s.b.d.a.OptionalLiveReloadServer       : LiveReload server is running on port 35729
2020-07-26 16:13:52.274  INFO 8696 --- [restartedMain] o.s.b.a.e.web.EndpointLinksResolver      : Exposing 2 endpoint(s) beneath base path '/actuator'
2020-07-26 16:13:52.283  INFO 8696 --- [restartedMain] s.b.a.e.w.s.WebMvcEndpointHandlerMapping : Mapped "{[/actuator/health],methods=[GET],produces=[application/vnd.spring-boot.actuator.v2+json || application/json]}" onto public java.lang.Object org.springframework.boot.actuate.endpoint.web.servlet.AbstractWebMvcEndpointHandlerMapping$OperationHandler.handle(javax.servlet.http.HttpServletRequest,java.util.Map<java.lang.String, java.lang.String>)
2020-07-26 16:13:52.284  INFO 8696 --- [restartedMain] s.b.a.e.w.s.WebMvcEndpointHandlerMapping : Mapped "{[/actuator/info],methods=[GET],produces=[application/vnd.spring-boot.actuator.v2+json || application/json]}" onto public java.lang.Object org.springframework.boot.actuate.endpoint.web.servlet.AbstractWebMvcEndpointHandlerMapping$OperationHandler.handle(javax.servlet.http.HttpServletRequest,java.util.Map<java.lang.String, java.lang.String>)
2020-07-26 16:13:52.284  INFO 8696 --- [restartedMain] s.b.a.e.w.s.WebMvcEndpointHandlerMapping : Mapped "{[/actuator],methods=[GET],produces=[application/vnd.spring-boot.actuator.v2+json || application/json]}" onto protected java.util.Map<java.lang.String, java.util.Map<java.lang.String, org.springframework.boot.actuate.endpoint.web.Link>> org.springframework.boot.actuate.endpoint.web.servlet.WebMvcEndpointHandlerMapping.links(javax.servlet.http.HttpServletRequest,javax.servlet.http.HttpServletResponse)
2020-07-26 16:13:52.330  INFO 8696 --- [restartedMain] o.s.j.e.a.AnnotationMBeanExporter        : Registering beans for JMX exposure on startup
2020-07-26 16:13:52.332  INFO 8696 --- [restartedMain] o.s.j.e.a.AnnotationMBeanExporter        : Bean with name 'dataSource' has been autodetected for JMX exposure
2020-07-26 16:13:52.337  INFO 8696 --- [restartedMain] o.s.j.e.a.AnnotationMBeanExporter        : Located MBean 'dataSource': registering with JMX server as MBean [com.zaxxer.hikari:name=dataSource,type=HikariDataSource]
2020-07-26 16:13:52.366  INFO 8696 --- [restartedMain] o.s.b.w.embedded.tomcat.TomcatWebServer  : Tomcat started on port(s): 8080 (http) with context path ''
2020-07-26 16:13:52.368  INFO 8696 --- [restartedMain] tacos.TacoCloudApplication               : Started TacoCloudApplication in 5.286 seconds (JVM running for 6.298)
2020-07-26 16:13:52.620  INFO 8696 --- [http-nio-8080-exec-1] o.a.c.c.C.[Tomcat].[localhost].[/]       : Initializing Spring FrameworkServlet 'dispatcherServlet'
2020-07-26 16:13:52.620  INFO 8696 --- [http-nio-8080-exec-1] o.s.web.servlet.DispatcherServlet        : FrameworkServlet 'dispatcherServlet': initialization started
2020-07-26 16:13:52.657  INFO 8696 --- [http-nio-8080-exec-1] o.s.web.servlet.DispatcherServlet        : FrameworkServlet 'dispatcherServlet': initialization completed in 37 ms
2020-07-26 16:13:52.682 DEBUG 8696 --- [http-nio-8080-exec-1] o.s.security.web.FilterChainProxy        : / at position 1 of 12 in additional filter chain; firing Filter: 'WebAsyncManagerIntegrationFilter'
2020-07-26 16:13:52.683 DEBUG 8696 --- [http-nio-8080-exec-1] o.s.security.web.FilterChainProxy        : / at position 2 of 12 in additional filter chain; firing Filter: 'SecurityContextPersistenceFilter'
2020-07-26 16:13:52.683 DEBUG 8696 --- [http-nio-8080-exec-1] w.c.HttpSessionSecurityContextRepository : No HttpSession currently exists
2020-07-26 16:13:52.683 DEBUG 8696 --- [http-nio-8080-exec-1] w.c.HttpSessionSecurityContextRepository : No SecurityContext was available from the HttpSession: null. A new one will be created.
2020-07-26 16:13:52.684 DEBUG 8696 --- [http-nio-8080-exec-1] o.s.security.web.FilterChainProxy        : / at position 3 of 12 in additional filter chain; firing Filter: 'HeaderWriterFilter'
2020-07-26 16:13:52.685 DEBUG 8696 --- [http-nio-8080-exec-1] o.s.security.web.FilterChainProxy        : / at position 4 of 12 in additional filter chain; firing Filter: 'CsrfFilter'
2020-07-26 16:13:52.686 DEBUG 8696 --- [http-nio-8080-exec-1] o.s.s.w.util.matcher.AndRequestMatcher   : Trying to match using org.springframework.security.web.csrf.CsrfFilter$DefaultRequiresCsrfMatcher@68bde4b9
2020-07-26 16:13:52.686 DEBUG 8696 --- [http-nio-8080-exec-1] o.s.s.w.util.matcher.AndRequestMatcher   : Did not match
2020-07-26 16:13:52.686 DEBUG 8696 --- [http-nio-8080-exec-1] o.s.security.web.FilterChainProxy        : / at position 5 of 12 in additional filter chain; firing Filter: 'LogoutFilter'
2020-07-26 16:13:52.686 DEBUG 8696 --- [http-nio-8080-exec-1] o.s.s.w.u.matcher.AntPathRequestMatcher  : Request 'GET /' doesn't match 'POST /logout
2020-07-26 16:13:52.686 DEBUG 8696 --- [http-nio-8080-exec-1] o.s.security.web.FilterChainProxy        : / at position 6 of 12 in additional filter chain; firing Filter: 'UsernamePasswordAuthenticationFilter'
2020-07-26 16:13:52.686 DEBUG 8696 --- [http-nio-8080-exec-1] o.s.s.w.u.matcher.AntPathRequestMatcher  : Request 'GET /' doesn't match 'POST /login
2020-07-26 16:13:52.686 DEBUG 8696 --- [http-nio-8080-exec-1] o.s.security.web.FilterChainProxy        : / at position 7 of 12 in additional filter chain; firing Filter: 'RequestCacheAwareFilter'
2020-07-26 16:13:52.686 DEBUG 8696 --- [http-nio-8080-exec-1] o.s.security.web.FilterChainProxy        : / at position 8 of 12 in additional filter chain; firing Filter: 'SecurityContextHolderAwareRequestFilter'
2020-07-26 16:13:52.687 DEBUG 8696 --- [http-nio-8080-exec-1] o.s.security.web.FilterChainProxy        : / at position 9 of 12 in additional filter chain; firing Filter: 'AnonymousAuthenticationFilter'
2020-07-26 16:13:52.688 DEBUG 8696 --- [http-nio-8080-exec-1] o.s.s.w.a.AnonymousAuthenticationFilter  : Populated SecurityContextHolder with anonymous token: 'org.springframework.security.authentication.AnonymousAuthenticationToken@5bc14b43: Principal: anonymousUser; Credentials: [PROTECTED]; Authenticated: true; Details: org.springframework.security.web.authentication.WebAuthenticationDetails@957e: RemoteIpAddress: 127.0.0.1; SessionId: null; Granted Authorities: ROLE_ANONYMOUS'
2020-07-26 16:13:52.688 DEBUG 8696 --- [http-nio-8080-exec-1] o.s.security.web.FilterChainProxy        : / at position 10 of 12 in additional filter chain; firing Filter: 'SessionManagementFilter'
2020-07-26 16:13:52.688 DEBUG 8696 --- [http-nio-8080-exec-1] o.s.security.web.FilterChainProxy        : / at position 11 of 12 in additional filter chain; firing Filter: 'ExceptionTranslationFilter'
2020-07-26 16:13:52.688 DEBUG 8696 --- [http-nio-8080-exec-1] o.s.security.web.FilterChainProxy        : / at position 12 of 12 in additional filter chain; firing Filter: 'FilterSecurityInterceptor'
2020-07-26 16:13:52.689 DEBUG 8696 --- [http-nio-8080-exec-1] o.s.s.w.u.matcher.AntPathRequestMatcher  : Checking match of request : '/'; against '/design'
2020-07-26 16:13:52.689 DEBUG 8696 --- [http-nio-8080-exec-1] o.s.s.w.u.matcher.AntPathRequestMatcher  : Checking match of request : '/'; against '/orders'
2020-07-26 16:13:52.689 DEBUG 8696 --- [http-nio-8080-exec-1] o.s.s.w.u.matcher.AntPathRequestMatcher  : Checking match of request : '/'; against '/'
2020-07-26 16:13:52.689 DEBUG 8696 --- [http-nio-8080-exec-1] o.s.s.w.a.i.FilterSecurityInterceptor    : Secure object: FilterInvocation: URL: /; Attributes: [permitAll]
2020-07-26 16:13:52.689 DEBUG 8696 --- [http-nio-8080-exec-1] o.s.s.w.a.i.FilterSecurityInterceptor    : Previously Authenticated: org.springframework.security.authentication.AnonymousAuthenticationToken@5bc14b43: Principal: anonymousUser; Credentials: [PROTECTED]; Authenticated: true; Details: org.springframework.security.web.authentication.WebAuthenticationDetails@957e: RemoteIpAddress: 127.0.0.1; SessionId: null; Granted Authorities: ROLE_ANONYMOUS
2020-07-26 16:13:52.692 DEBUG 8696 --- [http-nio-8080-exec-1] o.s.s.access.vote.AffirmativeBased       : Voter: org.springframework.security.web.access.expression.WebExpressionVoter@52e1432b, returned: 1
2020-07-26 16:13:52.692 DEBUG 8696 --- [http-nio-8080-exec-1] o.s.s.w.a.i.FilterSecurityInterceptor    : Authorization successful
2020-07-26 16:13:52.692 DEBUG 8696 --- [http-nio-8080-exec-1] o.s.s.w.a.i.FilterSecurityInterceptor    : RunAsManager did not change Authentication object
2020-07-26 16:13:52.692 DEBUG 8696 --- [http-nio-8080-exec-1] o.s.security.web.FilterChainProxy        : / reached end of additional filter chain; proceeding with original chain
2020-07-26 16:13:52.714 DEBUG 8696 --- [http-nio-8080-exec-3] o.s.security.web.FilterChainProxy        : / at position 1 of 12 in additional filter chain; firing Filter: 'WebAsyncManagerIntegrationFilter'
2020-07-26 16:13:52.714 DEBUG 8696 --- [http-nio-8080-exec-3] o.s.security.web.FilterChainProxy        : / at position 2 of 12 in additional filter chain; firing Filter: 'SecurityContextPersistenceFilter'
2020-07-26 16:13:52.714 DEBUG 8696 --- [http-nio-8080-exec-3] w.c.HttpSessionSecurityContextRepository : No HttpSession currently exists
2020-07-26 16:13:52.714 DEBUG 8696 --- [http-nio-8080-exec-3] w.c.HttpSessionSecurityContextRepository : No SecurityContext was available from the HttpSession: null. A new one will be created.
2020-07-26 16:13:52.714 DEBUG 8696 --- [http-nio-8080-exec-3] o.s.security.web.FilterChainProxy        : / at position 3 of 12 in additional filter chain; firing Filter: 'HeaderWriterFilter'
2020-07-26 16:13:52.715 DEBUG 8696 --- [http-nio-8080-exec-3] o.s.security.web.FilterChainProxy        : / at position 4 of 12 in additional filter chain; firing Filter: 'CsrfFilter'
2020-07-26 16:13:52.715 DEBUG 8696 --- [http-nio-8080-exec-3] o.s.s.w.util.matcher.AndRequestMatcher   : Trying to match using org.springframework.security.web.csrf.CsrfFilter$DefaultRequiresCsrfMatcher@68bde4b9
2020-07-26 16:13:52.715 DEBUG 8696 --- [http-nio-8080-exec-3] o.s.s.w.util.matcher.AndRequestMatcher   : Did not match
2020-07-26 16:13:52.715 DEBUG 8696 --- [http-nio-8080-exec-3] o.s.security.web.FilterChainProxy        : / at position 5 of 12 in additional filter chain; firing Filter: 'LogoutFilter'
2020-07-26 16:13:52.715 DEBUG 8696 --- [http-nio-8080-exec-3] o.s.s.w.u.matcher.AntPathRequestMatcher  : Request 'GET /' doesn't match 'POST /logout
2020-07-26 16:13:52.715 DEBUG 8696 --- [http-nio-8080-exec-3] o.s.security.web.FilterChainProxy        : / at position 6 of 12 in additional filter chain; firing Filter: 'UsernamePasswordAuthenticationFilter'
2020-07-26 16:13:52.715 DEBUG 8696 --- [http-nio-8080-exec-3] o.s.s.w.u.matcher.AntPathRequestMatcher  : Request 'GET /' doesn't match 'POST /login
2020-07-26 16:13:52.715 DEBUG 8696 --- [http-nio-8080-exec-3] o.s.security.web.FilterChainProxy        : / at position 7 of 12 in additional filter chain; firing Filter: 'RequestCacheAwareFilter'
2020-07-26 16:13:52.715 DEBUG 8696 --- [http-nio-8080-exec-3] o.s.security.web.FilterChainProxy        : / at position 8 of 12 in additional filter chain; firing Filter: 'SecurityContextHolderAwareRequestFilter'
2020-07-26 16:13:52.715 DEBUG 8696 --- [http-nio-8080-exec-3] o.s.security.web.FilterChainProxy        : / at position 9 of 12 in additional filter chain; firing Filter: 'AnonymousAuthenticationFilter'
2020-07-26 16:13:52.715 DEBUG 8696 --- [http-nio-8080-exec-3] o.s.s.w.a.AnonymousAuthenticationFilter  : Populated SecurityContextHolder with anonymous token: 'org.springframework.security.authentication.AnonymousAuthenticationToken@5bbd2fed: Principal: anonymousUser; Credentials: [PROTECTED]; Authenticated: true; Details: org.springframework.security.web.authentication.WebAuthenticationDetails@b364: RemoteIpAddress: 0:0:0:0:0:0:0:1; SessionId: null; Granted Authorities: ROLE_ANONYMOUS'
2020-07-26 16:13:52.715 DEBUG 8696 --- [http-nio-8080-exec-3] o.s.security.web.FilterChainProxy        : / at position 10 of 12 in additional filter chain; firing Filter: 'SessionManagementFilter'
2020-07-26 16:13:52.716 DEBUG 8696 --- [http-nio-8080-exec-3] o.s.security.web.FilterChainProxy        : / at position 11 of 12 in additional filter chain; firing Filter: 'ExceptionTranslationFilter'
2020-07-26 16:13:52.716 DEBUG 8696 --- [http-nio-8080-exec-3] o.s.security.web.FilterChainProxy        : / at position 12 of 12 in additional filter chain; firing Filter: 'FilterSecurityInterceptor'
2020-07-26 16:13:52.716 DEBUG 8696 --- [http-nio-8080-exec-3] o.s.s.w.u.matcher.AntPathRequestMatcher  : Checking match of request : '/'; against '/design'
2020-07-26 16:13:52.716 DEBUG 8696 --- [http-nio-8080-exec-3] o.s.s.w.u.matcher.AntPathRequestMatcher  : Checking match of request : '/'; against '/orders'
2020-07-26 16:13:52.716 DEBUG 8696 --- [http-nio-8080-exec-3] o.s.s.w.u.matcher.AntPathRequestMatcher  : Checking match of request : '/'; against '/'
2020-07-26 16:13:52.716 DEBUG 8696 --- [http-nio-8080-exec-3] o.s.s.w.a.i.FilterSecurityInterceptor    : Secure object: FilterInvocation: URL: /; Attributes: [permitAll]
2020-07-26 16:13:52.716 DEBUG 8696 --- [http-nio-8080-exec-3] o.s.s.w.a.i.FilterSecurityInterceptor    : Previously Authenticated: org.springframework.security.authentication.AnonymousAuthenticationToken@5bbd2fed: Principal: anonymousUser; Credentials: [PROTECTED]; Authenticated: true; Details: org.springframework.security.web.authentication.WebAuthenticationDetails@b364: RemoteIpAddress: 0:0:0:0:0:0:0:1; SessionId: null; Granted Authorities: ROLE_ANONYMOUS
2020-07-26 16:13:52.717 DEBUG 8696 --- [http-nio-8080-exec-3] o.s.s.access.vote.AffirmativeBased       : Voter: org.springframework.security.web.access.expression.WebExpressionVoter@52e1432b, returned: 1
2020-07-26 16:13:52.717 DEBUG 8696 --- [http-nio-8080-exec-3] o.s.s.w.a.i.FilterSecurityInterceptor    : Authorization successful
2020-07-26 16:13:52.717 DEBUG 8696 --- [http-nio-8080-exec-3] o.s.s.w.a.i.FilterSecurityInterceptor    : RunAsManager did not change Authentication object
2020-07-26 16:13:52.717 DEBUG 8696 --- [http-nio-8080-exec-3] o.s.security.web.FilterChainProxy        : / reached end of additional filter chain; proceeding with original chain
2020-07-26 16:13:53.126 DEBUG 8696 --- [http-nio-8080-exec-3] o.s.s.w.header.writers.HstsHeaderWriter  : Not injecting HSTS header since it did not match the requestMatcher org.springframework.security.web.header.writers.HstsHeaderWriter$SecureRequestMatcher@144556d5
2020-07-26 16:13:53.126 DEBUG 8696 --- [http-nio-8080-exec-1] o.s.s.w.header.writers.HstsHeaderWriter  : Not injecting HSTS header since it did not match the requestMatcher org.springframework.security.web.header.writers.HstsHeaderWriter$SecureRequestMatcher@144556d5
2020-07-26 16:13:53.127 DEBUG 8696 --- [http-nio-8080-exec-1] w.c.HttpSessionSecurityContextRepository : SecurityContext is empty or contents are anonymous - context will not be stored in HttpSession.
2020-07-26 16:13:53.127 DEBUG 8696 --- [http-nio-8080-exec-3] w.c.HttpSessionSecurityContextRepository : SecurityContext is empty or contents are anonymous - context will not be stored in HttpSession.
2020-07-26 16:13:53.138 DEBUG 8696 --- [http-nio-8080-exec-3] o.s.s.w.a.ExceptionTranslationFilter     : Chain processed normally
2020-07-26 16:13:53.138 DEBUG 8696 --- [http-nio-8080-exec-1] o.s.s.w.a.ExceptionTranslationFilter     : Chain processed normally
2020-07-26 16:13:53.139 DEBUG 8696 --- [http-nio-8080-exec-3] s.s.w.c.SecurityContextPersistenceFilter : SecurityContextHolder now cleared, as request processing completed
2020-07-26 16:13:53.139 DEBUG 8696 --- [http-nio-8080-exec-1] s.s.w.c.SecurityContextPersistenceFilter : SecurityContextHolder now cleared, as request processing completed
2020-07-26 16:13:53.167 DEBUG 8696 --- [http-nio-8080-exec-2] o.s.security.web.FilterChainProxy        : /images/TacoCloud.png at position 1 of 12 in additional filter chain; firing Filter: 'WebAsyncManagerIntegrationFilter'
2020-07-26 16:13:53.168 DEBUG 8696 --- [http-nio-8080-exec-2] o.s.security.web.FilterChainProxy        : /images/TacoCloud.png at position 2 of 12 in additional filter chain; firing Filter: 'SecurityContextPersistenceFilter'
2020-07-26 16:13:53.168 DEBUG 8696 --- [http-nio-8080-exec-2] w.c.HttpSessionSecurityContextRepository : HttpSession returned null object for SPRING_SECURITY_CONTEXT
2020-07-26 16:13:53.169 DEBUG 8696 --- [http-nio-8080-exec-2] w.c.HttpSessionSecurityContextRepository : No SecurityContext was available from the HttpSession: org.apache.catalina.session.StandardSessionFacade@1a07ce55. A new one will be created.
2020-07-26 16:13:53.169 DEBUG 8696 --- [http-nio-8080-exec-2] o.s.security.web.FilterChainProxy        : /images/TacoCloud.png at position 3 of 12 in additional filter chain; firing Filter: 'HeaderWriterFilter'
2020-07-26 16:13:53.169 DEBUG 8696 --- [http-nio-8080-exec-2] o.s.security.web.FilterChainProxy        : /images/TacoCloud.png at position 4 of 12 in additional filter chain; firing Filter: 'CsrfFilter'
2020-07-26 16:13:53.169 DEBUG 8696 --- [http-nio-8080-exec-2] o.s.s.w.util.matcher.AndRequestMatcher   : Trying to match using org.springframework.security.web.csrf.CsrfFilter$DefaultRequiresCsrfMatcher@68bde4b9
2020-07-26 16:13:53.169 DEBUG 8696 --- [http-nio-8080-exec-2] o.s.s.w.util.matcher.AndRequestMatcher   : Did not match
2020-07-26 16:13:53.169 DEBUG 8696 --- [http-nio-8080-exec-2] o.s.security.web.FilterChainProxy        : /images/TacoCloud.png at position 5 of 12 in additional filter chain; firing Filter: 'LogoutFilter'
2020-07-26 16:13:53.169 DEBUG 8696 --- [http-nio-8080-exec-2] o.s.s.w.u.matcher.AntPathRequestMatcher  : Request 'GET /images/TacoCloud.png' doesn't match 'POST /logout
2020-07-26 16:13:53.169 DEBUG 8696 --- [http-nio-8080-exec-2] o.s.security.web.FilterChainProxy        : /images/TacoCloud.png at position 6 of 12 in additional filter chain; firing Filter: 'UsernamePasswordAuthenticationFilter'
2020-07-26 16:13:53.169 DEBUG 8696 --- [http-nio-8080-exec-2] o.s.s.w.u.matcher.AntPathRequestMatcher  : Request 'GET /images/TacoCloud.png' doesn't match 'POST /login
2020-07-26 16:13:53.169 DEBUG 8696 --- [http-nio-8080-exec-2] o.s.security.web.FilterChainProxy        : /images/TacoCloud.png at position 7 of 12 in additional filter chain; firing Filter: 'RequestCacheAwareFilter'
2020-07-26 16:13:53.169 DEBUG 8696 --- [http-nio-8080-exec-2] o.s.security.web.FilterChainProxy        : /images/TacoCloud.png at position 8 of 12 in additional filter chain; firing Filter: 'SecurityContextHolderAwareRequestFilter'
2020-07-26 16:13:53.169 DEBUG 8696 --- [http-nio-8080-exec-2] o.s.security.web.FilterChainProxy        : /images/TacoCloud.png at position 9 of 12 in additional filter chain; firing Filter: 'AnonymousAuthenticationFilter'
2020-07-26 16:13:53.170 DEBUG 8696 --- [http-nio-8080-exec-2] o.s.s.w.a.AnonymousAuthenticationFilter  : Populated SecurityContextHolder with anonymous token: 'org.springframework.security.authentication.AnonymousAuthenticationToken@67832eb9: Principal: anonymousUser; Credentials: [PROTECTED]; Authenticated: true; Details: org.springframework.security.web.authentication.WebAuthenticationDetails@fffbcba8: RemoteIpAddress: 0:0:0:0:0:0:0:1; SessionId: EF2226511214AE9CEB09825C465470C7; Granted Authorities: ROLE_ANONYMOUS'
2020-07-26 16:13:53.170 DEBUG 8696 --- [http-nio-8080-exec-2] o.s.security.web.FilterChainProxy        : /images/TacoCloud.png at position 10 of 12 in additional filter chain; firing Filter: 'SessionManagementFilter'
2020-07-26 16:13:53.170 DEBUG 8696 --- [http-nio-8080-exec-2] o.s.security.web.FilterChainProxy        : /images/TacoCloud.png at position 11 of 12 in additional filter chain; firing Filter: 'ExceptionTranslationFilter'
2020-07-26 16:13:53.170 DEBUG 8696 --- [http-nio-8080-exec-2] o.s.security.web.FilterChainProxy        : /images/TacoCloud.png at position 12 of 12 in additional filter chain; firing Filter: 'FilterSecurityInterceptor'
2020-07-26 16:13:53.170 DEBUG 8696 --- [http-nio-8080-exec-2] o.s.s.w.u.matcher.AntPathRequestMatcher  : Checking match of request : '/images/TacoCloud.png'; against '/design'
2020-07-26 16:13:53.170 DEBUG 8696 --- [http-nio-8080-exec-2] o.s.s.w.u.matcher.AntPathRequestMatcher  : Checking match of request : '/images/TacoCloud.png'; against '/orders'
2020-07-26 16:13:53.170 DEBUG 8696 --- [http-nio-8080-exec-2] o.s.s.w.u.matcher.AntPathRequestMatcher  : Checking match of request : '/images/TacoCloud.png'; against '/'
2020-07-26 16:13:53.170 DEBUG 8696 --- [http-nio-8080-exec-2] o.s.s.w.u.matcher.AntPathRequestMatcher  : Request '/images/TacoCloud.png' matched by universal pattern '/**'
2020-07-26 16:13:53.170 DEBUG 8696 --- [http-nio-8080-exec-2] o.s.s.w.a.i.FilterSecurityInterceptor    : Secure object: FilterInvocation: URL: /images/TacoCloud.png; Attributes: [permitAll]
2020-07-26 16:13:53.170 DEBUG 8696 --- [http-nio-8080-exec-2] o.s.s.w.a.i.FilterSecurityInterceptor    : Previously Authenticated: org.springframework.security.authentication.AnonymousAuthenticationToken@67832eb9: Principal: anonymousUser; Credentials: [PROTECTED]; Authenticated: true; Details: org.springframework.security.web.authentication.WebAuthenticationDetails@fffbcba8: RemoteIpAddress: 0:0:0:0:0:0:0:1; SessionId: EF2226511214AE9CEB09825C465470C7; Granted Authorities: ROLE_ANONYMOUS
2020-07-26 16:13:53.171 DEBUG 8696 --- [http-nio-8080-exec-2] o.s.s.access.vote.AffirmativeBased       : Voter: org.springframework.security.web.access.expression.WebExpressionVoter@52e1432b, returned: 1
2020-07-26 16:13:53.171 DEBUG 8696 --- [http-nio-8080-exec-2] o.s.s.w.a.i.FilterSecurityInterceptor    : Authorization successful
2020-07-26 16:13:53.171 DEBUG 8696 --- [http-nio-8080-exec-2] o.s.s.w.a.i.FilterSecurityInterceptor    : RunAsManager did not change Authentication object
2020-07-26 16:13:53.171 DEBUG 8696 --- [http-nio-8080-exec-2] o.s.security.web.FilterChainProxy        : /images/TacoCloud.png reached end of additional filter chain; proceeding with original chain
2020-07-26 16:13:53.187 DEBUG 8696 --- [http-nio-8080-exec-2] o.s.s.w.header.writers.HstsHeaderWriter  : Not injecting HSTS header since it did not match the requestMatcher org.springframework.security.web.header.writers.HstsHeaderWriter$SecureRequestMatcher@144556d5
2020-07-26 16:13:53.187 DEBUG 8696 --- [http-nio-8080-exec-2] w.c.HttpSessionSecurityContextRepository : SecurityContext is empty or contents are anonymous - context will not be stored in HttpSession.
2020-07-26 16:13:53.189 DEBUG 8696 --- [http-nio-8080-exec-2] o.s.s.w.a.ExceptionTranslationFilter     : Chain processed normally
2020-07-26 16:13:53.190 DEBUG 8696 --- [http-nio-8080-exec-2] s.s.w.c.SecurityContextPersistenceFilter : SecurityContextHolder now cleared, as request processing completed
2020-07-26 16:13:53.239 DEBUG 8696 --- [http-nio-8080-exec-4] o.s.security.web.FilterChainProxy        : /favicon.ico at position 1 of 12 in additional filter chain; firing Filter: 'WebAsyncManagerIntegrationFilter'
2020-07-26 16:13:53.240 DEBUG 8696 --- [http-nio-8080-exec-4] o.s.security.web.FilterChainProxy        : /favicon.ico at position 2 of 12 in additional filter chain; firing Filter: 'SecurityContextPersistenceFilter'
2020-07-26 16:13:53.240 DEBUG 8696 --- [http-nio-8080-exec-4] w.c.HttpSessionSecurityContextRepository : HttpSession returned null object for SPRING_SECURITY_CONTEXT
2020-07-26 16:13:53.240 DEBUG 8696 --- [http-nio-8080-exec-4] w.c.HttpSessionSecurityContextRepository : No SecurityContext was available from the HttpSession: org.apache.catalina.session.StandardSessionFacade@331c4fa8. A new one will be created.
2020-07-26 16:13:53.240 DEBUG 8696 --- [http-nio-8080-exec-4] o.s.security.web.FilterChainProxy        : /favicon.ico at position 3 of 12 in additional filter chain; firing Filter: 'HeaderWriterFilter'
2020-07-26 16:13:53.240 DEBUG 8696 --- [http-nio-8080-exec-4] o.s.security.web.FilterChainProxy        : /favicon.ico at position 4 of 12 in additional filter chain; firing Filter: 'CsrfFilter'
2020-07-26 16:13:53.240 DEBUG 8696 --- [http-nio-8080-exec-4] o.s.s.w.util.matcher.AndRequestMatcher   : Trying to match using org.springframework.security.web.csrf.CsrfFilter$DefaultRequiresCsrfMatcher@68bde4b9
2020-07-26 16:13:53.240 DEBUG 8696 --- [http-nio-8080-exec-4] o.s.s.w.util.matcher.AndRequestMatcher   : Did not match
2020-07-26 16:13:53.240 DEBUG 8696 --- [http-nio-8080-exec-4] o.s.security.web.FilterChainProxy        : /favicon.ico at position 5 of 12 in additional filter chain; firing Filter: 'LogoutFilter'
2020-07-26 16:13:53.240 DEBUG 8696 --- [http-nio-8080-exec-4] o.s.s.w.u.matcher.AntPathRequestMatcher  : Request 'GET /favicon.ico' doesn't match 'POST /logout
2020-07-26 16:13:53.240 DEBUG 8696 --- [http-nio-8080-exec-4] o.s.security.web.FilterChainProxy        : /favicon.ico at position 6 of 12 in additional filter chain; firing Filter: 'UsernamePasswordAuthenticationFilter'
2020-07-26 16:13:53.241 DEBUG 8696 --- [http-nio-8080-exec-4] o.s.s.w.u.matcher.AntPathRequestMatcher  : Request 'GET /favicon.ico' doesn't match 'POST /login
2020-07-26 16:13:53.241 DEBUG 8696 --- [http-nio-8080-exec-4] o.s.security.web.FilterChainProxy        : /favicon.ico at position 7 of 12 in additional filter chain; firing Filter: 'RequestCacheAwareFilter'
2020-07-26 16:13:53.241 DEBUG 8696 --- [http-nio-8080-exec-4] o.s.security.web.FilterChainProxy        : /favicon.ico at position 8 of 12 in additional filter chain; firing Filter: 'SecurityContextHolderAwareRequestFilter'
2020-07-26 16:13:53.241 DEBUG 8696 --- [http-nio-8080-exec-4] o.s.security.web.FilterChainProxy        : /favicon.ico at position 9 of 12 in additional filter chain; firing Filter: 'AnonymousAuthenticationFilter'
2020-07-26 16:13:53.241 DEBUG 8696 --- [http-nio-8080-exec-4] o.s.s.w.a.AnonymousAuthenticationFilter  : Populated SecurityContextHolder with anonymous token: 'org.springframework.security.authentication.AnonymousAuthenticationToken@66bee017: Principal: anonymousUser; Credentials: [PROTECTED]; Authenticated: true; Details: org.springframework.security.web.authentication.WebAuthenticationDetails@fffd148a: RemoteIpAddress: 127.0.0.1; SessionId: 84D4DA3A7D94A4EAE881159FC5661CB2; Granted Authorities: ROLE_ANONYMOUS'
2020-07-26 16:13:53.241 DEBUG 8696 --- [http-nio-8080-exec-4] o.s.security.web.FilterChainProxy        : /favicon.ico at position 10 of 12 in additional filter chain; firing Filter: 'SessionManagementFilter'
2020-07-26 16:13:53.241 DEBUG 8696 --- [http-nio-8080-exec-4] o.s.security.web.FilterChainProxy        : /favicon.ico at position 11 of 12 in additional filter chain; firing Filter: 'ExceptionTranslationFilter'
2020-07-26 16:13:53.241 DEBUG 8696 --- [http-nio-8080-exec-4] o.s.security.web.FilterChainProxy        : /favicon.ico at position 12 of 12 in additional filter chain; firing Filter: 'FilterSecurityInterceptor'
2020-07-26 16:13:53.241 DEBUG 8696 --- [http-nio-8080-exec-4] o.s.s.w.u.matcher.AntPathRequestMatcher  : Checking match of request : '/favicon.ico'; against '/design'
2020-07-26 16:13:53.241 DEBUG 8696 --- [http-nio-8080-exec-4] o.s.s.w.u.matcher.AntPathRequestMatcher  : Checking match of request : '/favicon.ico'; against '/orders'
2020-07-26 16:13:53.242 DEBUG 8696 --- [http-nio-8080-exec-4] o.s.s.w.u.matcher.AntPathRequestMatcher  : Checking match of request : '/favicon.ico'; against '/'
2020-07-26 16:13:53.242 DEBUG 8696 --- [http-nio-8080-exec-4] o.s.s.w.u.matcher.AntPathRequestMatcher  : Request '/favicon.ico' matched by universal pattern '/**'
2020-07-26 16:13:53.246 DEBUG 8696 --- [http-nio-8080-exec-4] o.s.s.w.a.i.FilterSecurityInterceptor    : Secure object: FilterInvocation: URL: /favicon.ico; Attributes: [permitAll]
2020-07-26 16:13:53.246 DEBUG 8696 --- [http-nio-8080-exec-4] o.s.s.w.a.i.FilterSecurityInterceptor    : Previously Authenticated: org.springframework.security.authentication.AnonymousAuthenticationToken@66bee017: Principal: anonymousUser; Credentials: [PROTECTED]; Authenticated: true; Details: org.springframework.security.web.authentication.WebAuthenticationDetails@fffd148a: RemoteIpAddress: 127.0.0.1; SessionId: 84D4DA3A7D94A4EAE881159FC5661CB2; Granted Authorities: ROLE_ANONYMOUS
2020-07-26 16:13:53.246 DEBUG 8696 --- [http-nio-8080-exec-4] o.s.s.access.vote.AffirmativeBased       : Voter: org.springframework.security.web.access.expression.WebExpressionVoter@52e1432b, returned: 1
2020-07-26 16:13:53.246 DEBUG 8696 --- [http-nio-8080-exec-4] o.s.s.w.a.i.FilterSecurityInterceptor    : Authorization successful
2020-07-26 16:13:53.246 DEBUG 8696 --- [http-nio-8080-exec-4] o.s.s.w.a.i.FilterSecurityInterceptor    : RunAsManager did not change Authentication object
2020-07-26 16:13:53.246 DEBUG 8696 --- [http-nio-8080-exec-4] o.s.security.web.FilterChainProxy        : /favicon.ico reached end of additional filter chain; proceeding with original chain
2020-07-26 16:13:53.265 DEBUG 8696 --- [http-nio-8080-exec-4] o.s.s.w.header.writers.HstsHeaderWriter  : Not injecting HSTS header since it did not match the requestMatcher org.springframework.security.web.header.writers.HstsHeaderWriter$SecureRequestMatcher@144556d5
2020-07-26 16:13:53.266 DEBUG 8696 --- [http-nio-8080-exec-4] w.c.HttpSessionSecurityContextRepository : SecurityContext is empty or contents are anonymous - context will not be stored in HttpSession.
2020-07-26 16:13:53.267 DEBUG 8696 --- [http-nio-8080-exec-4] o.s.s.w.a.ExceptionTranslationFilter     : Chain processed normally
2020-07-26 16:13:53.267 DEBUG 8696 --- [http-nio-8080-exec-4] s.s.w.c.SecurityContextPersistenceFilter : SecurityContextHolder now cleared, as request processing completed
2020-07-26 16:13:53.468 DEBUG 8696 --- [http-nio-8080-exec-5] o.s.security.web.FilterChainProxy        : /favicon.ico at position 1 of 12 in additional filter chain; firing Filter: 'WebAsyncManagerIntegrationFilter'
2020-07-26 16:13:53.469 DEBUG 8696 --- [http-nio-8080-exec-5] o.s.security.web.FilterChainProxy        : /favicon.ico at position 2 of 12 in additional filter chain; firing Filter: 'SecurityContextPersistenceFilter'
2020-07-26 16:13:53.469 DEBUG 8696 --- [http-nio-8080-exec-5] w.c.HttpSessionSecurityContextRepository : HttpSession returned null object for SPRING_SECURITY_CONTEXT
2020-07-26 16:13:53.469 DEBUG 8696 --- [http-nio-8080-exec-5] w.c.HttpSessionSecurityContextRepository : No SecurityContext was available from the HttpSession: org.apache.catalina.session.StandardSessionFacade@1a07ce55. A new one will be created.
2020-07-26 16:13:53.469 DEBUG 8696 --- [http-nio-8080-exec-5] o.s.security.web.FilterChainProxy        : /favicon.ico at position 3 of 12 in additional filter chain; firing Filter: 'HeaderWriterFilter'
2020-07-26 16:13:53.469 DEBUG 8696 --- [http-nio-8080-exec-5] o.s.security.web.FilterChainProxy        : /favicon.ico at position 4 of 12 in additional filter chain; firing Filter: 'CsrfFilter'
2020-07-26 16:13:53.469 DEBUG 8696 --- [http-nio-8080-exec-5] o.s.s.w.util.matcher.AndRequestMatcher   : Trying to match using org.springframework.security.web.csrf.CsrfFilter$DefaultRequiresCsrfMatcher@68bde4b9
2020-07-26 16:13:53.469 DEBUG 8696 --- [http-nio-8080-exec-5] o.s.s.w.util.matcher.AndRequestMatcher   : Did not match
2020-07-26 16:13:53.469 DEBUG 8696 --- [http-nio-8080-exec-5] o.s.security.web.FilterChainProxy        : /favicon.ico at position 5 of 12 in additional filter chain; firing Filter: 'LogoutFilter'
2020-07-26 16:13:53.469 DEBUG 8696 --- [http-nio-8080-exec-5] o.s.s.w.u.matcher.AntPathRequestMatcher  : Request 'GET /favicon.ico' doesn't match 'POST /logout
2020-07-26 16:13:53.469 DEBUG 8696 --- [http-nio-8080-exec-5] o.s.security.web.FilterChainProxy        : /favicon.ico at position 6 of 12 in additional filter chain; firing Filter: 'UsernamePasswordAuthenticationFilter'
2020-07-26 16:13:53.469 DEBUG 8696 --- [http-nio-8080-exec-5] o.s.s.w.u.matcher.AntPathRequestMatcher  : Request 'GET /favicon.ico' doesn't match 'POST /login
2020-07-26 16:13:53.469 DEBUG 8696 --- [http-nio-8080-exec-5] o.s.security.web.FilterChainProxy        : /favicon.ico at position 7 of 12 in additional filter chain; firing Filter: 'RequestCacheAwareFilter'
2020-07-26 16:13:53.469 DEBUG 8696 --- [http-nio-8080-exec-5] o.s.security.web.FilterChainProxy        : /favicon.ico at position 8 of 12 in additional filter chain; firing Filter: 'SecurityContextHolderAwareRequestFilter'
2020-07-26 16:13:53.469 DEBUG 8696 --- [http-nio-8080-exec-5] o.s.security.web.FilterChainProxy        : /favicon.ico at position 9 of 12 in additional filter chain; firing Filter: 'AnonymousAuthenticationFilter'
2020-07-26 16:13:53.469 DEBUG 8696 --- [http-nio-8080-exec-5] o.s.s.w.a.AnonymousAuthenticationFilter  : Populated SecurityContextHolder with anonymous token: 'org.springframework.security.authentication.AnonymousAuthenticationToken@67832eb9: Principal: anonymousUser; Credentials: [PROTECTED]; Authenticated: true; Details: org.springframework.security.web.authentication.WebAuthenticationDetails@fffbcba8: RemoteIpAddress: 0:0:0:0:0:0:0:1; SessionId: EF2226511214AE9CEB09825C465470C7; Granted Authorities: ROLE_ANONYMOUS'
2020-07-26 16:13:53.469 DEBUG 8696 --- [http-nio-8080-exec-5] o.s.security.web.FilterChainProxy        : /favicon.ico at position 10 of 12 in additional filter chain; firing Filter: 'SessionManagementFilter'
2020-07-26 16:13:53.469 DEBUG 8696 --- [http-nio-8080-exec-5] o.s.security.web.FilterChainProxy        : /favicon.ico at position 11 of 12 in additional filter chain; firing Filter: 'ExceptionTranslationFilter'
2020-07-26 16:13:53.469 DEBUG 8696 --- [http-nio-8080-exec-5] o.s.security.web.FilterChainProxy        : /favicon.ico at position 12 of 12 in additional filter chain; firing Filter: 'FilterSecurityInterceptor'
2020-07-26 16:13:53.469 DEBUG 8696 --- [http-nio-8080-exec-5] o.s.s.w.u.matcher.AntPathRequestMatcher  : Checking match of request : '/favicon.ico'; against '/design'
2020-07-26 16:13:53.469 DEBUG 8696 --- [http-nio-8080-exec-5] o.s.s.w.u.matcher.AntPathRequestMatcher  : Checking match of request : '/favicon.ico'; against '/orders'
2020-07-26 16:13:53.469 DEBUG 8696 --- [http-nio-8080-exec-5] o.s.s.w.u.matcher.AntPathRequestMatcher  : Checking match of request : '/favicon.ico'; against '/'
2020-07-26 16:13:53.469 DEBUG 8696 --- [http-nio-8080-exec-5] o.s.s.w.u.matcher.AntPathRequestMatcher  : Request '/favicon.ico' matched by universal pattern '/**'
2020-07-26 16:13:53.469 DEBUG 8696 --- [http-nio-8080-exec-5] o.s.s.w.a.i.FilterSecurityInterceptor    : Secure object: FilterInvocation: URL: /favicon.ico; Attributes: [permitAll]
2020-07-26 16:13:53.469 DEBUG 8696 --- [http-nio-8080-exec-5] o.s.s.w.a.i.FilterSecurityInterceptor    : Previously Authenticated: org.springframework.security.authentication.AnonymousAuthenticationToken@67832eb9: Principal: anonymousUser; Credentials: [PROTECTED]; Authenticated: true; Details: org.springframework.security.web.authentication.WebAuthenticationDetails@fffbcba8: RemoteIpAddress: 0:0:0:0:0:0:0:1; SessionId: EF2226511214AE9CEB09825C465470C7; Granted Authorities: ROLE_ANONYMOUS
2020-07-26 16:13:53.470 DEBUG 8696 --- [http-nio-8080-exec-5] o.s.s.access.vote.AffirmativeBased       : Voter: org.springframework.security.web.access.expression.WebExpressionVoter@52e1432b, returned: 1
2020-07-26 16:13:53.470 DEBUG 8696 --- [http-nio-8080-exec-5] o.s.s.w.a.i.FilterSecurityInterceptor    : Authorization successful
2020-07-26 16:13:53.470 DEBUG 8696 --- [http-nio-8080-exec-5] o.s.s.w.a.i.FilterSecurityInterceptor    : RunAsManager did not change Authentication object
2020-07-26 16:13:53.470 DEBUG 8696 --- [http-nio-8080-exec-5] o.s.security.web.FilterChainProxy        : /favicon.ico reached end of additional filter chain; proceeding with original chain
2020-07-26 16:13:53.473 DEBUG 8696 --- [http-nio-8080-exec-5] o.s.s.w.header.writers.HstsHeaderWriter  : Not injecting HSTS header since it did not match the requestMatcher org.springframework.security.web.header.writers.HstsHeaderWriter$SecureRequestMatcher@144556d5
2020-07-26 16:13:53.473 DEBUG 8696 --- [http-nio-8080-exec-5] w.c.HttpSessionSecurityContextRepository : SecurityContext is empty or contents are anonymous - context will not be stored in HttpSession.
2020-07-26 16:13:53.474 DEBUG 8696 --- [http-nio-8080-exec-5] o.s.s.w.a.ExceptionTranslationFilter     : Chain processed normally
2020-07-26 16:13:53.474 DEBUG 8696 --- [http-nio-8080-exec-5] s.s.w.c.SecurityContextPersistenceFilter : SecurityContextHolder now cleared, as request processing completed
