2020-07-22 19:02:36.015 ERROR 4700 --- [restartedMain] o.s.b.c.l.LoggingApplicationListener     : Cannot set level:  for 'org'
2020-07-22 19:02:36.093  INFO 4700 --- [restartedMain] tacos.TacoCloudApplication               : Starting TacoCloudApplication on DESKTOP-K1GP1I5 with PID 4700 (F:\IdeaProjects\MySpring\mySpringSample\s5\tacos\target\classes started by dell in F:\IdeaProjects\MySpring\mySpringSample\s5\tacos)
2020-07-22 19:02:36.093  INFO 4700 --- [restartedMain] tacos.TacoCloudApplication               : No active profile set, falling back to default profiles: default
2020-07-22 19:02:36.125  INFO 4700 --- [restartedMain] ConfigServletWebServerApplicationContext : Refreshing org.springframework.boot.web.servlet.context.AnnotationConfigServletWebServerApplicationContext@1a352ae7: startup date [Wed Jul 22 19:02:36 CST 2020]; root of context hierarchy
2020-07-22 19:02:37.293  INFO 4700 --- [restartedMain] trationDelegate$BeanPostProcessorChecker : Bean 'org.springframework.transaction.annotation.ProxyTransactionManagementConfiguration' of type [org.springframework.transaction.annotation.ProxyTransactionManagementConfiguration$$EnhancerBySpringCGLIB$$b69c72cb] is not eligible for getting processed by all BeanPostProcessors (for example: not eligible for auto-proxying)
2020-07-22 19:02:37.607  INFO 4700 --- [restartedMain] o.s.b.w.embedded.tomcat.TomcatWebServer  : Tomcat initialized with port(s): 8080 (http)
2020-07-22 19:02:37.623  INFO 4700 --- [restartedMain] o.apache.catalina.core.StandardService   : Starting service [Tomcat]
2020-07-22 19:02:37.623  INFO 4700 --- [restartedMain] org.apache.catalina.core.StandardEngine  : Starting Servlet Engine: Apache Tomcat/8.5.32
2020-07-22 19:02:37.623  INFO 4700 --- [localhost-startStop-1] o.a.catalina.core.AprLifecycleListener   : The APR based Apache Tomcat Native library which allows optimal performance in production environments was not found on the java.library.path: [F:\JavaJdk\jdk8\bin;C:\windows\Sun\Java\bin;C:\windows\system32;C:\windows;C:\windows\system32;C:\windows;C:\windows\System32\Wbem;C:\windows\System32\WindowsPowerShell\v1.0\;C:\windows\System32\OpenSSH\;C:\Program Files\Java\jdk-13.0.2\bin;C:\Program Files\Java\jdk-13.0.2\jre\bin;C:\Program Files\MySQL\bin;F:\Maven\apache-maven-3.6.3\bin;C:\Program Files (x86)\Intel\Intel(R) Management Engine Components\DAL;C:\Program Files\Intel\Intel(R) Management Engine Components\DAL;C:\Program Files (x86)\NVIDIA Corporation\PhysX\Common;C:\Users\dell\AppData\Local\Microsoft\WindowsApps;;.]
2020-07-22 19:02:37.708  INFO 4700 --- [localhost-startStop-1] o.a.c.c.C.[Tomcat].[localhost].[/]       : Initializing Spring embedded WebApplicationContext
2020-07-22 19:02:37.708  INFO 4700 --- [localhost-startStop-1] o.s.web.context.ContextLoader            : Root WebApplicationContext: initialization completed in 1583 ms
2020-07-22 19:02:38.251  INFO 4700 --- [localhost-startStop-1] o.s.b.w.servlet.FilterRegistrationBean   : Mapping filter: 'characterEncodingFilter' to: [/*]
2020-07-22 19:02:38.251  INFO 4700 --- [localhost-startStop-1] o.s.b.w.servlet.FilterRegistrationBean   : Mapping filter: 'webMvcMetricsFilter' to: [/*]
2020-07-22 19:02:38.251  INFO 4700 --- [localhost-startStop-1] o.s.b.w.servlet.FilterRegistrationBean   : Mapping filter: 'hiddenHttpMethodFilter' to: [/*]
2020-07-22 19:02:38.251  INFO 4700 --- [localhost-startStop-1] o.s.b.w.servlet.FilterRegistrationBean   : Mapping filter: 'httpPutFormContentFilter' to: [/*]
2020-07-22 19:02:38.251  INFO 4700 --- [localhost-startStop-1] o.s.b.w.servlet.FilterRegistrationBean   : Mapping filter: 'requestContextFilter' to: [/*]
2020-07-22 19:02:38.251  INFO 4700 --- [localhost-startStop-1] .s.DelegatingFilterProxyRegistrationBean : Mapping filter: 'springSecurityFilterChain' to: [/*]
2020-07-22 19:02:38.251  INFO 4700 --- [localhost-startStop-1] o.s.b.w.servlet.FilterRegistrationBean   : Mapping filter: 'httpTraceFilter' to: [/*]
2020-07-22 19:02:38.251  INFO 4700 --- [localhost-startStop-1] o.s.b.w.servlet.ServletRegistrationBean  : Servlet dispatcherServlet mapped to [/]
2020-07-22 19:02:38.267  INFO 4700 --- [localhost-startStop-1] o.s.b.w.servlet.ServletRegistrationBean  : Servlet webServlet mapped to [/h2-console/*]
2020-07-22 19:02:38.314  INFO 4700 --- [restartedMain] com.zaxxer.hikari.HikariDataSource       : HikariPool-1 - Starting...
2020-07-22 19:02:38.376  INFO 4700 --- [restartedMain] com.zaxxer.hikari.HikariDataSource       : HikariPool-1 - Start completed.
2020-07-22 19:02:38.407  INFO 4700 --- [restartedMain] j.LocalContainerEntityManagerFactoryBean : Building JPA container EntityManagerFactory for persistence unit 'default'
2020-07-22 19:02:38.407  INFO 4700 --- [restartedMain] o.hibernate.jpa.internal.util.LogHelper  : HHH000204: Processing PersistenceUnitInfo [
	name: default
	...]
2020-07-22 19:02:38.454  INFO 4700 --- [restartedMain] org.hibernate.Version                    : HHH000412: Hibernate Core {5.2.17.Final}
2020-07-22 19:02:38.454  INFO 4700 --- [restartedMain] org.hibernate.cfg.Environment            : HHH000206: hibernate.properties not found
2020-07-22 19:02:38.486  INFO 4700 --- [restartedMain] o.hibernate.annotations.common.Version   : HCANN000001: Hibernate Commons Annotations {5.0.1.Final}
2020-07-22 19:02:38.579  INFO 4700 --- [restartedMain] org.hibernate.dialect.Dialect            : HHH000400: Using dialect: org.hibernate.dialect.H2Dialect
2020-07-22 19:02:39.001  INFO 4700 --- [restartedMain] o.h.t.schema.internal.SchemaCreatorImpl  : HHH000476: Executing import script 'org.hibernate.tool.schema.internal.exec.ScriptSourceInputNonExistentImpl@40c924fb'
2020-07-22 19:02:39.001  INFO 4700 --- [restartedMain] j.LocalContainerEntityManagerFactoryBean : Initialized JPA EntityManagerFactory for persistence unit 'default'
2020-07-22 19:02:39.470  INFO 4700 --- [restartedMain] o.s.s.web.DefaultSecurityFilterChain     : Creating filter chain: org.springframework.security.web.util.matcher.AnyRequestMatcher@1, [org.springframework.security.web.context.request.async.WebAsyncManagerIntegrationFilter@552616fb, org.springframework.security.web.context.SecurityContextPersistenceFilter@5fcc92f7, org.springframework.security.web.header.HeaderWriterFilter@736293ed, org.springframework.security.web.csrf.CsrfFilter@61b6116b, org.springframework.security.web.authentication.logout.LogoutFilter@1638996f, org.springframework.security.web.authentication.UsernamePasswordAuthenticationFilter@115a7343, org.springframework.security.web.savedrequest.RequestCacheAwareFilter@5e33ca4d, org.springframework.security.web.servletapi.SecurityContextHolderAwareRequestFilter@7fecc729, org.springframework.security.web.authentication.AnonymousAuthenticationFilter@10637ccb, org.springframework.security.web.session.SessionManagementFilter@30aa7403, org.springframework.security.web.access.ExceptionTranslationFilter@1ba71a83, org.springframework.security.web.access.intercept.FilterSecurityInterceptor@1e7ce488]
2020-07-22 19:02:39.532  INFO 4700 --- [restartedMain] o.s.w.s.handler.SimpleUrlHandlerMapping  : Mapped URL path [/**/favicon.ico] onto handler of type [class org.springframework.web.servlet.resource.ResourceHttpRequestHandler]
2020-07-22 19:02:39.657  INFO 4700 --- [restartedMain] s.w.s.m.m.a.RequestMappingHandlerAdapter : Looking for @ControllerAdvice: org.springframework.boot.web.servlet.context.AnnotationConfigServletWebServerApplicationContext@1a352ae7: startup date [Wed Jul 22 19:02:36 CST 2020]; root of context hierarchy
2020-07-22 19:02:39.689  WARN 4700 --- [restartedMain] aWebConfiguration$JpaWebMvcConfiguration : spring.jpa.open-in-view is enabled by default. Therefore, database queries may be performed during view rendering. Explicitly configure spring.jpa.open-in-view to disable this warning
2020-07-22 19:02:39.704  INFO 4700 --- [restartedMain] s.w.s.m.m.a.RequestMappingHandlerMapping : Mapped "{[/register],methods=[GET]}" onto public java.lang.String tacos.security.RegistrationController.registerForm()
2020-07-22 19:02:39.720  INFO 4700 --- [restartedMain] s.w.s.m.m.a.RequestMappingHandlerMapping : Mapped "{[/register],methods=[POST]}" onto public java.lang.String tacos.security.RegistrationController.processRegistration(tacos.security.RegistrationForm)
2020-07-22 19:02:39.720  INFO 4700 --- [restartedMain] s.w.s.m.m.a.RequestMappingHandlerMapping : Mapped "{[/design],methods=[GET]}" onto public java.lang.String tacos.web.DesignTacoController.showDesignForm(org.springframework.ui.Model,java.security.Principal)
2020-07-22 19:02:39.720  INFO 4700 --- [restartedMain] s.w.s.m.m.a.RequestMappingHandlerMapping : Mapped "{[/design],methods=[POST]}" onto public java.lang.String tacos.web.DesignTacoController.processDesign(tacos.Taco,org.springframework.validation.Errors,tacos.Order)
2020-07-22 19:02:39.720  INFO 4700 --- [restartedMain] s.w.s.m.m.a.RequestMappingHandlerMapping : Mapped "{[/discounts],methods=[GET]}" onto public java.lang.String tacos.web.DiscountController.displayDiscountCodes(org.springframework.ui.Model)
2020-07-22 19:02:39.720  INFO 4700 --- [restartedMain] s.w.s.m.m.a.RequestMappingHandlerMapping : Mapped "{[/orders/current],methods=[GET]}" onto public java.lang.String tacos.web.OrderController.orderForm(tacos.User,tacos.Order)
2020-07-22 19:02:39.720  INFO 4700 --- [restartedMain] s.w.s.m.m.a.RequestMappingHandlerMapping : Mapped "{[/orders],methods=[POST]}" onto public java.lang.String tacos.web.OrderController.processOrder(tacos.Order,org.springframework.validation.Errors,org.springframework.web.bind.support.SessionStatus,tacos.User)
2020-07-22 19:02:39.720  INFO 4700 --- [restartedMain] s.w.s.m.m.a.RequestMappingHandlerMapping : Mapped "{[/orders],methods=[GET]}" onto public java.lang.String tacos.web.OrderController.ordersForUser(tacos.User,org.springframework.ui.Model)
2020-07-22 19:02:39.720  INFO 4700 --- [restartedMain] s.w.s.m.m.a.RequestMappingHandlerMapping : Mapped "{[/error]}" onto public org.springframework.http.ResponseEntity<java.util.Map<java.lang.String, java.lang.Object>> org.springframework.boot.autoconfigure.web.servlet.error.BasicErrorController.error(javax.servlet.http.HttpServletRequest)
2020-07-22 19:02:39.720  INFO 4700 --- [restartedMain] s.w.s.m.m.a.RequestMappingHandlerMapping : Mapped "{[/error],produces=[text/html]}" onto public org.springframework.web.servlet.ModelAndView org.springframework.boot.autoconfigure.web.servlet.error.BasicErrorController.errorHtml(javax.servlet.http.HttpServletRequest,javax.servlet.http.HttpServletResponse)
2020-07-22 19:02:39.720  INFO 4700 --- [restartedMain] o.s.w.s.handler.SimpleUrlHandlerMapping  : Root mapping to handler of type [class org.springframework.web.servlet.mvc.ParameterizableViewController]
2020-07-22 19:02:39.720  INFO 4700 --- [restartedMain] o.s.w.s.handler.SimpleUrlHandlerMapping  : Mapped URL path [/login] onto handler of type [class org.springframework.web.servlet.mvc.ParameterizableViewController]
2020-07-22 19:02:39.735  INFO 4700 --- [restartedMain] o.s.w.s.handler.SimpleUrlHandlerMapping  : Mapped URL path [/webjars/**] onto handler of type [class org.springframework.web.servlet.resource.ResourceHttpRequestHandler]
2020-07-22 19:02:39.735  INFO 4700 --- [restartedMain] o.s.w.s.handler.SimpleUrlHandlerMapping  : Mapped URL path [/**] onto handler of type [class org.springframework.web.servlet.resource.ResourceHttpRequestHandler]
2020-07-22 19:02:40.055  INFO 4700 --- [restartedMain] o.s.b.d.a.OptionalLiveReloadServer       : LiveReload server is running on port 35729
2020-07-22 19:02:40.071  INFO 4700 --- [restartedMain] o.s.b.a.e.web.EndpointLinksResolver      : Exposing 2 endpoint(s) beneath base path '/actuator'
2020-07-22 19:02:40.071  INFO 4700 --- [restartedMain] s.b.a.e.w.s.WebMvcEndpointHandlerMapping : Mapped "{[/actuator/health],methods=[GET],produces=[application/vnd.spring-boot.actuator.v2+json || application/json]}" onto public java.lang.Object org.springframework.boot.actuate.endpoint.web.servlet.AbstractWebMvcEndpointHandlerMapping$OperationHandler.handle(javax.servlet.http.HttpServletRequest,java.util.Map<java.lang.String, java.lang.String>)
2020-07-22 19:02:40.071  INFO 4700 --- [restartedMain] s.b.a.e.w.s.WebMvcEndpointHandlerMapping : Mapped "{[/actuator/info],methods=[GET],produces=[application/vnd.spring-boot.actuator.v2+json || application/json]}" onto public java.lang.Object org.springframework.boot.actuate.endpoint.web.servlet.AbstractWebMvcEndpointHandlerMapping$OperationHandler.handle(javax.servlet.http.HttpServletRequest,java.util.Map<java.lang.String, java.lang.String>)
2020-07-22 19:02:40.071  INFO 4700 --- [restartedMain] s.b.a.e.w.s.WebMvcEndpointHandlerMapping : Mapped "{[/actuator],methods=[GET],produces=[application/vnd.spring-boot.actuator.v2+json || application/json]}" onto protected java.util.Map<java.lang.String, java.util.Map<java.lang.String, org.springframework.boot.actuate.endpoint.web.Link>> org.springframework.boot.actuate.endpoint.web.servlet.WebMvcEndpointHandlerMapping.links(javax.servlet.http.HttpServletRequest,javax.servlet.http.HttpServletResponse)
2020-07-22 19:02:40.102  INFO 4700 --- [restartedMain] o.s.j.e.a.AnnotationMBeanExporter        : Registering beans for JMX exposure on startup
2020-07-22 19:02:40.102  INFO 4700 --- [restartedMain] o.s.j.e.a.AnnotationMBeanExporter        : Bean with name 'dataSource' has been autodetected for JMX exposure
2020-07-22 19:02:40.117  INFO 4700 --- [restartedMain] o.s.j.e.a.AnnotationMBeanExporter        : Located MBean 'dataSource': registering with JMX server as MBean [com.zaxxer.hikari:name=dataSource,type=HikariDataSource]
2020-07-22 19:02:40.133  INFO 4700 --- [restartedMain] o.s.b.w.embedded.tomcat.TomcatWebServer  : Tomcat started on port(s): 8080 (http) with context path ''
2020-07-22 19:02:40.149  INFO 4700 --- [restartedMain] tacos.TacoCloudApplication               : Started TacoCloudApplication in 4.399 seconds (JVM running for 5.35)
2020-07-22 19:02:40.747  INFO 4700 --- [RMI TCP Connection(2)-192.168.1.101] o.a.c.c.C.[Tomcat].[localhost].[/]       : Initializing Spring FrameworkServlet 'dispatcherServlet'
2020-07-22 19:02:40.747  INFO 4700 --- [RMI TCP Connection(2)-192.168.1.101] o.s.web.servlet.DispatcherServlet        : FrameworkServlet 'dispatcherServlet': initialization started
2020-07-22 19:02:40.778  INFO 4700 --- [RMI TCP Connection(2)-192.168.1.101] o.s.web.servlet.DispatcherServlet        : FrameworkServlet 'dispatcherServlet': initialization completed in 31 ms
