2020-07-22 23:06:23.064  INFO 16932 --- [restartedMain] tacos.TacoCloudApplication               : Starting TacoCloudApplication on DESKTOP-K1GP1I5 with PID 16932 (F:\IdeaProjects\MySpring\mySpringSample\s5_t\tacos\target\classes started by dell in F:\IdeaProjects\MySpring\mySpringSample\s5_t\tacos)
2020-07-22 23:06:23.064  INFO 16932 --- [restartedMain] tacos.TacoCloudApplication               : No active profile set, falling back to default profiles: default
2020-07-22 23:06:23.096  INFO 16932 --- [restartedMain] ConfigServletWebServerApplicationContext : Refreshing org.springframework.boot.web.servlet.context.AnnotationConfigServletWebServerApplicationContext@4b7f4ceb: startup date [Wed Jul 22 23:06:23 CST 2020]; root of context hierarchy
2020-07-22 23:06:24.206  INFO 16932 --- [restartedMain] trationDelegate$BeanPostProcessorChecker : Bean 'org.springframework.transaction.annotation.ProxyTransactionManagementConfiguration' of type [org.springframework.transaction.annotation.ProxyTransactionManagementConfiguration$$EnhancerBySpringCGLIB$$9436f7dc] is not eligible for getting processed by all BeanPostProcessors (for example: not eligible for auto-proxying)
2020-07-22 23:06:24.518  INFO 16932 --- [restartedMain] o.s.b.w.embedded.tomcat.TomcatWebServer  : Tomcat initialized with port(s): 8080 (http)
2020-07-22 23:06:24.534  INFO 16932 --- [restartedMain] o.apache.catalina.core.StandardService   : Starting service [Tomcat]
2020-07-22 23:06:24.534  INFO 16932 --- [restartedMain] org.apache.catalina.core.StandardEngine  : Starting Servlet Engine: Apache Tomcat/8.5.32
2020-07-22 23:06:24.534  INFO 16932 --- [localhost-startStop-1] o.a.catalina.core.AprLifecycleListener   : The APR based Apache Tomcat Native library which allows optimal performance in production environments was not found on the java.library.path: [F:\JavaJdk\jdk8\bin;C:\windows\Sun\Java\bin;C:\windows\system32;C:\windows;C:\windows\system32;C:\windows;C:\windows\System32\Wbem;C:\windows\System32\WindowsPowerShell\v1.0\;C:\windows\System32\OpenSSH\;C:\Program Files\Java\jdk-13.0.2\bin;C:\Program Files\Java\jdk-13.0.2\jre\bin;C:\Program Files\MySQL\bin;F:\Maven\apache-maven-3.6.3\bin;C:\Program Files (x86)\Intel\Intel(R) Management Engine Components\DAL;C:\Program Files\Intel\Intel(R) Management Engine Components\DAL;C:\Program Files (x86)\NVIDIA Corporation\PhysX\Common;C:\Users\dell\AppData\Local\Microsoft\WindowsApps;;.]
2020-07-22 23:06:24.596  INFO 16932 --- [localhost-startStop-1] o.a.c.c.C.[Tomcat].[localhost].[/]       : Initializing Spring embedded WebApplicationContext
2020-07-22 23:06:24.596  INFO 16932 --- [localhost-startStop-1] o.s.web.context.ContextLoader            : Root WebApplicationContext: initialization completed in 1500 ms
2020-07-22 23:06:25.174  INFO 16932 --- [localhost-startStop-1] o.s.b.w.servlet.FilterRegistrationBean   : Mapping filter: 'characterEncodingFilter' to: [/*]
2020-07-22 23:06:25.174  INFO 16932 --- [localhost-startStop-1] o.s.b.w.servlet.FilterRegistrationBean   : Mapping filter: 'webMvcMetricsFilter' to: [/*]
2020-07-22 23:06:25.174  INFO 16932 --- [localhost-startStop-1] o.s.b.w.servlet.FilterRegistrationBean   : Mapping filter: 'hiddenHttpMethodFilter' to: [/*]
2020-07-22 23:06:25.174  INFO 16932 --- [localhost-startStop-1] o.s.b.w.servlet.FilterRegistrationBean   : Mapping filter: 'httpPutFormContentFilter' to: [/*]
2020-07-22 23:06:25.174  INFO 16932 --- [localhost-startStop-1] o.s.b.w.servlet.FilterRegistrationBean   : Mapping filter: 'requestContextFilter' to: [/*]
2020-07-22 23:06:25.174  INFO 16932 --- [localhost-startStop-1] .s.DelegatingFilterProxyRegistrationBean : Mapping filter: 'springSecurityFilterChain' to: [/*]
2020-07-22 23:06:25.174  INFO 16932 --- [localhost-startStop-1] o.s.b.w.servlet.FilterRegistrationBean   : Mapping filter: 'httpTraceFilter' to: [/*]
2020-07-22 23:06:25.174  INFO 16932 --- [localhost-startStop-1] o.s.b.w.servlet.ServletRegistrationBean  : Servlet dispatcherServlet mapped to [/]
2020-07-22 23:06:25.174  INFO 16932 --- [localhost-startStop-1] o.s.b.w.servlet.ServletRegistrationBean  : Servlet webServlet mapped to [/h2-console/*]
2020-07-22 23:06:25.221  INFO 16932 --- [restartedMain] com.zaxxer.hikari.HikariDataSource       : HikariPool-1 - Starting...
2020-07-22 23:06:25.291  INFO 16932 --- [restartedMain] com.zaxxer.hikari.HikariDataSource       : HikariPool-1 - Start completed.
2020-07-22 23:06:25.322  INFO 16932 --- [restartedMain] j.LocalContainerEntityManagerFactoryBean : Building JPA container EntityManagerFactory for persistence unit 'default'
2020-07-22 23:06:25.338  INFO 16932 --- [restartedMain] o.hibernate.jpa.internal.util.LogHelper  : HHH000204: Processing PersistenceUnitInfo [
	name: default
	...]
2020-07-22 23:06:25.369  INFO 16932 --- [restartedMain] org.hibernate.Version                    : HHH000412: Hibernate Core {5.2.17.Final}
2020-07-22 23:06:25.369  INFO 16932 --- [restartedMain] org.hibernate.cfg.Environment            : HHH000206: hibernate.properties not found
2020-07-22 23:06:25.400  INFO 16932 --- [restartedMain] o.hibernate.annotations.common.Version   : HCANN000001: Hibernate Commons Annotations {5.0.1.Final}
2020-07-22 23:06:25.479  INFO 16932 --- [restartedMain] org.hibernate.dialect.Dialect            : HHH000400: Using dialect: org.hibernate.dialect.H2Dialect
2020-07-22 23:06:25.885  INFO 16932 --- [restartedMain] o.h.t.schema.internal.SchemaCreatorImpl  : HHH000476: Executing import script 'org.hibernate.tool.schema.internal.exec.ScriptSourceInputNonExistentImpl@7035f876'
2020-07-22 23:06:25.901  INFO 16932 --- [restartedMain] j.LocalContainerEntityManagerFactoryBean : Initialized JPA EntityManagerFactory for persistence unit 'default'
2020-07-22 23:06:26.300 DEBUG 16932 --- [restartedMain] edFilterInvocationSecurityMetadataSource : Adding web access control expression 'hasRole('ROLE_USER')', for Ant [pattern='/design']
2020-07-22 23:06:26.315 DEBUG 16932 --- [restartedMain] edFilterInvocationSecurityMetadataSource : Adding web access control expression 'hasRole('ROLE_USER')', for Ant [pattern='/orders']
2020-07-22 23:06:26.315 DEBUG 16932 --- [restartedMain] edFilterInvocationSecurityMetadataSource : Adding web access control expression 'permitAll', for Ant [pattern='/']
2020-07-22 23:06:26.315 DEBUG 16932 --- [restartedMain] edFilterInvocationSecurityMetadataSource : Adding web access control expression 'permitAll', for Ant [pattern='/**']
2020-07-22 23:06:26.315 DEBUG 16932 --- [restartedMain] o.s.s.w.a.i.FilterSecurityInterceptor    : Validated configuration attributes
2020-07-22 23:06:26.315 DEBUG 16932 --- [restartedMain] o.s.s.w.a.i.FilterSecurityInterceptor    : Validated configuration attributes
2020-07-22 23:06:26.315  INFO 16932 --- [restartedMain] o.s.s.web.DefaultSecurityFilterChain     : Creating filter chain: org.springframework.security.web.util.matcher.AnyRequestMatcher@1, [org.springframework.security.web.context.request.async.WebAsyncManagerIntegrationFilter@138d7223, org.springframework.security.web.context.SecurityContextPersistenceFilter@1de84451, org.springframework.security.web.header.HeaderWriterFilter@6811b2cc, org.springframework.security.web.csrf.CsrfFilter@ef86935, org.springframework.security.web.authentication.logout.LogoutFilter@778dbc31, org.springframework.security.web.authentication.UsernamePasswordAuthenticationFilter@63f5e4c5, org.springframework.security.web.savedrequest.RequestCacheAwareFilter@5ed6803, org.springframework.security.web.servletapi.SecurityContextHolderAwareRequestFilter@141ae211, org.springframework.security.web.authentication.AnonymousAuthenticationFilter@769b581b, org.springframework.security.web.session.SessionManagementFilter@2aa56399, org.springframework.security.web.access.ExceptionTranslationFilter@5ebbe190, org.springframework.security.web.access.intercept.FilterSecurityInterceptor@fd32341]
2020-07-22 23:06:26.378  INFO 16932 --- [restartedMain] o.s.w.s.handler.SimpleUrlHandlerMapping  : Mapped URL path [/**/favicon.ico] onto handler of type [class org.springframework.web.servlet.resource.ResourceHttpRequestHandler]
2020-07-22 23:06:26.503  INFO 16932 --- [restartedMain] s.w.s.m.m.a.RequestMappingHandlerAdapter : Looking for @ControllerAdvice: org.springframework.boot.web.servlet.context.AnnotationConfigServletWebServerApplicationContext@4b7f4ceb: startup date [Wed Jul 22 23:06:23 CST 2020]; root of context hierarchy
2020-07-22 23:06:26.534  WARN 16932 --- [restartedMain] aWebConfiguration$JpaWebMvcConfiguration : spring.jpa.open-in-view is enabled by default. Therefore, database queries may be performed during view rendering. Explicitly configure spring.jpa.open-in-view to disable this warning
2020-07-22 23:06:26.550  INFO 16932 --- [restartedMain] s.w.s.m.m.a.RequestMappingHandlerMapping : Mapped "{[/register],methods=[POST]}" onto public java.lang.String tacos.security.RegistrationController.processRegistration(tacos.security.RegistrationForm)
2020-07-22 23:06:26.550  INFO 16932 --- [restartedMain] s.w.s.m.m.a.RequestMappingHandlerMapping : Mapped "{[/register],methods=[GET]}" onto public java.lang.String tacos.security.RegistrationController.registerForm()
2020-07-22 23:06:26.550  INFO 16932 --- [restartedMain] s.w.s.m.m.a.RequestMappingHandlerMapping : Mapped "{[/design],methods=[POST]}" onto public java.lang.String tacos.web.DesignTacoController.processDesign(tacos.Taco,org.springframework.validation.Errors,tacos.Order)
2020-07-22 23:06:26.550  INFO 16932 --- [restartedMain] s.w.s.m.m.a.RequestMappingHandlerMapping : Mapped "{[/design],methods=[GET]}" onto public java.lang.String tacos.web.DesignTacoController.showDesignForm(org.springframework.ui.Model,java.security.Principal)
2020-07-22 23:06:26.550  INFO 16932 --- [restartedMain] s.w.s.m.m.a.RequestMappingHandlerMapping : Mapped "{[/orders/current],methods=[GET]}" onto public java.lang.String tacos.web.OrderController.orderForm(tacos.User,tacos.Order)
2020-07-22 23:06:26.550  INFO 16932 --- [restartedMain] s.w.s.m.m.a.RequestMappingHandlerMapping : Mapped "{[/orders],methods=[POST]}" onto public java.lang.String tacos.web.OrderController.processOrder(tacos.Order,org.springframework.validation.Errors,org.springframework.web.bind.support.SessionStatus,tacos.User)
2020-07-22 23:06:26.550  INFO 16932 --- [restartedMain] s.w.s.m.m.a.RequestMappingHandlerMapping : Mapped "{[/error]}" onto public org.springframework.http.ResponseEntity<java.util.Map<java.lang.String, java.lang.Object>> org.springframework.boot.autoconfigure.web.servlet.error.BasicErrorController.error(javax.servlet.http.HttpServletRequest)
2020-07-22 23:06:26.550  INFO 16932 --- [restartedMain] s.w.s.m.m.a.RequestMappingHandlerMapping : Mapped "{[/error],produces=[text/html]}" onto public org.springframework.web.servlet.ModelAndView org.springframework.boot.autoconfigure.web.servlet.error.BasicErrorController.errorHtml(javax.servlet.http.HttpServletRequest,javax.servlet.http.HttpServletResponse)
2020-07-22 23:06:26.566  INFO 16932 --- [restartedMain] o.s.w.s.handler.SimpleUrlHandlerMapping  : Root mapping to handler of type [class org.springframework.web.servlet.mvc.ParameterizableViewController]
2020-07-22 23:06:26.566  INFO 16932 --- [restartedMain] o.s.w.s.handler.SimpleUrlHandlerMapping  : Mapped URL path [/abc] onto handler of type [class org.springframework.web.servlet.mvc.ParameterizableViewController]
2020-07-22 23:06:26.566  INFO 16932 --- [restartedMain] o.s.w.s.handler.SimpleUrlHandlerMapping  : Mapped URL path [/login] onto handler of type [class org.springframework.web.servlet.mvc.ParameterizableViewController]
2020-07-22 23:06:26.582  INFO 16932 --- [restartedMain] o.s.w.s.handler.SimpleUrlHandlerMapping  : Mapped URL path [/webjars/**] onto handler of type [class org.springframework.web.servlet.resource.ResourceHttpRequestHandler]
2020-07-22 23:06:26.582  INFO 16932 --- [restartedMain] o.s.w.s.handler.SimpleUrlHandlerMapping  : Mapped URL path [/**] onto handler of type [class org.springframework.web.servlet.resource.ResourceHttpRequestHandler]
2020-07-22 23:06:26.895  INFO 16932 --- [restartedMain] o.s.b.d.a.OptionalLiveReloadServer       : LiveReload server is running on port 35729
2020-07-22 23:06:26.911  INFO 16932 --- [restartedMain] o.s.b.a.e.web.EndpointLinksResolver      : Exposing 2 endpoint(s) beneath base path '/actuator'
2020-07-22 23:06:26.911  INFO 16932 --- [restartedMain] s.b.a.e.w.s.WebMvcEndpointHandlerMapping : Mapped "{[/actuator/health],methods=[GET],produces=[application/vnd.spring-boot.actuator.v2+json || application/json]}" onto public java.lang.Object org.springframework.boot.actuate.endpoint.web.servlet.AbstractWebMvcEndpointHandlerMapping$OperationHandler.handle(javax.servlet.http.HttpServletRequest,java.util.Map<java.lang.String, java.lang.String>)
2020-07-22 23:06:26.911  INFO 16932 --- [restartedMain] s.b.a.e.w.s.WebMvcEndpointHandlerMapping : Mapped "{[/actuator/info],methods=[GET],produces=[application/vnd.spring-boot.actuator.v2+json || application/json]}" onto public java.lang.Object org.springframework.boot.actuate.endpoint.web.servlet.AbstractWebMvcEndpointHandlerMapping$OperationHandler.handle(javax.servlet.http.HttpServletRequest,java.util.Map<java.lang.String, java.lang.String>)
2020-07-22 23:06:26.911  INFO 16932 --- [restartedMain] s.b.a.e.w.s.WebMvcEndpointHandlerMapping : Mapped "{[/actuator],methods=[GET],produces=[application/vnd.spring-boot.actuator.v2+json || application/json]}" onto protected java.util.Map<java.lang.String, java.util.Map<java.lang.String, org.springframework.boot.actuate.endpoint.web.Link>> org.springframework.boot.actuate.endpoint.web.servlet.WebMvcEndpointHandlerMapping.links(javax.servlet.http.HttpServletRequest,javax.servlet.http.HttpServletResponse)
2020-07-22 23:06:26.942  INFO 16932 --- [restartedMain] o.s.j.e.a.AnnotationMBeanExporter        : Registering beans for JMX exposure on startup
2020-07-22 23:06:26.942  INFO 16932 --- [restartedMain] o.s.j.e.a.AnnotationMBeanExporter        : Bean with name 'dataSource' has been autodetected for JMX exposure
2020-07-22 23:06:26.958  INFO 16932 --- [restartedMain] o.s.j.e.a.AnnotationMBeanExporter        : Located MBean 'dataSource': registering with JMX server as MBean [com.zaxxer.hikari:name=dataSource,type=HikariDataSource]
2020-07-22 23:06:26.973  INFO 16932 --- [restartedMain] o.s.b.w.embedded.tomcat.TomcatWebServer  : Tomcat started on port(s): 8080 (http) with context path ''
2020-07-22 23:06:26.989  INFO 16932 --- [restartedMain] tacos.TacoCloudApplication               : Started TacoCloudApplication in 4.245 seconds (JVM running for 5.223)
2020-07-22 23:06:27.411  INFO 16932 --- [RMI TCP Connection(1)-192.168.1.101] o.a.c.c.C.[Tomcat].[localhost].[/]       : Initializing Spring FrameworkServlet 'dispatcherServlet'
2020-07-22 23:06:27.411  INFO 16932 --- [RMI TCP Connection(1)-192.168.1.101] o.s.web.servlet.DispatcherServlet        : FrameworkServlet 'dispatcherServlet': initialization started
2020-07-22 23:06:27.426  INFO 16932 --- [RMI TCP Connection(1)-192.168.1.101] o.s.web.servlet.DispatcherServlet        : FrameworkServlet 'dispatcherServlet': initialization completed in 15 ms
2020-07-22 23:09:58.689  INFO 10820 --- [restartedMain] tacos.TacoCloudApplication               : Starting TacoCloudApplication on DESKTOP-K1GP1I5 with PID 10820 (F:\IdeaProjects\MySpring\mySpringSample\s5_t\tacos\target\classes started by dell in F:\IdeaProjects\MySpring\mySpringSample\s5_t\tacos)
2020-07-22 23:09:58.689  INFO 10820 --- [restartedMain] tacos.TacoCloudApplication               : No active profile set, falling back to default profiles: default
2020-07-22 23:09:58.736  INFO 10820 --- [restartedMain] ConfigServletWebServerApplicationContext : Refreshing org.springframework.boot.web.servlet.context.AnnotationConfigServletWebServerApplicationContext@5983684e: startup date [Wed Jul 22 23:09:58 CST 2020]; root of context hierarchy
2020-07-22 23:09:59.947  INFO 10820 --- [restartedMain] trationDelegate$BeanPostProcessorChecker : Bean 'org.springframework.transaction.annotation.ProxyTransactionManagementConfiguration' of type [org.springframework.transaction.annotation.ProxyTransactionManagementConfiguration$$EnhancerBySpringCGLIB$$275762da] is not eligible for getting processed by all BeanPostProcessors (for example: not eligible for auto-proxying)
2020-07-22 23:10:00.276  INFO 10820 --- [restartedMain] o.s.b.w.embedded.tomcat.TomcatWebServer  : Tomcat initialized with port(s): 9090 (http)
2020-07-22 23:10:00.276  INFO 10820 --- [restartedMain] o.apache.catalina.core.StandardService   : Starting service [Tomcat]
2020-07-22 23:10:00.276  INFO 10820 --- [restartedMain] org.apache.catalina.core.StandardEngine  : Starting Servlet Engine: Apache Tomcat/8.5.32
2020-07-22 23:10:00.292  INFO 10820 --- [localhost-startStop-1] o.a.catalina.core.AprLifecycleListener   : The APR based Apache Tomcat Native library which allows optimal performance in production environments was not found on the java.library.path: [F:\JavaJdk\jdk8\bin;C:\windows\Sun\Java\bin;C:\windows\system32;C:\windows;C:\windows\system32;C:\windows;C:\windows\System32\Wbem;C:\windows\System32\WindowsPowerShell\v1.0\;C:\windows\System32\OpenSSH\;C:\Program Files\Java\jdk-13.0.2\bin;C:\Program Files\Java\jdk-13.0.2\jre\bin;C:\Program Files\MySQL\bin;F:\Maven\apache-maven-3.6.3\bin;C:\Program Files (x86)\Intel\Intel(R) Management Engine Components\DAL;C:\Program Files\Intel\Intel(R) Management Engine Components\DAL;C:\Program Files (x86)\NVIDIA Corporation\PhysX\Common;C:\Users\dell\AppData\Local\Microsoft\WindowsApps;;.]
2020-07-22 23:10:00.354  INFO 10820 --- [localhost-startStop-1] o.a.c.c.C.[Tomcat].[localhost].[/]       : Initializing Spring embedded WebApplicationContext
2020-07-22 23:10:00.354  INFO 10820 --- [localhost-startStop-1] o.s.web.context.ContextLoader            : Root WebApplicationContext: initialization completed in 1618 ms
2020-07-22 23:10:00.920  INFO 10820 --- [localhost-startStop-1] o.s.b.w.servlet.FilterRegistrationBean   : Mapping filter: 'characterEncodingFilter' to: [/*]
2020-07-22 23:10:00.920  INFO 10820 --- [localhost-startStop-1] o.s.b.w.servlet.FilterRegistrationBean   : Mapping filter: 'webMvcMetricsFilter' to: [/*]
2020-07-22 23:10:00.920  INFO 10820 --- [localhost-startStop-1] o.s.b.w.servlet.FilterRegistrationBean   : Mapping filter: 'hiddenHttpMethodFilter' to: [/*]
2020-07-22 23:10:00.920  INFO 10820 --- [localhost-startStop-1] o.s.b.w.servlet.FilterRegistrationBean   : Mapping filter: 'httpPutFormContentFilter' to: [/*]
2020-07-22 23:10:00.920  INFO 10820 --- [localhost-startStop-1] o.s.b.w.servlet.FilterRegistrationBean   : Mapping filter: 'requestContextFilter' to: [/*]
2020-07-22 23:10:00.920  INFO 10820 --- [localhost-startStop-1] .s.DelegatingFilterProxyRegistrationBean : Mapping filter: 'springSecurityFilterChain' to: [/*]
2020-07-22 23:10:00.920  INFO 10820 --- [localhost-startStop-1] o.s.b.w.servlet.FilterRegistrationBean   : Mapping filter: 'httpTraceFilter' to: [/*]
2020-07-22 23:10:00.920  INFO 10820 --- [localhost-startStop-1] o.s.b.w.servlet.ServletRegistrationBean  : Servlet dispatcherServlet mapped to [/]
2020-07-22 23:10:00.920  INFO 10820 --- [localhost-startStop-1] o.s.b.w.servlet.ServletRegistrationBean  : Servlet webServlet mapped to [/h2-console/*]
2020-07-22 23:10:00.982  INFO 10820 --- [restartedMain] com.zaxxer.hikari.HikariDataSource       : HikariPool-1 - Starting...
2020-07-22 23:10:01.045  INFO 10820 --- [restartedMain] com.zaxxer.hikari.HikariDataSource       : HikariPool-1 - Start completed.
2020-07-22 23:10:01.076  INFO 10820 --- [restartedMain] j.LocalContainerEntityManagerFactoryBean : Building JPA container EntityManagerFactory for persistence unit 'default'
2020-07-22 23:10:01.076  INFO 10820 --- [restartedMain] o.hibernate.jpa.internal.util.LogHelper  : HHH000204: Processing PersistenceUnitInfo [
	name: default
	...]
2020-07-22 23:10:01.123  INFO 10820 --- [restartedMain] org.hibernate.Version                    : HHH000412: Hibernate Core {5.2.17.Final}
2020-07-22 23:10:01.123  INFO 10820 --- [restartedMain] org.hibernate.cfg.Environment            : HHH000206: hibernate.properties not found
2020-07-22 23:10:01.154  INFO 10820 --- [restartedMain] o.hibernate.annotations.common.Version   : HCANN000001: Hibernate Commons Annotations {5.0.1.Final}
2020-07-22 23:10:01.232  INFO 10820 --- [restartedMain] org.hibernate.dialect.Dialect            : HHH000400: Using dialect: org.hibernate.dialect.H2Dialect
2020-07-22 23:10:01.638  INFO 10820 --- [restartedMain] o.h.t.schema.internal.SchemaCreatorImpl  : HHH000476: Executing import script 'org.hibernate.tool.schema.internal.exec.ScriptSourceInputNonExistentImpl@765df164'
2020-07-22 23:10:01.638  INFO 10820 --- [restartedMain] j.LocalContainerEntityManagerFactoryBean : Initialized JPA EntityManagerFactory for persistence unit 'default'
2020-07-22 23:10:02.058 DEBUG 10820 --- [restartedMain] edFilterInvocationSecurityMetadataSource : Adding web access control expression 'hasRole('ROLE_USER')', for Ant [pattern='/design']
2020-07-22 23:10:02.066 DEBUG 10820 --- [restartedMain] edFilterInvocationSecurityMetadataSource : Adding web access control expression 'hasRole('ROLE_USER')', for Ant [pattern='/orders']
2020-07-22 23:10:02.069 DEBUG 10820 --- [restartedMain] edFilterInvocationSecurityMetadataSource : Adding web access control expression 'permitAll', for Ant [pattern='/']
2020-07-22 23:10:02.071 DEBUG 10820 --- [restartedMain] edFilterInvocationSecurityMetadataSource : Adding web access control expression 'permitAll', for Ant [pattern='/**']
2020-07-22 23:10:02.083 DEBUG 10820 --- [restartedMain] o.s.s.w.a.i.FilterSecurityInterceptor    : Validated configuration attributes
2020-07-22 23:10:02.084 DEBUG 10820 --- [restartedMain] o.s.s.w.a.i.FilterSecurityInterceptor    : Validated configuration attributes
2020-07-22 23:10:02.097  INFO 10820 --- [restartedMain] o.s.s.web.DefaultSecurityFilterChain     : Creating filter chain: org.springframework.security.web.util.matcher.AnyRequestMatcher@1, [org.springframework.security.web.context.request.async.WebAsyncManagerIntegrationFilter@641dad4f, org.springframework.security.web.context.SecurityContextPersistenceFilter@f335a6a, org.springframework.security.web.header.HeaderWriterFilter@430f78fd, org.springframework.security.web.csrf.CsrfFilter@13c48758, org.springframework.security.web.authentication.logout.LogoutFilter@1d9120d9, org.springframework.security.web.authentication.UsernamePasswordAuthenticationFilter@2ecadc1, org.springframework.security.web.savedrequest.RequestCacheAwareFilter@3cd01f4a, org.springframework.security.web.servletapi.SecurityContextHolderAwareRequestFilter@f529d0, org.springframework.security.web.authentication.AnonymousAuthenticationFilter@341dc82f, org.springframework.security.web.session.SessionManagementFilter@5a241aa3, org.springframework.security.web.access.ExceptionTranslationFilter@74948cac, org.springframework.security.web.access.intercept.FilterSecurityInterceptor@5e8d7ddf]
2020-07-22 23:10:02.171  INFO 10820 --- [restartedMain] o.s.w.s.handler.SimpleUrlHandlerMapping  : Mapped URL path [/**/favicon.ico] onto handler of type [class org.springframework.web.servlet.resource.ResourceHttpRequestHandler]
2020-07-22 23:10:02.300  INFO 10820 --- [restartedMain] s.w.s.m.m.a.RequestMappingHandlerAdapter : Looking for @ControllerAdvice: org.springframework.boot.web.servlet.context.AnnotationConfigServletWebServerApplicationContext@5983684e: startup date [Wed Jul 22 23:09:58 CST 2020]; root of context hierarchy
2020-07-22 23:10:02.323  WARN 10820 --- [restartedMain] aWebConfiguration$JpaWebMvcConfiguration : spring.jpa.open-in-view is enabled by default. Therefore, database queries may be performed during view rendering. Explicitly configure spring.jpa.open-in-view to disable this warning
2020-07-22 23:10:02.345  INFO 10820 --- [restartedMain] s.w.s.m.m.a.RequestMappingHandlerMapping : Mapped "{[/register],methods=[POST]}" onto public java.lang.String tacos.security.RegistrationController.processRegistration(tacos.security.RegistrationForm)
2020-07-22 23:10:02.346  INFO 10820 --- [restartedMain] s.w.s.m.m.a.RequestMappingHandlerMapping : Mapped "{[/register],methods=[GET]}" onto public java.lang.String tacos.security.RegistrationController.registerForm()
2020-07-22 23:10:02.347  INFO 10820 --- [restartedMain] s.w.s.m.m.a.RequestMappingHandlerMapping : Mapped "{[/design],methods=[POST]}" onto public java.lang.String tacos.web.DesignTacoController.processDesign(tacos.Taco,org.springframework.validation.Errors,tacos.Order)
2020-07-22 23:10:02.347  INFO 10820 --- [restartedMain] s.w.s.m.m.a.RequestMappingHandlerMapping : Mapped "{[/design],methods=[GET]}" onto public java.lang.String tacos.web.DesignTacoController.showDesignForm(org.springframework.ui.Model,java.security.Principal)
2020-07-22 23:10:02.348  INFO 10820 --- [restartedMain] s.w.s.m.m.a.RequestMappingHandlerMapping : Mapped "{[/orders],methods=[POST]}" onto public java.lang.String tacos.web.OrderController.processOrder(tacos.Order,org.springframework.validation.Errors,org.springframework.web.bind.support.SessionStatus,tacos.User)
2020-07-22 23:10:02.348  INFO 10820 --- [restartedMain] s.w.s.m.m.a.RequestMappingHandlerMapping : Mapped "{[/orders/current],methods=[GET]}" onto public java.lang.String tacos.web.OrderController.orderForm(tacos.User,tacos.Order)
2020-07-22 23:10:02.350  INFO 10820 --- [restartedMain] s.w.s.m.m.a.RequestMappingHandlerMapping : Mapped "{[/error]}" onto public org.springframework.http.ResponseEntity<java.util.Map<java.lang.String, java.lang.Object>> org.springframework.boot.autoconfigure.web.servlet.error.BasicErrorController.error(javax.servlet.http.HttpServletRequest)
2020-07-22 23:10:02.351  INFO 10820 --- [restartedMain] s.w.s.m.m.a.RequestMappingHandlerMapping : Mapped "{[/error],produces=[text/html]}" onto public org.springframework.web.servlet.ModelAndView org.springframework.boot.autoconfigure.web.servlet.error.BasicErrorController.errorHtml(javax.servlet.http.HttpServletRequest,javax.servlet.http.HttpServletResponse)
2020-07-22 23:10:02.368  INFO 10820 --- [restartedMain] o.s.w.s.handler.SimpleUrlHandlerMapping  : Root mapping to handler of type [class org.springframework.web.servlet.mvc.ParameterizableViewController]
2020-07-22 23:10:02.368  INFO 10820 --- [restartedMain] o.s.w.s.handler.SimpleUrlHandlerMapping  : Mapped URL path [/abc] onto handler of type [class org.springframework.web.servlet.mvc.ParameterizableViewController]
2020-07-22 23:10:02.368  INFO 10820 --- [restartedMain] o.s.w.s.handler.SimpleUrlHandlerMapping  : Mapped URL path [/login] onto handler of type [class org.springframework.web.servlet.mvc.ParameterizableViewController]
2020-07-22 23:10:02.377  INFO 10820 --- [restartedMain] o.s.w.s.handler.SimpleUrlHandlerMapping  : Mapped URL path [/webjars/**] onto handler of type [class org.springframework.web.servlet.resource.ResourceHttpRequestHandler]
2020-07-22 23:10:02.377  INFO 10820 --- [restartedMain] o.s.w.s.handler.SimpleUrlHandlerMapping  : Mapped URL path [/**] onto handler of type [class org.springframework.web.servlet.resource.ResourceHttpRequestHandler]
2020-07-22 23:10:02.695  INFO 10820 --- [restartedMain] o.s.b.d.a.OptionalLiveReloadServer       : LiveReload server is running on port 35729
2020-07-22 23:10:02.706  INFO 10820 --- [restartedMain] o.s.b.a.e.web.EndpointLinksResolver      : Exposing 2 endpoint(s) beneath base path '/actuator'
2020-07-22 23:10:02.713  INFO 10820 --- [restartedMain] s.b.a.e.w.s.WebMvcEndpointHandlerMapping : Mapped "{[/actuator/health],methods=[GET],produces=[application/vnd.spring-boot.actuator.v2+json || application/json]}" onto public java.lang.Object org.springframework.boot.actuate.endpoint.web.servlet.AbstractWebMvcEndpointHandlerMapping$OperationHandler.handle(javax.servlet.http.HttpServletRequest,java.util.Map<java.lang.String, java.lang.String>)
2020-07-22 23:10:02.714  INFO 10820 --- [restartedMain] s.b.a.e.w.s.WebMvcEndpointHandlerMapping : Mapped "{[/actuator/info],methods=[GET],produces=[application/vnd.spring-boot.actuator.v2+json || application/json]}" onto public java.lang.Object org.springframework.boot.actuate.endpoint.web.servlet.AbstractWebMvcEndpointHandlerMapping$OperationHandler.handle(javax.servlet.http.HttpServletRequest,java.util.Map<java.lang.String, java.lang.String>)
2020-07-22 23:10:02.714  INFO 10820 --- [restartedMain] s.b.a.e.w.s.WebMvcEndpointHandlerMapping : Mapped "{[/actuator],methods=[GET],produces=[application/vnd.spring-boot.actuator.v2+json || application/json]}" onto protected java.util.Map<java.lang.String, java.util.Map<java.lang.String, org.springframework.boot.actuate.endpoint.web.Link>> org.springframework.boot.actuate.endpoint.web.servlet.WebMvcEndpointHandlerMapping.links(javax.servlet.http.HttpServletRequest,javax.servlet.http.HttpServletResponse)
2020-07-22 23:10:02.751  INFO 10820 --- [restartedMain] o.s.j.e.a.AnnotationMBeanExporter        : Registering beans for JMX exposure on startup
2020-07-22 23:10:02.752  INFO 10820 --- [restartedMain] o.s.j.e.a.AnnotationMBeanExporter        : Bean with name 'dataSource' has been autodetected for JMX exposure
2020-07-22 23:10:02.757  INFO 10820 --- [restartedMain] o.s.j.e.a.AnnotationMBeanExporter        : Located MBean 'dataSource': registering with JMX server as MBean [com.zaxxer.hikari:name=dataSource,type=HikariDataSource]
2020-07-22 23:10:02.783  INFO 10820 --- [restartedMain] o.s.b.w.embedded.tomcat.TomcatWebServer  : Tomcat started on port(s): 9090 (http) with context path ''
2020-07-22 23:10:02.785  INFO 10820 --- [restartedMain] tacos.TacoCloudApplication               : Started TacoCloudApplication in 4.442 seconds (JVM running for 5.376)
2020-07-22 23:10:03.701  INFO 10820 --- [RMI TCP Connection(3)-192.168.1.101] o.a.c.c.C.[Tomcat].[localhost].[/]       : Initializing Spring FrameworkServlet 'dispatcherServlet'
2020-07-22 23:10:03.701  INFO 10820 --- [RMI TCP Connection(3)-192.168.1.101] o.s.web.servlet.DispatcherServlet        : FrameworkServlet 'dispatcherServlet': initialization started
2020-07-22 23:10:03.712  INFO 10820 --- [RMI TCP Connection(3)-192.168.1.101] o.s.web.servlet.DispatcherServlet        : FrameworkServlet 'dispatcherServlet': initialization completed in 11 ms
2020-07-22 23:10:08.784 DEBUG 10820 --- [http-nio-9090-exec-1] o.s.security.web.FilterChainProxy        : / at position 1 of 12 in additional filter chain; firing Filter: 'WebAsyncManagerIntegrationFilter'
2020-07-22 23:10:08.785 DEBUG 10820 --- [http-nio-9090-exec-1] o.s.security.web.FilterChainProxy        : / at position 2 of 12 in additional filter chain; firing Filter: 'SecurityContextPersistenceFilter'
2020-07-22 23:10:08.785 DEBUG 10820 --- [http-nio-9090-exec-1] w.c.HttpSessionSecurityContextRepository : No HttpSession currently exists
2020-07-22 23:10:08.785 DEBUG 10820 --- [http-nio-9090-exec-1] w.c.HttpSessionSecurityContextRepository : No SecurityContext was available from the HttpSession: null. A new one will be created.
2020-07-22 23:10:08.787 DEBUG 10820 --- [http-nio-9090-exec-1] o.s.security.web.FilterChainProxy        : / at position 3 of 12 in additional filter chain; firing Filter: 'HeaderWriterFilter'
2020-07-22 23:10:08.787 DEBUG 10820 --- [http-nio-9090-exec-1] o.s.security.web.FilterChainProxy        : / at position 4 of 12 in additional filter chain; firing Filter: 'CsrfFilter'
2020-07-22 23:10:08.788 DEBUG 10820 --- [http-nio-9090-exec-1] o.s.s.w.util.matcher.AndRequestMatcher   : Trying to match using org.springframework.security.web.csrf.CsrfFilter$DefaultRequiresCsrfMatcher@46dd5c84
2020-07-22 23:10:08.788 DEBUG 10820 --- [http-nio-9090-exec-1] o.s.s.w.util.matcher.AndRequestMatcher   : Did not match
2020-07-22 23:10:08.788 DEBUG 10820 --- [http-nio-9090-exec-1] o.s.security.web.FilterChainProxy        : / at position 5 of 12 in additional filter chain; firing Filter: 'LogoutFilter'
2020-07-22 23:10:08.788 DEBUG 10820 --- [http-nio-9090-exec-1] o.s.s.w.u.matcher.AntPathRequestMatcher  : Request 'GET /' doesn't match 'POST /logout
2020-07-22 23:10:08.788 DEBUG 10820 --- [http-nio-9090-exec-1] o.s.security.web.FilterChainProxy        : / at position 6 of 12 in additional filter chain; firing Filter: 'UsernamePasswordAuthenticationFilter'
2020-07-22 23:10:08.788 DEBUG 10820 --- [http-nio-9090-exec-1] o.s.s.w.u.matcher.AntPathRequestMatcher  : Request 'GET /' doesn't match 'POST /login
2020-07-22 23:10:08.788 DEBUG 10820 --- [http-nio-9090-exec-1] o.s.security.web.FilterChainProxy        : / at position 7 of 12 in additional filter chain; firing Filter: 'RequestCacheAwareFilter'
2020-07-22 23:10:08.788 DEBUG 10820 --- [http-nio-9090-exec-1] o.s.security.web.FilterChainProxy        : / at position 8 of 12 in additional filter chain; firing Filter: 'SecurityContextHolderAwareRequestFilter'
2020-07-22 23:10:08.789 DEBUG 10820 --- [http-nio-9090-exec-1] o.s.security.web.FilterChainProxy        : / at position 9 of 12 in additional filter chain; firing Filter: 'AnonymousAuthenticationFilter'
2020-07-22 23:10:08.790 DEBUG 10820 --- [http-nio-9090-exec-1] o.s.s.w.a.AnonymousAuthenticationFilter  : Populated SecurityContextHolder with anonymous token: 'org.springframework.security.authentication.AnonymousAuthenticationToken@878398c6: Principal: anonymousUser; Credentials: [PROTECTED]; Authenticated: true; Details: org.springframework.security.web.authentication.WebAuthenticationDetails@b364: RemoteIpAddress: 0:0:0:0:0:0:0:1; SessionId: null; Granted Authorities: ROLE_ANONYMOUS'
2020-07-22 23:10:08.790 DEBUG 10820 --- [http-nio-9090-exec-1] o.s.security.web.FilterChainProxy        : / at position 10 of 12 in additional filter chain; firing Filter: 'SessionManagementFilter'
2020-07-22 23:10:08.790 DEBUG 10820 --- [http-nio-9090-exec-1] o.s.security.web.FilterChainProxy        : / at position 11 of 12 in additional filter chain; firing Filter: 'ExceptionTranslationFilter'
2020-07-22 23:10:08.790 DEBUG 10820 --- [http-nio-9090-exec-1] o.s.security.web.FilterChainProxy        : / at position 12 of 12 in additional filter chain; firing Filter: 'FilterSecurityInterceptor'
2020-07-22 23:10:08.790 DEBUG 10820 --- [http-nio-9090-exec-1] o.s.s.w.u.matcher.AntPathRequestMatcher  : Checking match of request : '/'; against '/design'
2020-07-22 23:10:08.790 DEBUG 10820 --- [http-nio-9090-exec-1] o.s.s.w.u.matcher.AntPathRequestMatcher  : Checking match of request : '/'; against '/orders'
2020-07-22 23:10:08.790 DEBUG 10820 --- [http-nio-9090-exec-1] o.s.s.w.u.matcher.AntPathRequestMatcher  : Checking match of request : '/'; against '/'
2020-07-22 23:10:08.790 DEBUG 10820 --- [http-nio-9090-exec-1] o.s.s.w.a.i.FilterSecurityInterceptor    : Secure object: FilterInvocation: URL: /; Attributes: [permitAll]
2020-07-22 23:10:08.790 DEBUG 10820 --- [http-nio-9090-exec-1] o.s.s.w.a.i.FilterSecurityInterceptor    : Previously Authenticated: org.springframework.security.authentication.AnonymousAuthenticationToken@878398c6: Principal: anonymousUser; Credentials: [PROTECTED]; Authenticated: true; Details: org.springframework.security.web.authentication.WebAuthenticationDetails@b364: RemoteIpAddress: 0:0:0:0:0:0:0:1; SessionId: null; Granted Authorities: ROLE_ANONYMOUS
2020-07-22 23:10:08.793 DEBUG 10820 --- [http-nio-9090-exec-1] o.s.s.access.vote.AffirmativeBased       : Voter: org.springframework.security.web.access.expression.WebExpressionVoter@60699ff9, returned: 1
2020-07-22 23:10:08.794 DEBUG 10820 --- [http-nio-9090-exec-1] o.s.s.w.a.i.FilterSecurityInterceptor    : Authorization successful
2020-07-22 23:10:08.794 DEBUG 10820 --- [http-nio-9090-exec-1] o.s.s.w.a.i.FilterSecurityInterceptor    : RunAsManager did not change Authentication object
2020-07-22 23:10:08.794 DEBUG 10820 --- [http-nio-9090-exec-1] o.s.security.web.FilterChainProxy        : / reached end of additional filter chain; proceeding with original chain
2020-07-22 23:10:09.000 DEBUG 10820 --- [http-nio-9090-exec-1] o.s.s.w.header.writers.HstsHeaderWriter  : Not injecting HSTS header since it did not match the requestMatcher org.springframework.security.web.header.writers.HstsHeaderWriter$SecureRequestMatcher@61083b4a
2020-07-22 23:10:09.001 DEBUG 10820 --- [http-nio-9090-exec-1] w.c.HttpSessionSecurityContextRepository : SecurityContext is empty or contents are anonymous - context will not be stored in HttpSession.
2020-07-22 23:10:09.008 DEBUG 10820 --- [http-nio-9090-exec-1] o.s.s.w.a.ExceptionTranslationFilter     : Chain processed normally
2020-07-22 23:10:09.008 DEBUG 10820 --- [http-nio-9090-exec-1] s.s.w.c.SecurityContextPersistenceFilter : SecurityContextHolder now cleared, as request processing completed
2020-07-22 23:10:09.031 DEBUG 10820 --- [http-nio-9090-exec-3] o.s.security.web.FilterChainProxy        : /images/TacoCloud.png at position 1 of 12 in additional filter chain; firing Filter: 'WebAsyncManagerIntegrationFilter'
2020-07-22 23:10:09.031 DEBUG 10820 --- [http-nio-9090-exec-3] o.s.security.web.FilterChainProxy        : /images/TacoCloud.png at position 2 of 12 in additional filter chain; firing Filter: 'SecurityContextPersistenceFilter'
2020-07-22 23:10:09.031 DEBUG 10820 --- [http-nio-9090-exec-3] w.c.HttpSessionSecurityContextRepository : HttpSession returned null object for SPRING_SECURITY_CONTEXT
2020-07-22 23:10:09.031 DEBUG 10820 --- [http-nio-9090-exec-3] w.c.HttpSessionSecurityContextRepository : No SecurityContext was available from the HttpSession: org.apache.catalina.session.StandardSessionFacade@4b2c3ef. A new one will be created.
2020-07-22 23:10:09.032 DEBUG 10820 --- [http-nio-9090-exec-3] o.s.security.web.FilterChainProxy        : /images/TacoCloud.png at position 3 of 12 in additional filter chain; firing Filter: 'HeaderWriterFilter'
2020-07-22 23:10:09.032 DEBUG 10820 --- [http-nio-9090-exec-3] o.s.security.web.FilterChainProxy        : /images/TacoCloud.png at position 4 of 12 in additional filter chain; firing Filter: 'CsrfFilter'
2020-07-22 23:10:09.032 DEBUG 10820 --- [http-nio-9090-exec-3] o.s.s.w.util.matcher.AndRequestMatcher   : Trying to match using org.springframework.security.web.csrf.CsrfFilter$DefaultRequiresCsrfMatcher@46dd5c84
2020-07-22 23:10:09.032 DEBUG 10820 --- [http-nio-9090-exec-3] o.s.s.w.util.matcher.AndRequestMatcher   : Did not match
2020-07-22 23:10:09.032 DEBUG 10820 --- [http-nio-9090-exec-3] o.s.security.web.FilterChainProxy        : /images/TacoCloud.png at position 5 of 12 in additional filter chain; firing Filter: 'LogoutFilter'
2020-07-22 23:10:09.032 DEBUG 10820 --- [http-nio-9090-exec-3] o.s.s.w.u.matcher.AntPathRequestMatcher  : Request 'GET /images/TacoCloud.png' doesn't match 'POST /logout
2020-07-22 23:10:09.032 DEBUG 10820 --- [http-nio-9090-exec-3] o.s.security.web.FilterChainProxy        : /images/TacoCloud.png at position 6 of 12 in additional filter chain; firing Filter: 'UsernamePasswordAuthenticationFilter'
2020-07-22 23:10:09.032 DEBUG 10820 --- [http-nio-9090-exec-3] o.s.s.w.u.matcher.AntPathRequestMatcher  : Request 'GET /images/TacoCloud.png' doesn't match 'POST /login
2020-07-22 23:10:09.032 DEBUG 10820 --- [http-nio-9090-exec-3] o.s.security.web.FilterChainProxy        : /images/TacoCloud.png at position 7 of 12 in additional filter chain; firing Filter: 'RequestCacheAwareFilter'
2020-07-22 23:10:09.032 DEBUG 10820 --- [http-nio-9090-exec-3] o.s.security.web.FilterChainProxy        : /images/TacoCloud.png at position 8 of 12 in additional filter chain; firing Filter: 'SecurityContextHolderAwareRequestFilter'
2020-07-22 23:10:09.032 DEBUG 10820 --- [http-nio-9090-exec-3] o.s.security.web.FilterChainProxy        : /images/TacoCloud.png at position 9 of 12 in additional filter chain; firing Filter: 'AnonymousAuthenticationFilter'
2020-07-22 23:10:09.032 DEBUG 10820 --- [http-nio-9090-exec-3] o.s.s.w.a.AnonymousAuthenticationFilter  : Populated SecurityContextHolder with anonymous token: 'org.springframework.security.authentication.AnonymousAuthenticationToken@928af176: Principal: anonymousUser; Credentials: [PROTECTED]; Authenticated: true; Details: org.springframework.security.web.authentication.WebAuthenticationDetails@fffde5d4: RemoteIpAddress: 0:0:0:0:0:0:0:1; SessionId: 1E0A2171F0CEC700A1EFFDB668821485; Granted Authorities: ROLE_ANONYMOUS'
2020-07-22 23:10:09.032 DEBUG 10820 --- [http-nio-9090-exec-3] o.s.security.web.FilterChainProxy        : /images/TacoCloud.png at position 10 of 12 in additional filter chain; firing Filter: 'SessionManagementFilter'
2020-07-22 23:10:09.033 DEBUG 10820 --- [http-nio-9090-exec-3] o.s.security.web.FilterChainProxy        : /images/TacoCloud.png at position 11 of 12 in additional filter chain; firing Filter: 'ExceptionTranslationFilter'
2020-07-22 23:10:09.033 DEBUG 10820 --- [http-nio-9090-exec-3] o.s.security.web.FilterChainProxy        : /images/TacoCloud.png at position 12 of 12 in additional filter chain; firing Filter: 'FilterSecurityInterceptor'
2020-07-22 23:10:09.033 DEBUG 10820 --- [http-nio-9090-exec-3] o.s.s.w.u.matcher.AntPathRequestMatcher  : Checking match of request : '/images/TacoCloud.png'; against '/design'
2020-07-22 23:10:09.033 DEBUG 10820 --- [http-nio-9090-exec-3] o.s.s.w.u.matcher.AntPathRequestMatcher  : Checking match of request : '/images/TacoCloud.png'; against '/orders'
2020-07-22 23:10:09.033 DEBUG 10820 --- [http-nio-9090-exec-3] o.s.s.w.u.matcher.AntPathRequestMatcher  : Checking match of request : '/images/TacoCloud.png'; against '/'
2020-07-22 23:10:09.033 DEBUG 10820 --- [http-nio-9090-exec-3] o.s.s.w.u.matcher.AntPathRequestMatcher  : Request '/images/TacoCloud.png' matched by universal pattern '/**'
2020-07-22 23:10:09.033 DEBUG 10820 --- [http-nio-9090-exec-3] o.s.s.w.a.i.FilterSecurityInterceptor    : Secure object: FilterInvocation: URL: /images/TacoCloud.png; Attributes: [permitAll]
2020-07-22 23:10:09.033 DEBUG 10820 --- [http-nio-9090-exec-3] o.s.s.w.a.i.FilterSecurityInterceptor    : Previously Authenticated: org.springframework.security.authentication.AnonymousAuthenticationToken@928af176: Principal: anonymousUser; Credentials: [PROTECTED]; Authenticated: true; Details: org.springframework.security.web.authentication.WebAuthenticationDetails@fffde5d4: RemoteIpAddress: 0:0:0:0:0:0:0:1; SessionId: 1E0A2171F0CEC700A1EFFDB668821485; Granted Authorities: ROLE_ANONYMOUS
2020-07-22 23:10:09.033 DEBUG 10820 --- [http-nio-9090-exec-3] o.s.s.access.vote.AffirmativeBased       : Voter: org.springframework.security.web.access.expression.WebExpressionVoter@60699ff9, returned: 1
2020-07-22 23:10:09.034 DEBUG 10820 --- [http-nio-9090-exec-3] o.s.s.w.a.i.FilterSecurityInterceptor    : Authorization successful
2020-07-22 23:10:09.034 DEBUG 10820 --- [http-nio-9090-exec-3] o.s.s.w.a.i.FilterSecurityInterceptor    : RunAsManager did not change Authentication object
2020-07-22 23:10:09.034 DEBUG 10820 --- [http-nio-9090-exec-3] o.s.security.web.FilterChainProxy        : /images/TacoCloud.png reached end of additional filter chain; proceeding with original chain
2020-07-22 23:10:09.047 DEBUG 10820 --- [http-nio-9090-exec-3] o.s.s.w.header.writers.HstsHeaderWriter  : Not injecting HSTS header since it did not match the requestMatcher org.springframework.security.web.header.writers.HstsHeaderWriter$SecureRequestMatcher@61083b4a
2020-07-22 23:10:09.047 DEBUG 10820 --- [http-nio-9090-exec-3] w.c.HttpSessionSecurityContextRepository : SecurityContext is empty or contents are anonymous - context will not be stored in HttpSession.
2020-07-22 23:10:09.050 DEBUG 10820 --- [http-nio-9090-exec-3] o.s.s.w.a.ExceptionTranslationFilter     : Chain processed normally
2020-07-22 23:10:09.050 DEBUG 10820 --- [http-nio-9090-exec-3] s.s.w.c.SecurityContextPersistenceFilter : SecurityContextHolder now cleared, as request processing completed
